2018-10-17 11:18:23	Initialized. Chain height: -1, Txs: 0
2018-10-17 11:18:23	Entity (00000101, 0000000000000000000000000000000000000000) added successfully
2018-10-17 11:18:23	Entity (00000201, 0000000000000000000000000000000000000000) added successfully
2018-10-17 11:18:23	Entity (00000102, 0000000000000000000000000000000000000000) added successfully
2018-10-17 11:18:23	Entity (00000202, 0000000000000000000000000000000000000000) added successfully
2018-10-17 11:18:23	Entity (00000103, e84f51c217b76a735296bd3c450e42f41358d3d1) added successfully
2018-10-17 11:18:23	Entity (00000203, e84f51c217b76a735296bd3c450e42f41358d3d1) added successfully
2018-10-17 11:18:23	Entity (00000105, 00000000b5dd4075d770004eeacfc554cc00ec98) added successfully
2018-10-17 11:18:23	Entity (00000205, 00000000b5dd4075d770004eeacfc554cc00ec98) added successfully
2018-10-17 11:18:23	Entity (00000106, 00000000b5dd4075d770004eeacfc554cc00ec98) added successfully
2018-10-17 11:18:23	Entity (00000206, 00000000b5dd4075d770004eeacfc554cc00ec98) added successfully
2018-10-17 11:18:23	Entity (00000107, 00000000b5dd4075d770004eeacfc554cc00ec98) added successfully
2018-10-17 11:18:23	Entity (00000207, 00000000b5dd4075d770004eeacfc554cc00ec98) added successfully
2018-10-17 11:18:23	NewBlock 0, Txs: 0, Rows: 0
2018-10-17 11:18:23	NewTx 9f040d245ebbb12d48c672fee532861e4bcd76ffc96c95e3dc3d560a95e30a1b, block 1, flags 00000006, import 0
2018-10-17 11:18:23	NewBlock 1, Txs: 1, Rows: 6
2018-10-17 11:18:23	NewBlock 2, Txs: 0, Rows: 0
2018-10-17 11:18:23	Rolled back to block 1 successfully
2018-10-17 11:18:23	Rolled back to block 0 successfully
2018-10-17 11:18:23	Setting flag 00000001 to tx 9f040d245ebbb12d48c672fee532861e4bcd76ffc96c95e3dc3d560a95e30a1b
2018-10-17 11:18:23	NewBlock 1, Txs: 0, Rows: 0
2018-10-17 11:18:23	NewBlock 2, Txs: 0, Rows: 0
2018-10-17 11:18:24	NewBlock 3, Txs: 0, Rows: 0
2018-10-17 11:18:24	NewBlock 4, Txs: 0, Rows: 0
2018-10-17 11:18:24	NewBlock 5, Txs: 0, Rows: 0
2018-10-17 11:18:24	NewBlock 6, Txs: 0, Rows: 0
2018-10-17 11:18:24	NewBlock 7, Txs: 0, Rows: 0
2018-10-17 11:18:24	NewBlock 8, Txs: 0, Rows: 0
2018-10-17 11:18:24	NewBlock 9, Txs: 0, Rows: 0
2018-10-17 11:18:24	NewBlock 10, Txs: 0, Rows: 0
2018-10-17 11:18:24	NewBlock 11, Txs: 0, Rows: 0
2018-10-17 11:18:24	NewBlock 12, Txs: 0, Rows: 0
2018-10-17 11:18:24	NewBlock 13, Txs: 0, Rows: 0
2018-10-17 11:18:24	NewBlock 14, Txs: 0, Rows: 0
2018-10-17 11:18:24	NewBlock 15, Txs: 0, Rows: 0
2018-10-17 11:18:24	NewBlock 16, Txs: 0, Rows: 0
2018-10-17 11:18:24	NewBlock 17, Txs: 0, Rows: 0
2018-10-17 11:18:24	NewBlock 18, Txs: 0, Rows: 0
2018-10-17 11:18:24	NewBlock 19, Txs: 0, Rows: 0
2018-10-17 11:18:24	NewBlock 20, Txs: 0, Rows: 0
2018-10-17 11:18:24	NewBlock 21, Txs: 0, Rows: 0
2018-10-17 11:18:24	NewBlock 22, Txs: 0, Rows: 0
2018-10-17 11:18:25	NewBlock 23, Txs: 0, Rows: 0
2018-10-17 11:18:25	NewBlock 24, Txs: 0, Rows: 0
2018-10-17 11:18:25	NewBlock 25, Txs: 0, Rows: 0
2018-10-17 11:18:25	NewBlock 26, Txs: 0, Rows: 0
2018-10-17 11:18:25	NewBlock 27, Txs: 0, Rows: 0
2018-10-17 11:18:25	NewBlock 28, Txs: 0, Rows: 0
2018-10-17 11:18:25	NewBlock 29, Txs: 0, Rows: 0
2018-10-17 11:18:25	NewBlock 30, Txs: 0, Rows: 0
2018-10-17 11:18:25	NewBlock 31, Txs: 0, Rows: 0
2018-10-17 11:18:25	NewBlock 32, Txs: 0, Rows: 0
2018-10-17 11:18:25	NewBlock 33, Txs: 0, Rows: 0
2018-10-17 11:18:25	NewBlock 34, Txs: 0, Rows: 0
2018-10-17 11:18:25	NewBlock 35, Txs: 0, Rows: 0
2018-10-17 11:18:25	NewBlock 36, Txs: 0, Rows: 0
2018-10-17 11:18:25	NewBlock 37, Txs: 0, Rows: 0
2018-10-17 11:18:25	NewBlock 38, Txs: 0, Rows: 0
2018-10-17 11:18:25	NewBlock 39, Txs: 0, Rows: 0
2018-10-17 11:18:25	NewBlock 40, Txs: 0, Rows: 0
2018-10-17 11:18:25	NewBlock 41, Txs: 0, Rows: 0
2018-10-17 11:18:26	NewBlock 42, Txs: 0, Rows: 0
2018-10-17 11:18:26	NewBlock 43, Txs: 0, Rows: 0
2018-10-17 11:18:26	NewBlock 44, Txs: 0, Rows: 0
2018-10-17 11:18:26	NewBlock 45, Txs: 0, Rows: 0
2018-10-17 11:18:26	NewBlock 46, Txs: 0, Rows: 0
2018-10-17 11:18:26	NewBlock 47, Txs: 0, Rows: 0
2018-10-17 11:18:26	NewBlock 48, Txs: 0, Rows: 0
2018-10-17 11:18:26	NewBlock 49, Txs: 0, Rows: 0
2018-10-17 11:18:26	NewBlock 50, Txs: 0, Rows: 0
2018-10-17 11:18:26	NewBlock 51, Txs: 0, Rows: 0
2018-10-17 11:18:26	NewBlock 52, Txs: 0, Rows: 0
2018-10-17 11:18:26	NewBlock 53, Txs: 0, Rows: 0
2018-10-17 11:18:26	NewBlock 54, Txs: 0, Rows: 0
2018-10-17 11:18:26	NewBlock 55, Txs: 0, Rows: 0
2018-10-17 11:18:26	NewBlock 56, Txs: 0, Rows: 0
2018-10-17 11:18:26	NewBlock 57, Txs: 0, Rows: 0
2018-10-17 11:18:26	NewTx 1ea5905f433091100b9669e9d9b61b436aa6ba6316be5a068b7877005d88a1af, block 58, flags 00000004, import 0
2018-10-17 11:18:26	NewBlock 58, Txs: 1, Rows: 6
2018-10-17 11:18:27	NewBlock 59, Txs: 0, Rows: 0
2018-10-17 11:18:27	NewBlock 60, Txs: 0, Rows: 0
2018-10-17 11:18:27	NewBlock 61, Txs: 0, Rows: 0
2018-10-17 11:18:27	NewBlock 62, Txs: 0, Rows: 0
2018-10-17 11:18:27	NewBlock 63, Txs: 0, Rows: 0
2018-10-17 11:18:44	NewBlock 64, Txs: 0, Rows: 0
2018-10-17 11:18:49	NewBlock 65, Txs: 0, Rows: 0
2018-10-17 11:19:03	NewBlock 66, Txs: 0, Rows: 0
2018-10-17 11:19:30	NewBlock 67, Txs: 0, Rows: 0
2018-10-17 11:19:36	NewBlock 68, Txs: 0, Rows: 0
2018-10-17 11:19:50	NewBlock 69, Txs: 0, Rows: 0
2018-10-17 11:20:10	NewBlock 70, Txs: 0, Rows: 0
2018-10-17 11:20:27	NewBlock 71, Txs: 0, Rows: 0
2018-10-17 11:20:44	NewBlock 72, Txs: 0, Rows: 0
2018-10-17 11:20:57	NewBlock 73, Txs: 0, Rows: 0
2018-10-17 11:21:11	NewBlock 74, Txs: 0, Rows: 0
2018-10-17 11:21:21	NewBlock 75, Txs: 0, Rows: 0
2018-10-17 11:21:39	NewBlock 76, Txs: 0, Rows: 0
2018-10-17 11:21:57	NewBlock 77, Txs: 0, Rows: 0
2018-10-17 11:22:03	NewTx eff6b23da7addd7e8eb151d4add570b6d82dbdf72262f0ef69f8fcc345399887, block -1, flags 00000004, import 0
2018-10-17 11:22:10	NewTx 0938a54ffb6ee0f429743c18b5732cacbc8c2fd70776cd3663aa462382e08bc6, block -1, flags 00000004, import 0
2018-10-17 11:22:10	UpdateTx eff6b23da7, block 78, flags 00000004, import 0
2018-10-17 11:22:10	NewBlock 78, Txs: 5, Rows: 19
2018-10-17 11:22:10	UpdateTx 0938a54ffb, block -1, flags 00000004, import 0
2018-10-17 11:22:18	NewTx e9c8acb3b5c7c2953849b23c695dad3efbb5ffccf7d608ac6d7a07f8b693d906, block -1, flags 00000004, import 0
2018-10-17 11:22:23	UpdateTx 0938a54ffb, block 79, flags 00000004, import 0
2018-10-17 11:22:23	UpdateTx e9c8acb3b5, block 79, flags 00000004, import 0
2018-10-17 11:22:23	NewBlock 79, Txs: 2, Rows: 17
2018-10-17 11:22:25	NewTx 1dcf2935ba94f83191d9fdcd53b1605a7b78875124114a9a0e90c739b2f40ea6, block -1, flags 00000004, import 0
2018-10-17 11:22:33	NewTx ee5ee394949324b326581f4c57e857f81967af6b1c31da496bc5c6ddc7774c85, block -1, flags 00030004, import 0
2018-10-17 11:22:37	UpdateTx 1dcf2935ba, block 80, flags 00000004, import 0
2018-10-17 11:22:37	UpdateTx ee5ee39494, block 80, flags 00030004, import 0
2018-10-17 11:22:37	NewBlock 80, Txs: 4, Rows: 28
2018-10-17 11:22:40	NewTx 04d4b5d6a6ffaddbd8dc334cb6cc75638a98ae6545e108f68ae293a47493eb97, block -1, flags 00000004, import 0
2018-10-17 11:22:46	NewTx b485761036b47fbb81aa5c0c76316c3cf57344f79158d6b3fd70a225375e67f5, block -1, flags 00000004, import 0
2018-10-17 11:22:52	UpdateTx 04d4b5d6a6, block 81, flags 00000004, import 0
2018-10-17 11:22:52	UpdateTx b485761036, block 81, flags 00000004, import 0
2018-10-17 11:22:52	NewBlock 81, Txs: 4, Rows: 22
2018-10-17 11:23:06	NewBlock 82, Txs: 0, Rows: 0
2018-10-17 11:23:20	NewBlock 83, Txs: 0, Rows: 0
2018-10-17 11:23:39	NewBlock 84, Txs: 0, Rows: 0
2018-10-17 11:23:58	NewBlock 85, Txs: 0, Rows: 0
2018-10-17 11:24:09	NewBlock 86, Txs: 0, Rows: 0
2018-10-17 11:24:21	NewBlock 87, Txs: 0, Rows: 0
2018-10-17 11:24:38	NewBlock 88, Txs: 0, Rows: 0
2018-10-17 11:24:56	NewBlock 89, Txs: 0, Rows: 0
2018-10-17 11:25:12	NewBlock 90, Txs: 0, Rows: 0
2018-10-17 11:25:27	NewBlock 91, Txs: 0, Rows: 0
2018-10-17 11:25:45	NewBlock 92, Txs: 0, Rows: 0
2018-10-17 11:25:56	NewBlock 93, Txs: 0, Rows: 0
2018-10-17 11:26:09	NewBlock 94, Txs: 0, Rows: 0
2018-10-17 11:26:20	NewBlock 95, Txs: 0, Rows: 0
2018-10-17 11:29:04	NewBlock 96, Txs: 0, Rows: 0
2018-10-17 11:29:09	NewBlock 97, Txs: 0, Rows: 0
2018-10-17 11:29:16	NewBlock 98, Txs: 0, Rows: 0
2018-10-17 11:29:29	NewBlock 99, Txs: 0, Rows: 0
2018-10-17 11:29:35	NewBlock 100, Txs: 0, Rows: 0
2018-10-17 11:29:43	NewBlock 101, Txs: 0, Rows: 0
2018-10-17 11:29:54	NewBlock 102, Txs: 0, Rows: 0
2018-10-17 11:30:04	NewBlock 103, Txs: 0, Rows: 0
2018-10-17 11:30:19	NewBlock 104, Txs: 0, Rows: 0
2018-10-17 11:30:22	NewBlock 105, Txs: 0, Rows: 0
2018-10-17 11:30:47	NewBlock 106, Txs: 0, Rows: 0
2018-10-17 11:34:01	NewTx 1b373de3e258041efe0a352aaa446aefb48107011386d50938b13b6a47c15b73, block -1, flags 00030004, import 0
2018-10-17 11:34:13	UpdateTx 1b373de3e2, block 107, flags 00030004, import 0
2018-10-17 11:34:13	NewBlock 107, Txs: 1, Rows: 6
2018-10-17 11:34:25	NewBlock 108, Txs: 0, Rows: 0
2018-10-17 11:34:29	NewBlock 109, Txs: 0, Rows: 0
2018-10-17 11:34:35	NewBlock 110, Txs: 0, Rows: 0
2018-10-17 11:34:40	NewTx d9d0c36bdefcd234de566665208923a68bdb4ba736d5d4bb49ec0dfcbef181e1, block -1, flags 00030004, import 0
2018-10-17 11:34:44	UpdateTx d9d0c36bde, block 111, flags 00030004, import 0
2018-10-17 11:34:44	NewBlock 111, Txs: 1, Rows: 6
2018-10-17 11:34:47	NewBlock 112, Txs: 0, Rows: 0
2018-10-17 11:34:52	NewBlock 113, Txs: 0, Rows: 0
2018-10-17 11:34:56	NewBlock 114, Txs: 0, Rows: 0
2018-10-17 11:35:25	Initialized. Chain height: 114, Txs: 19
2018-10-17 11:35:37	NewBlock 115, Txs: 0, Rows: 0
2018-10-17 11:35:55	NewBlock 116, Txs: 0, Rows: 0
2018-10-17 11:36:09	NewBlock 117, Txs: 0, Rows: 0
2018-10-17 11:36:31	NewBlock 118, Txs: 0, Rows: 0
2018-10-17 11:36:50	NewBlock 119, Txs: 0, Rows: 0
2018-10-17 11:37:08	NewBlock 120, Txs: 0, Rows: 0
2018-10-17 11:37:24	NewBlock 121, Txs: 0, Rows: 0
2018-10-18 14:03:02	Initialized. Chain height: 121, Txs: 19
2018-10-18 14:03:30	NewTx 313ba6265b1fc8b501da17338ec1577b5161785814162ab10bd27a6b19442ae2, block -1, flags 00030004, import 0
2018-10-18 14:03:44	UpdateTx 313ba6265b, block 122, flags 00030004, import 0
2018-10-18 14:03:44	NewBlock 122, Txs: 1, Rows: 6
2018-10-18 14:03:57	NewBlock 123, Txs: 0, Rows: 0
2018-10-18 14:04:08	NewTx dd02e4f295395bcd9f583fd1ee0c020fd49f6a8a6bc1bcf79ae1fce8f2216992, block -1, flags 00030004, import 0
2018-10-18 14:04:20	UpdateTx dd02e4f295, block 124, flags 00030004, import 0
2018-10-18 14:04:20	NewBlock 124, Txs: 1, Rows: 6
2018-10-18 14:04:26	NewTx 2dad052eedbeb567be003d9ad0a08c4ab94eb7b0626586c77bb79afcd6c63478, block -1, flags 00030004, import 0
2018-10-18 14:04:39	UpdateTx 2dad052eed, block 125, flags 00030004, import 0
2018-10-18 14:04:39	NewBlock 125, Txs: 1, Rows: 6
2018-10-18 14:04:56	NewBlock 126, Txs: 0, Rows: 0
2018-10-18 14:05:12	NewBlock 127, Txs: 0, Rows: 0
2018-10-18 14:05:16	NewTx 79980d4abcc0b6090e551d0fabd8021548617f594f6fa74f63292647f6a30023, block -1, flags 00030004, import 0
2018-10-18 14:05:34	NewTx b50953ea2737e0924f537b7449f6c5d3f56fa6d0c55c4f06714e9781217a97cc, block -1, flags 00030004, import 0
2018-10-18 14:05:36	UpdateTx 79980d4abc, block 128, flags 00030004, import 0
2018-10-18 14:05:36	UpdateTx b50953ea27, block 128, flags 00030004, import 0
2018-10-18 14:05:36	NewBlock 128, Txs: 2, Rows: 12
2018-10-18 14:05:56	NewBlock 129, Txs: 0, Rows: 0
2018-10-18 14:06:15	NewBlock 130, Txs: 0, Rows: 0
2018-10-18 14:06:26	NewBlock 131, Txs: 0, Rows: 0
2018-10-18 14:06:47	NewBlock 132, Txs: 0, Rows: 0
2018-10-18 14:07:06	NewBlock 133, Txs: 0, Rows: 0
2018-10-18 14:07:14	NewBlock 134, Txs: 0, Rows: 0
2018-10-18 14:07:19	NewBlock 135, Txs: 0, Rows: 0
2018-10-18 14:07:29	NewBlock 136, Txs: 0, Rows: 0
2018-10-18 14:07:46	NewBlock 137, Txs: 0, Rows: 0
2018-10-18 14:08:03	NewTx e1f38c108e493c454d26ffec7730ea8f5f08b60f77b0c8e1d06445a1470f46c3, block -1, flags 00030004, import 0
2018-10-18 14:08:07	UpdateTx e1f38c108e, block 138, flags 00030004, import 0
2018-10-18 14:08:07	NewBlock 138, Txs: 1, Rows: 6
2018-10-18 14:08:26	Initialized. Chain height: 138, Txs: 25
2018-10-18 14:08:35	NewBlock 139, Txs: 0, Rows: 0
2018-10-18 14:08:41	NewTx 69c65c505186d0449b460603798e101d3a19f979ccab7f1fb26530b26caab126, block -1, flags 00030004, import 0
2018-10-18 14:08:42	UpdateTx 69c65c5051, block 140, flags 00030004, import 0
2018-10-18 14:08:42	NewBlock 140, Txs: 1, Rows: 6
2018-10-18 14:08:55	NewBlock 141, Txs: 0, Rows: 0
2018-10-18 14:08:58	NewTx 96e5d7b929606891c6d41a70e81a0639f24dcd516ce60cf45e4ed56246968906, block -1, flags 00030004, import 0
2018-10-18 14:09:11	UpdateTx 96e5d7b929, block 142, flags 00030004, import 0
2018-10-18 14:09:11	NewBlock 142, Txs: 1, Rows: 6
2018-10-18 14:09:28	NewBlock 143, Txs: 0, Rows: 0
2018-10-18 14:09:44	NewBlock 144, Txs: 0, Rows: 0
2018-10-18 14:10:02	NewBlock 145, Txs: 0, Rows: 0
2018-10-18 14:10:13	NewBlock 146, Txs: 0, Rows: 0
2018-10-18 14:10:31	NewBlock 147, Txs: 0, Rows: 0
2018-10-18 14:10:45	NewBlock 148, Txs: 0, Rows: 0
2018-10-18 14:10:58	NewBlock 149, Txs: 0, Rows: 0
2018-10-18 14:11:07	NewBlock 150, Txs: 0, Rows: 0
2018-10-18 14:11:30	NewBlock 151, Txs: 0, Rows: 0
2018-10-18 14:11:48	NewBlock 152, Txs: 0, Rows: 0
2018-10-18 15:39:22	NewTx 65a49f5e5cbf9f019de98a6a6aac0496aa4398581f2c67c63e1bef4371069f16, block -1, flags 00030004, import 0
2018-10-18 15:39:34	UpdateTx 65a49f5e5c, block 153, flags 00030004, import 0
2018-10-18 15:39:34	NewBlock 153, Txs: 1, Rows: 6
2018-10-18 15:39:40	NewBlock 154, Txs: 0, Rows: 0
2018-10-18 15:39:53	NewBlock 155, Txs: 0, Rows: 0
2018-10-18 15:40:04	NewBlock 156, Txs: 0, Rows: 0
2018-10-18 15:40:14	Rolled back to block 155 successfully
2018-10-18 15:40:14	NewBlock 156, Txs: 0, Rows: 0
2018-10-18 15:40:14	NewBlock 157, Txs: 0, Rows: 0
2018-10-18 15:40:19	NewBlock 158, Txs: 0, Rows: 0
2018-10-18 15:40:25	NewBlock 159, Txs: 0, Rows: 0
2018-10-18 15:40:30	NewBlock 160, Txs: 0, Rows: 0
2018-10-18 15:40:37	NewBlock 161, Txs: 0, Rows: 0
2018-10-18 15:40:43	NewBlock 162, Txs: 0, Rows: 0
2018-10-18 15:40:47	NewBlock 163, Txs: 0, Rows: 0
2018-10-18 16:32:03	Initialized. Chain height: 163, Txs: 28
2018-10-18 20:01:10	Initialized. Chain height: 163, Txs: 28
2018-10-18 20:01:56	NewTx 06dc2571a9d3da5446720e9d0f3dbdee378ff6081cd3e7728ddae2810a71e886, block -1, flags 00030004, import 0
2018-10-18 20:02:13	UpdateTx 06dc2571a9, block 164, flags 00030004, import 0
2018-10-18 20:02:13	NewBlock 164, Txs: 1, Rows: 6
2018-10-18 20:02:26	NewBlock 165, Txs: 0, Rows: 0
2018-10-18 20:03:36	Initialized. Chain height: 165, Txs: 29
2018-10-18 20:03:51	Rolled back to block 164 successfully
2018-10-18 20:03:51	Rolled back to block 163 successfully
2018-10-18 20:03:51	UpdateTx 06dc2571a9, block -1, flags 00030004, import 0
2018-10-18 20:03:52	UpdateTx 06dc2571a9, block 164, flags 00030004, import 0
2018-10-18 20:03:52	NewBlock 164, Txs: 0, Rows: 3
2018-10-18 20:03:52	NewBlock 165, Txs: 0, Rows: 0
2018-10-18 20:03:52	NewBlock 166, Txs: 0, Rows: 0
2018-10-18 20:04:10	NewBlock 167, Txs: 0, Rows: 0
2018-10-18 20:04:37	Initialized. Chain height: 167, Txs: 29
2018-10-18 20:04:40	NewBlock 168, Txs: 0, Rows: 0
2018-10-18 20:04:52	NewBlock 169, Txs: 0, Rows: 0
2018-10-18 20:06:33	Initialized. Chain height: 169, Txs: 29
2018-10-18 20:07:35	Initialized. Chain height: 169, Txs: 29
2018-10-18 20:07:49	Rolled back to block 168 successfully
2018-10-18 20:07:50	Rolled back to block 167 successfully
2018-10-18 20:07:50	Rolled back to block 166 successfully
2018-10-18 20:07:50	Rolled back to block 165 successfully
2018-10-18 20:07:51	Rolled back to block 164 successfully
2018-10-18 20:07:59	Rolled back to block 163 successfully
2018-10-18 20:07:59	UpdateTx 06dc2571a9, block -1, flags 00030004, import 0
2018-10-18 20:10:04	Initialized. Chain height: 163, Txs: 29
2018-10-18 20:10:07	UpdateTx 06dc2571a9, block 164, flags 00030004, import 0
2018-10-18 20:10:07	NewBlock 164, Txs: 0, Rows: 3
2018-10-18 20:10:07	NewBlock 165, Txs: 0, Rows: 0
2018-10-18 20:10:07	NewBlock 166, Txs: 0, Rows: 0
2018-10-18 20:10:08	NewBlock 167, Txs: 0, Rows: 0
2018-10-18 20:10:08	NewBlock 168, Txs: 0, Rows: 0
2018-10-18 20:10:08	NewBlock 169, Txs: 0, Rows: 0
2018-10-18 20:10:09	NewBlock 170, Txs: 0, Rows: 0
2018-10-18 20:11:37	Initialized. Chain height: 170, Txs: 29
2018-10-18 20:11:48	NewBlock 171, Txs: 0, Rows: 0
2018-10-18 20:12:05	NewBlock 172, Txs: 0, Rows: 0
2018-10-18 20:12:16	NewBlock 173, Txs: 0, Rows: 0
2018-10-18 20:12:19	NewTx 57d377682ec4e4e085465f917ba9fb5b1096187c2b55c6e545d4141c8c4c787c, block -1, flags 00030004, import 0
2018-10-18 20:12:36	UpdateTx 57d377682e, block 174, flags 00030004, import 0
2018-10-18 20:12:37	NewBlock 174, Txs: 1, Rows: 6
2018-10-18 20:12:55	Initialized. Chain height: 174, Txs: 30
2018-10-18 20:19:21	Initialized. Chain height: 174, Txs: 30
2018-10-18 20:19:23	NewBlock 175, Txs: 0, Rows: 0
2018-10-18 20:19:34	NewBlock 176, Txs: 0, Rows: 0
2018-10-18 20:19:36	NewTx 762cfc410c451794f1bd98e4c2d4544c923eef5c9d4833bda90703c7e4415acc, block -1, flags 00030004, import 0
2018-10-18 20:19:50	UpdateTx 762cfc410c, block 177, flags 00030004, import 0
2018-10-18 20:19:51	NewBlock 177, Txs: 1, Rows: 6
2018-10-18 20:30:30	Initialized. Chain height: 177, Txs: 31
2018-10-18 20:30:59	NewBlock 178, Txs: 0, Rows: 0
2018-10-18 20:31:15	NewBlock 179, Txs: 0, Rows: 0
2018-10-18 20:31:27	NewBlock 180, Txs: 0, Rows: 0
2018-10-18 20:31:47	NewBlock 181, Txs: 0, Rows: 0
2018-10-18 20:32:03	NewBlock 182, Txs: 0, Rows: 0
2018-10-18 20:32:19	NewBlock 183, Txs: 0, Rows: 0
2018-10-18 20:32:32	NewBlock 184, Txs: 0, Rows: 0
2018-10-18 20:32:53	NewBlock 185, Txs: 0, Rows: 0
2018-10-18 20:33:13	NewBlock 186, Txs: 0, Rows: 0
2018-10-18 20:33:32	NewBlock 187, Txs: 0, Rows: 0
2018-10-18 21:15:25	NewBlock 188, Txs: 0, Rows: 0
2018-10-18 21:15:43	NewBlock 189, Txs: 0, Rows: 0
2018-10-18 21:15:51	NewBlock 190, Txs: 0, Rows: 0
2018-10-18 21:15:56	NewBlock 191, Txs: 0, Rows: 0
2018-10-18 21:15:57	NewBlock 192, Txs: 0, Rows: 0
2018-10-18 21:16:08	NewBlock 193, Txs: 0, Rows: 0
2018-10-18 21:16:09	NewBlock 194, Txs: 0, Rows: 0
2018-10-18 21:16:09	NewBlock 195, Txs: 0, Rows: 0
2018-10-18 21:16:12	NewBlock 196, Txs: 0, Rows: 0
2018-10-18 21:16:23	NewBlock 197, Txs: 0, Rows: 0
2018-10-18 21:16:32	NewBlock 198, Txs: 0, Rows: 0
2018-10-18 21:16:37	NewBlock 199, Txs: 0, Rows: 0
2018-10-18 21:16:49	NewBlock 200, Txs: 0, Rows: 0
2018-10-18 21:20:37	NewTx b248d3d880744423e4b7ad1800b9ebd37bb379a259b4ecba40eaf73fea49d406, block -1, flags 00030004, import 0
2018-10-18 21:20:52	UpdateTx b248d3d880, block 201, flags 00030004, import 0
2018-10-18 21:20:53	NewBlock 201, Txs: 1, Rows: 6
2018-10-18 21:20:58	NewBlock 202, Txs: 0, Rows: 0
2018-10-18 21:21:03	NewBlock 203, Txs: 0, Rows: 0
2018-10-18 21:21:15	NewBlock 204, Txs: 0, Rows: 0
2018-10-18 21:21:19	NewBlock 205, Txs: 0, Rows: 0
2018-10-18 21:21:23	NewBlock 206, Txs: 0, Rows: 0
2018-10-18 21:21:26	NewBlock 207, Txs: 0, Rows: 0
2018-10-18 21:21:34	NewBlock 208, Txs: 0, Rows: 0
2018-10-18 21:21:43	NewBlock 209, Txs: 0, Rows: 0
2018-10-18 21:21:46	NewBlock 210, Txs: 0, Rows: 0
2018-10-18 21:22:11	NewBlock 211, Txs: 0, Rows: 0
2018-10-19 10:01:40	Initialized. Chain height: 211, Txs: 32
2018-10-19 10:02:27	NewTx 10831d0a5cf471ddf0f63c0324f55cfd2563cd756da9f6716f8c7fd21c29297d, block -1, flags 00030004, import 0
2018-10-19 10:02:40	UpdateTx 10831d0a5c, block 212, flags 00030004, import 0
2018-10-19 10:02:40	NewBlock 212, Txs: 1, Rows: 6
2018-10-20 12:07:35	Initialized. Chain height: 212, Txs: 33
2018-10-20 12:08:09	Rolled back to block 211 successfully
2018-10-20 12:08:09	UpdateTx 10831d0a5c, block -1, flags 00030004, import 0
2018-10-20 12:08:09	UpdateTx 10831d0a5c, block 212, flags 00030004, import 0
2018-10-20 12:08:09	NewBlock 212, Txs: 0, Rows: 3
2018-10-20 12:08:09	NewBlock 213, Txs: 0, Rows: 0
2018-10-20 12:08:14	NewBlock 214, Txs: 0, Rows: 0
2018-10-20 12:08:27	NewBlock 215, Txs: 0, Rows: 0
2018-10-20 12:08:50	NewBlock 216, Txs: 0, Rows: 0
2018-10-20 12:09:33	NewBlock 217, Txs: 0, Rows: 0
2018-10-20 12:09:34	NewBlock 218, Txs: 0, Rows: 0
2018-10-20 12:09:44	NewBlock 219, Txs: 0, Rows: 0
2018-10-20 12:10:07	NewBlock 220, Txs: 0, Rows: 0
2018-10-20 12:10:30	NewBlock 221, Txs: 0, Rows: 0
2018-10-20 12:10:49	NewBlock 222, Txs: 0, Rows: 0
2018-10-20 12:17:22	NewTx 760fbd6c6c8e2f9251f6e35ff58ab1aa48f95a3969e1dea0caae56e05c85a4b9, block -1, flags 00030004, import 0
2018-10-20 12:17:38	NewTx 846ea0b23abfe60a6b444b399c96da27d54bd718e6e7f47118d96baf28ee58eb, block -1, flags 00030004, import 0
2018-10-20 12:17:42	UpdateTx 760fbd6c6c, block 223, flags 00030004, import 0
2018-10-20 12:17:42	UpdateTx 846ea0b23a, block 223, flags 00030004, import 0
2018-10-20 12:17:42	NewBlock 223, Txs: 2, Rows: 12
2018-10-20 12:18:01	NewBlock 224, Txs: 0, Rows: 0
2018-10-20 12:18:17	NewBlock 225, Txs: 0, Rows: 0
2018-10-20 12:18:18	NewBlock 226, Txs: 0, Rows: 0
2018-10-20 12:18:19	NewBlock 227, Txs: 0, Rows: 0
2018-10-20 12:18:21	NewBlock 228, Txs: 0, Rows: 0
2018-10-20 12:18:27	NewBlock 229, Txs: 0, Rows: 0
2018-10-20 12:18:29	NewBlock 230, Txs: 0, Rows: 0
2018-10-20 12:18:32	NewBlock 231, Txs: 0, Rows: 0
2018-10-20 12:18:42	NewBlock 232, Txs: 0, Rows: 0
2018-10-20 12:18:51	NewBlock 233, Txs: 0, Rows: 0
2018-10-20 12:18:52	NewBlock 234, Txs: 0, Rows: 0
2018-10-24 22:09:42	Initialized. Chain height: 234, Txs: 35
2018-10-24 22:10:23	Rolled back to block 233 successfully
2018-10-24 22:10:23	Rolled back to block 232 successfully
2018-10-24 22:10:23	Rolled back to block 231 successfully
2018-10-24 22:10:23	Rolled back to block 230 successfully
2018-10-24 22:10:23	Rolled back to block 229 successfully
2018-10-24 22:10:24	Rolled back to block 228 successfully
2018-10-24 22:10:24	Rolled back to block 227 successfully
2018-10-24 22:10:24	Rolled back to block 226 successfully
2018-10-24 22:10:24	Rolled back to block 225 successfully
2018-10-24 22:10:24	Rolled back to block 224 successfully
2018-10-24 22:10:25	Rolled back to block 223 successfully
2018-10-24 22:10:25	Rolled back to block 222 successfully
2018-10-24 22:10:25	UpdateTx 760fbd6c6c, block -1, flags 00030004, import 0
2018-10-24 22:10:25	UpdateTx 846ea0b23a, block -1, flags 00030004, import 0
2018-10-24 22:10:25	Rolled back to block 221 successfully
2018-10-24 22:10:25	UpdateTx 760fbd6c6c, block -1, flags 00030004, import 0
2018-10-24 22:10:25	UpdateTx 846ea0b23a, block -1, flags 00030004, import 0
2018-10-24 22:10:25	Rolled back to block 220 successfully
2018-10-24 22:10:34	UpdateTx 760fbd6c6c, block -1, flags 00030004, import 0
2018-10-24 22:10:34	UpdateTx 846ea0b23a, block -1, flags 00030004, import 0
2018-10-24 22:10:34	Rolled back to block 219 successfully
2018-10-24 22:10:34	UpdateTx 760fbd6c6c, block -1, flags 00030004, import 0
2018-10-24 22:10:34	UpdateTx 846ea0b23a, block -1, flags 00030004, import 0
2018-10-24 22:10:42	Rolled back to block 218 successfully
2018-10-24 22:10:42	UpdateTx 760fbd6c6c, block -1, flags 00030004, import 0
2018-10-24 22:10:42	UpdateTx 846ea0b23a, block -1, flags 00030004, import 0
2018-10-24 22:10:43	Rolled back to block 217 successfully
2018-10-24 22:10:43	UpdateTx 760fbd6c6c, block -1, flags 00030004, import 0
2018-10-24 22:10:43	UpdateTx 846ea0b23a, block -1, flags 00030004, import 0
2018-10-24 22:10:43	Rolled back to block 216 successfully
2018-10-24 22:10:43	UpdateTx 760fbd6c6c, block -1, flags 00030004, import 0
2018-10-24 22:10:43	UpdateTx 846ea0b23a, block -1, flags 00030004, import 0
2018-10-24 22:10:43	Rolled back to block 215 successfully
2018-10-24 22:10:43	UpdateTx 760fbd6c6c, block -1, flags 00030004, import 0
2018-10-24 22:10:43	UpdateTx 846ea0b23a, block -1, flags 00030004, import 0
2018-10-24 22:10:44	Rolled back to block 214 successfully
2018-10-24 22:10:44	UpdateTx 760fbd6c6c, block -1, flags 00030004, import 0
2018-10-24 22:10:44	UpdateTx 846ea0b23a, block -1, flags 00030004, import 0
2018-10-24 22:10:44	Rolled back to block 213 successfully
2018-10-24 22:10:44	UpdateTx 760fbd6c6c, block -1, flags 00030004, import 0
2018-10-24 22:10:44	UpdateTx 846ea0b23a, block -1, flags 00030004, import 0
2018-10-24 22:10:44	Rolled back to block 212 successfully
2018-10-24 22:10:44	UpdateTx 760fbd6c6c, block -1, flags 00030004, import 0
2018-10-24 22:10:44	UpdateTx 846ea0b23a, block -1, flags 00030004, import 0
2018-10-24 22:10:45	Rolled back to block 211 successfully
2018-10-24 22:10:45	UpdateTx 10831d0a5c, block -1, flags 00030004, import 0
2018-10-24 22:10:45	UpdateTx 760fbd6c6c, block -1, flags 00030004, import 0
2018-10-24 22:10:45	UpdateTx 846ea0b23a, block -1, flags 00030004, import 0
2018-10-24 22:10:45	UpdateTx 10831d0a5c, block 212, flags 00030004, import 0
2018-10-24 22:10:45	NewBlock 212, Txs: 0, Rows: 3
2018-10-24 22:10:45	NewBlock 213, Txs: 0, Rows: 0
2018-10-24 22:10:45	NewBlock 214, Txs: 0, Rows: 0
2018-10-24 22:10:46	NewBlock 215, Txs: 0, Rows: 0
2018-10-24 22:10:46	NewBlock 216, Txs: 0, Rows: 0
2018-10-24 22:10:46	NewBlock 217, Txs: 0, Rows: 0
2018-10-24 22:10:46	NewBlock 218, Txs: 0, Rows: 0
2018-10-24 22:10:47	NewBlock 219, Txs: 0, Rows: 0
2018-10-24 22:10:47	NewBlock 220, Txs: 0, Rows: 0
2018-10-24 22:10:47	NewBlock 221, Txs: 0, Rows: 0
2018-10-24 22:10:48	NewBlock 222, Txs: 0, Rows: 0
2018-10-24 22:10:48	NewBlock 223, Txs: 0, Rows: 0
2018-10-24 22:10:48	NewBlock 224, Txs: 0, Rows: 0
2018-10-24 22:10:49	NewBlock 225, Txs: 0, Rows: 0
2018-10-24 22:10:49	NewBlock 226, Txs: 0, Rows: 0
2018-10-24 22:10:49	NewBlock 227, Txs: 0, Rows: 0
2018-10-24 22:10:50	NewBlock 228, Txs: 0, Rows: 0
2018-10-24 22:10:50	NewBlock 229, Txs: 0, Rows: 0
2018-10-24 22:10:50	NewBlock 230, Txs: 0, Rows: 0
2018-10-24 22:10:51	NewBlock 231, Txs: 0, Rows: 0
2018-10-24 22:10:51	NewBlock 232, Txs: 0, Rows: 0
2018-10-24 22:10:51	NewBlock 233, Txs: 0, Rows: 0
2018-10-24 22:10:52	NewBlock 234, Txs: 0, Rows: 0
2018-10-24 22:10:52	NewBlock 235, Txs: 0, Rows: 0
2018-10-24 22:10:52	UpdateTx 760fbd6c6c, block -1, flags 00030004, import 0
2018-10-24 22:10:52	UpdateTx 846ea0b23a, block -1, flags 00030004, import 0
2018-10-24 22:10:53	UpdateTx 760fbd6c6c, block 236, flags 00030004, import 0
2018-10-24 22:10:53	UpdateTx 846ea0b23a, block 236, flags 00030004, import 0
2018-10-24 22:10:53	NewBlock 236, Txs: 0, Rows: 6
2018-10-24 22:10:56	NewBlock 237, Txs: 0, Rows: 0
2018-10-24 22:11:18	NewBlock 238, Txs: 0, Rows: 0
2018-10-24 22:11:34	NewBlock 239, Txs: 0, Rows: 0
2018-10-24 22:11:52	NewBlock 240, Txs: 0, Rows: 0
2018-10-24 22:12:08	NewBlock 241, Txs: 0, Rows: 0
2018-10-24 22:12:30	NewBlock 242, Txs: 0, Rows: 0
2018-10-24 22:12:44	NewBlock 243, Txs: 0, Rows: 0
2018-10-24 22:13:07	NewBlock 244, Txs: 0, Rows: 0
2018-10-24 22:13:08	NewBlock 245, Txs: 0, Rows: 0
2018-10-24 22:13:29	NewBlock 246, Txs: 0, Rows: 0
2018-10-24 22:34:49	NewTx 5cc92047f0019bafcf72dbe5f0dbd7eb8f600f0b7c812748a9d3e08f3f37a6f0, block -1, flags 00030004, import 0
2018-10-24 22:34:58	UpdateTx 5cc92047f0, block 247, flags 00030004, import 0
2018-10-24 22:34:59	NewBlock 247, Txs: 1, Rows: 6
2018-10-24 22:35:02	NewBlock 248, Txs: 0, Rows: 0
2018-10-24 22:35:06	NewBlock 249, Txs: 0, Rows: 0
2018-10-24 22:35:07	NewBlock 250, Txs: 0, Rows: 0
2018-10-24 22:35:16	NewBlock 251, Txs: 0, Rows: 0
2018-10-24 22:35:21	NewBlock 252, Txs: 0, Rows: 0
2018-10-24 22:35:27	NewBlock 253, Txs: 0, Rows: 0
2018-10-24 22:35:39	NewBlock 254, Txs: 0, Rows: 0
2018-10-24 22:35:56	NewBlock 255, Txs: 0, Rows: 0
2018-10-24 22:35:57	NewBlock 256, Txs: 0, Rows: 0
2018-10-24 22:36:01	Rolled back to block 255 successfully
2018-10-24 22:36:02	NewBlock 256, Txs: 0, Rows: 0
2018-10-24 22:36:02	NewBlock 257, Txs: 0, Rows: 0
2018-10-26 00:16:53	Initialized. Chain height: 257, Txs: 36
2018-10-26 00:17:15	NewTx 8c7a64d03d35fd05e890eabbe6b2e01b930c0366cb8d9b728896031e1a305191, block -1, flags 00030004, import 0
2018-10-26 00:17:31	UpdateTx 8c7a64d03d, block 258, flags 00030004, import 0
2018-10-26 00:17:31	NewBlock 258, Txs: 1, Rows: 6
2018-10-26 00:17:32	NewBlock 259, Txs: 0, Rows: 0
2018-10-26 00:17:46	NewBlock 260, Txs: 0, Rows: 0
2018-10-26 00:17:46	NewTx 7b717247cc85dfa10c348eb0b290c84f7115dd7d119c7b8104a2f2694129d2a2, block -1, flags 00030004, import 0
2018-10-26 00:18:32	NewTx f6747841cea41c8fd53e152baef3450d28f1af03e9bd600e7175aa9d5d78d3d1, block -1, flags 00030004, import 0
2018-10-26 00:18:33	UpdateTx 7b717247cc, block 261, flags 00030004, import 0
2018-10-26 00:18:34	NewBlock 261, Txs: 2, Rows: 9
2018-10-26 00:18:34	UpdateTx f6747841ce, block -1, flags 00030004, import 0
2018-10-26 00:18:51	UpdateTx f6747841ce, block 262, flags 00030004, import 0
2018-10-26 00:18:51	NewBlock 262, Txs: 0, Rows: 3
2018-10-26 00:19:07	NewBlock 263, Txs: 0, Rows: 0
2018-10-26 00:19:08	NewBlock 264, Txs: 0, Rows: 0
2018-10-26 00:19:28	NewTx 8f802fbc3c31696c103f22bd66cc64c07e0077ab85eae3805874eceed8204509, block -1, flags 00030004, import 0
2018-10-26 00:19:31	UpdateTx 8f802fbc3c, block 265, flags 00030004, import 0
2018-10-26 00:19:31	NewBlock 265, Txs: 1, Rows: 6
2018-10-26 00:19:33	NewBlock 266, Txs: 0, Rows: 0
2018-10-26 00:19:54	NewBlock 267, Txs: 0, Rows: 0
2018-10-26 00:19:55	NewBlock 268, Txs: 0, Rows: 0
2018-10-26 00:20:11	NewTx ca261f81564a0b2760b87ce00088bcb9321f7b3b8916fafe40c11fc39f2ca3e5, block -1, flags 00030004, import 0
2018-10-26 00:20:16	UpdateTx ca261f8156, block 269, flags 00030004, import 0
2018-10-26 00:20:16	NewBlock 269, Txs: 1, Rows: 6
2018-10-26 00:20:18	NewBlock 270, Txs: 0, Rows: 0
2018-10-26 00:20:43	NewBlock 271, Txs: 0, Rows: 0
2018-10-26 00:21:02	NewBlock 272, Txs: 0, Rows: 0
2018-10-26 00:21:15	NewBlock 273, Txs: 0, Rows: 0
2018-10-26 00:21:31	NewBlock 274, Txs: 0, Rows: 0
2018-10-26 00:21:44	NewBlock 275, Txs: 0, Rows: 0
2018-10-26 00:21:58	NewBlock 276, Txs: 0, Rows: 0
2018-10-26 00:22:23	NewBlock 277, Txs: 0, Rows: 0
2018-10-26 00:22:23	NewBlock 278, Txs: 0, Rows: 0
2018-10-26 00:22:41	Rolled back to block 277 successfully
2018-10-26 00:22:41	NewBlock 278, Txs: 0, Rows: 0
2018-10-26 00:22:42	NewBlock 279, Txs: 0, Rows: 0
2018-10-26 00:22:54	NewBlock 280, Txs: 0, Rows: 0
2018-10-26 00:23:07	NewBlock 281, Txs: 0, Rows: 0
2018-10-29 12:57:41	Initialized. Chain height: 281, Txs: 41
2018-10-29 13:00:55	NewTx 917347696f1bd6c5aab09eab2cf46e9260fea4da5ed95c07499633ecea83c2c1, block -1, flags 00030004, import 0
2018-10-29 13:01:11	UpdateTx 917347696f, block 282, flags 00030004, import 0
2018-10-29 13:01:11	NewBlock 282, Txs: 1, Rows: 6
2018-10-29 13:01:24	NewBlock 283, Txs: 0, Rows: 0
2018-10-29 13:01:47	NewBlock 284, Txs: 0, Rows: 0
2018-10-29 13:02:06	NewBlock 285, Txs: 0, Rows: 0
2018-10-29 13:02:40	NewBlock 286, Txs: 0, Rows: 0
2018-10-29 13:02:55	NewBlock 287, Txs: 0, Rows: 0
2018-10-29 13:03:19	NewBlock 288, Txs: 0, Rows: 0
2018-10-29 13:03:42	NewBlock 289, Txs: 0, Rows: 0
2018-10-29 13:04:03	NewBlock 290, Txs: 0, Rows: 0
2018-10-29 13:17:17	Initialized. Chain height: 290, Txs: 42
2018-10-29 13:17:34	NewBlock 291, Txs: 0, Rows: 0
2018-10-29 13:17:51	NewBlock 292, Txs: 0, Rows: 0
2018-10-29 13:18:10	NewBlock 293, Txs: 0, Rows: 0
2018-10-29 13:18:22	NewBlock 294, Txs: 0, Rows: 0
2018-10-29 13:18:33	NewTx 27a8943956bfc73c5297fd1763e0af048f7cefcf07c3ecf66f71c03a9c1fe2d9, block -1, flags 00030004, import 0
2018-10-29 13:18:39	UpdateTx 27a8943956, block 295, flags 00030004, import 0
2018-10-29 13:18:39	NewBlock 295, Txs: 1, Rows: 6
2018-10-29 13:18:54	NewBlock 296, Txs: 0, Rows: 0
2018-10-30 10:53:37	Initialized. Chain height: 290, Txs: 42
2018-10-30 10:53:41	NewBlock 291, Txs: 0, Rows: 0
2018-10-30 10:53:41	NewBlock 292, Txs: 0, Rows: 0
2018-10-30 10:53:42	NewBlock 293, Txs: 0, Rows: 0
2018-10-30 10:53:42	NewBlock 294, Txs: 0, Rows: 0
2018-10-30 10:53:43	NewTx 27a8943956bfc73c5297fd1763e0af048f7cefcf07c3ecf66f71c03a9c1fe2d9, block 295, flags 00030004, import 0
2018-10-30 10:53:43	NewBlock 295, Txs: 1, Rows: 6
2018-10-30 10:53:43	NewBlock 296, Txs: 0, Rows: 0
2018-10-30 10:54:07	NewBlock 297, Txs: 0, Rows: 0
2018-10-30 10:54:23	NewBlock 298, Txs: 0, Rows: 0
2018-10-30 10:54:33	NewBlock 299, Txs: 0, Rows: 0
2018-10-30 10:54:53	NewBlock 300, Txs: 0, Rows: 0
2018-10-30 10:55:10	NewBlock 301, Txs: 0, Rows: 0
2018-10-30 10:55:26	NewBlock 302, Txs: 0, Rows: 0
2018-10-30 10:55:40	NewBlock 303, Txs: 0, Rows: 0
2018-10-30 10:56:02	NewTx 4ecb3c24319c9a1c0986196469e235d38f6677d7da15f8c0010494bef574a873, block -1, flags 00030004, import 0
2018-10-30 10:56:11	NewBlock 304, Txs: 1, Rows: 3
2018-10-30 10:56:11	UpdateTx 4ecb3c2431, block -1, flags 00030004, import 0
2018-10-30 10:56:21	UpdateTx 4ecb3c2431, block 305, flags 00030004, import 0
2018-10-30 10:56:21	NewBlock 305, Txs: 0, Rows: 3
2018-10-30 10:56:40	NewBlock 306, Txs: 0, Rows: 0
2018-10-30 10:56:50	NewBlock 307, Txs: 0, Rows: 0
2018-10-30 10:57:02	NewBlock 308, Txs: 0, Rows: 0
2018-10-30 10:57:16	NewBlock 309, Txs: 0, Rows: 0
2018-10-30 10:57:27	NewBlock 310, Txs: 0, Rows: 0
2018-10-30 10:57:28	NewTx 5b3e6019734a58822e4f52f775bf56d7258809236e5f3d5420dac0939b61d04b, block -1, flags 00030004, import 0
2018-10-30 10:57:45	UpdateTx 5b3e601973, block 311, flags 00030004, import 0
2018-10-30 10:57:45	NewBlock 311, Txs: 1, Rows: 6
2018-10-30 10:57:56	NewBlock 312, Txs: 0, Rows: 0
2018-10-30 10:58:12	NewBlock 313, Txs: 0, Rows: 0
2018-10-30 10:58:30	NewTx 7d6e1bbbd3111335adb9de106d799c910e022d1b27ecf9884474798d7c552cbb, block -1, flags 00030004, import 0
2018-10-30 10:58:31	NewBlock 314, Txs: 1, Rows: 3
2018-10-30 10:58:31	UpdateTx 7d6e1bbbd3, block -1, flags 00030004, import 0
2018-10-30 10:58:44	UpdateTx 7d6e1bbbd3, block 315, flags 00030004, import 0
2018-10-30 10:58:44	NewBlock 315, Txs: 0, Rows: 3
2018-10-30 10:58:59	NewBlock 316, Txs: 0, Rows: 0
2018-10-30 10:59:13	NewBlock 317, Txs: 0, Rows: 0
2018-10-30 10:59:27	NewBlock 318, Txs: 0, Rows: 0
2018-10-30 10:59:41	NewBlock 319, Txs: 0, Rows: 0
2018-10-30 10:59:55	NewBlock 320, Txs: 0, Rows: 0
2018-10-30 11:00:08	NewBlock 321, Txs: 0, Rows: 0
2018-10-30 11:00:29	NewBlock 322, Txs: 0, Rows: 0
2018-10-30 11:00:30	NewBlock 323, Txs: 0, Rows: 0
2018-10-30 11:00:57	NewBlock 324, Txs: 0, Rows: 0
2018-10-30 11:01:16	NewBlock 325, Txs: 0, Rows: 0
2018-10-30 11:01:47	NewBlock 326, Txs: 0, Rows: 0
2018-10-30 11:01:51	NewTx dfe480438c30c81ee02f8202783b5828e884b1f117cbf8c1b69ef91fd4913547, block -1, flags 00030004, import 0
2018-10-30 11:02:01	Rolled back to block 325 successfully
2018-10-30 11:02:01	UpdateTx dfe480438c, block -1, flags 00030004, import 0
2018-10-30 11:02:01	NewBlock 326, Txs: 1, Rows: 3
2018-10-30 11:02:01	UpdateTx dfe480438c, block 327, flags 00030004, import 0
2018-10-30 11:02:01	NewBlock 327, Txs: 0, Rows: 3
2018-10-30 11:02:10	NewBlock 328, Txs: 0, Rows: 0
2018-10-30 11:02:16	NewBlock 329, Txs: 0, Rows: 0
2018-10-30 11:02:27	NewBlock 330, Txs: 0, Rows: 0
2018-10-30 11:02:41	NewBlock 331, Txs: 0, Rows: 0
2018-10-30 11:03:04	NewBlock 332, Txs: 0, Rows: 0
2018-10-30 11:03:18	NewBlock 333, Txs: 0, Rows: 0
2018-10-30 11:03:31	NewBlock 334, Txs: 0, Rows: 0
2018-10-30 11:03:50	NewBlock 335, Txs: 0, Rows: 0
2018-10-30 11:04:02	NewBlock 336, Txs: 0, Rows: 0
2018-10-30 11:04:26	NewBlock 337, Txs: 0, Rows: 0
2018-10-30 11:04:40	NewBlock 338, Txs: 0, Rows: 0
2018-10-30 11:04:52	NewBlock 339, Txs: 0, Rows: 0
2018-10-30 11:05:13	NewBlock 340, Txs: 0, Rows: 0
2018-10-30 11:05:16	NewBlock 341, Txs: 0, Rows: 0
2018-10-30 11:05:32	NewBlock 342, Txs: 0, Rows: 0
2018-10-30 11:05:52	NewBlock 343, Txs: 0, Rows: 0
2018-10-30 11:06:05	NewBlock 344, Txs: 0, Rows: 0
2018-10-30 11:06:26	NewBlock 345, Txs: 0, Rows: 0
2018-10-30 11:07:57	NewBlock 346, Txs: 0, Rows: 0
2018-10-30 11:08:06	NewBlock 347, Txs: 0, Rows: 0
2018-10-30 11:08:09	NewBlock 348, Txs: 0, Rows: 0
2018-10-30 11:08:10	NewTx 015ada699e709d43366fbae70bb8f57ef28b5dad23fca90731f4937dff8009c6, block -1, flags 00030004, import 0
2018-10-30 11:08:18	UpdateTx 015ada699e, block 349, flags 00030004, import 0
2018-10-30 11:08:18	NewBlock 349, Txs: 1, Rows: 6
2018-10-30 11:08:23	NewBlock 350, Txs: 0, Rows: 0
2018-10-30 11:08:32	NewBlock 351, Txs: 0, Rows: 0
2018-10-30 11:08:39	NewBlock 352, Txs: 0, Rows: 0
2018-10-30 11:08:50	NewBlock 353, Txs: 0, Rows: 0
2018-10-30 11:09:19	NewBlock 354, Txs: 0, Rows: 0
2018-10-30 11:09:27	NewBlock 355, Txs: 0, Rows: 0
2018-10-30 11:09:50	NewBlock 356, Txs: 0, Rows: 0
2018-10-30 11:10:04	NewBlock 357, Txs: 0, Rows: 0
2018-10-30 11:10:29	NewBlock 358, Txs: 0, Rows: 0
2018-10-30 11:10:35	NewBlock 359, Txs: 0, Rows: 0
2018-10-30 11:10:46	NewBlock 360, Txs: 0, Rows: 0
2018-10-30 11:11:09	NewBlock 361, Txs: 0, Rows: 0
2018-10-30 11:11:18	NewBlock 362, Txs: 0, Rows: 0
2018-10-30 11:11:32	NewBlock 363, Txs: 0, Rows: 0
2018-10-30 11:11:46	NewBlock 364, Txs: 0, Rows: 0
2018-10-30 11:12:09	NewBlock 365, Txs: 0, Rows: 0
2018-10-30 11:12:25	NewBlock 366, Txs: 0, Rows: 0
2018-10-30 11:12:41	NewBlock 367, Txs: 0, Rows: 0
2018-10-30 11:12:42	NewBlock 368, Txs: 0, Rows: 0
2018-10-30 11:12:45	NewTx 2691a9dba6a6bca296fecbd601b4979dba7041414943c3132ebc8d705238640f, block -1, flags 00030004, import 0
2018-10-30 11:13:08	UpdateTx 2691a9dba6, block 369, flags 00030004, import 0
2018-10-30 11:13:08	NewBlock 369, Txs: 1, Rows: 6
2018-11-08 13:12:30	Initialized. Chain height: 369, Txs: 49
2018-11-08 13:13:29	NewBlock 370, Txs: 0, Rows: 0
2018-11-08 13:13:30	NewBlock 371, Txs: 0, Rows: 0
2018-11-08 13:13:48	NewBlock 372, Txs: 0, Rows: 0
2018-11-08 13:14:02	NewBlock 373, Txs: 0, Rows: 0
2018-11-08 13:14:25	NewBlock 374, Txs: 0, Rows: 0
2018-11-08 13:14:44	NewBlock 375, Txs: 0, Rows: 0
2018-11-08 13:15:07	NewBlock 376, Txs: 0, Rows: 0
2018-11-08 13:15:18	NewBlock 377, Txs: 0, Rows: 0
2018-11-08 13:15:39	NewBlock 378, Txs: 0, Rows: 0
2018-11-08 13:16:00	NewBlock 379, Txs: 0, Rows: 0
2018-11-08 13:16:19	NewBlock 380, Txs: 0, Rows: 0
2018-11-08 13:16:29	NewBlock 381, Txs: 0, Rows: 0
2018-11-08 13:27:24	NewTx be369dcc2d817a0ba77ad3dd81badfa4999c7d2092be0841f4bfc041dd57bba2, block -1, flags 00030004, import 0
2018-11-08 13:27:44	UpdateTx be369dcc2d, block 382, flags 00030004, import 0
2018-11-08 13:27:44	NewBlock 382, Txs: 1, Rows: 6
2018-11-08 13:27:52	NewBlock 383, Txs: 0, Rows: 0
2018-11-08 13:27:57	NewBlock 384, Txs: 0, Rows: 0
2018-11-08 13:27:57	NewBlock 385, Txs: 0, Rows: 0
2018-11-08 13:27:58	NewBlock 386, Txs: 0, Rows: 0
2018-11-08 13:28:04	NewBlock 387, Txs: 0, Rows: 0
2018-11-08 13:28:07	NewBlock 388, Txs: 0, Rows: 0
2018-11-08 13:28:09	NewBlock 389, Txs: 0, Rows: 0
2018-11-08 13:28:25	NewBlock 390, Txs: 0, Rows: 0
2018-11-08 13:28:32	NewBlock 391, Txs: 0, Rows: 0
2018-11-08 13:28:35	NewBlock 392, Txs: 0, Rows: 0
2018-12-15 15:21:26	Initialized. Chain height: 392, Txs: 50
2018-12-15 15:22:46	NewBlock 393, Txs: 0, Rows: 0
2018-12-15 15:22:57	NewBlock 394, Txs: 0, Rows: 0
2018-12-15 15:23:17	NewBlock 395, Txs: 0, Rows: 0
2018-12-15 15:23:34	NewBlock 396, Txs: 0, Rows: 0
2018-12-15 15:23:50	NewBlock 397, Txs: 0, Rows: 0
2018-12-15 15:24:03	NewBlock 398, Txs: 0, Rows: 0
2018-12-15 15:24:24	NewBlock 399, Txs: 0, Rows: 0
2018-12-15 15:24:45	NewBlock 400, Txs: 0, Rows: 0
2018-12-15 15:25:04	NewBlock 401, Txs: 0, Rows: 0
2018-12-15 15:25:14	NewBlock 402, Txs: 0, Rows: 0
2018-12-15 15:25:35	NewBlock 403, Txs: 0, Rows: 0
2018-12-15 15:26:36	NewTx f6ff12c141958eb400bfd785e138ba7f84c592315c352b2e79a571d87d6a5809, block -1, flags 00030004, import 0
2018-12-15 15:26:49	UpdateTx f6ff12c141, block 404, flags 00030004, import 0
2018-12-15 15:26:49	NewBlock 404, Txs: 1, Rows: 6
2018-12-15 15:26:51	NewTx 865e5305216016ad654721fcfc5f74610935ded838dd7e75c65abdfb2a8144c6, block -1, flags 00030004, import 0
2018-12-15 15:26:54	UpdateTx 865e530521, block 405, flags 00030004, import 0
2018-12-15 15:26:54	NewBlock 405, Txs: 1, Rows: 6
2018-12-15 15:26:55	NewBlock 406, Txs: 0, Rows: 0
2018-12-15 15:26:57	NewBlock 407, Txs: 0, Rows: 0
2018-12-15 15:27:02	NewBlock 408, Txs: 0, Rows: 0
2018-12-15 15:27:10	NewBlock 409, Txs: 0, Rows: 0
2018-12-15 15:27:27	NewBlock 410, Txs: 0, Rows: 0
2018-12-15 15:27:56	NewBlock 411, Txs: 0, Rows: 0
2018-12-15 15:28:07	NewBlock 412, Txs: 0, Rows: 0
2018-12-15 15:28:18	NewBlock 413, Txs: 0, Rows: 0
2018-12-15 15:28:33	NewBlock 414, Txs: 0, Rows: 0
2018-12-15 15:28:48	NewBlock 415, Txs: 0, Rows: 0
2018-12-15 15:29:10	NewBlock 416, Txs: 0, Rows: 0
2018-12-15 15:29:24	NewBlock 417, Txs: 0, Rows: 0
2018-12-15 15:29:38	NewBlock 418, Txs: 0, Rows: 0
2018-12-15 15:32:25	Initialized. Chain height: 418, Txs: 52
2018-12-15 15:35:45	NewTx f3ee15fad8a60dfd829ac7053ce0b51ea576c521358ff281e660bf9d3236bab9, block -1, flags 00030004, import 0
2018-12-15 15:36:01	UpdateTx f3ee15fad8, block 419, flags 00030004, import 0
2018-12-15 15:36:01	NewBlock 419, Txs: 1, Rows: 6
2018-12-15 15:36:12	NewBlock 420, Txs: 0, Rows: 0
2018-12-15 15:36:32	NewBlock 421, Txs: 0, Rows: 0
2018-12-15 15:36:49	NewBlock 422, Txs: 0, Rows: 0
2018-12-15 15:37:05	NewBlock 423, Txs: 0, Rows: 0
2018-12-15 15:37:18	NewBlock 424, Txs: 0, Rows: 0
2018-12-15 15:37:40	NewBlock 425, Txs: 0, Rows: 0
2018-12-15 15:38:00	NewBlock 426, Txs: 0, Rows: 0
2018-12-15 15:38:19	NewBlock 427, Txs: 0, Rows: 0
2018-12-15 15:38:29	NewBlock 428, Txs: 0, Rows: 0
2018-12-15 15:38:51	NewBlock 429, Txs: 0, Rows: 0
2018-12-15 15:54:23	NewTx fd4a0af362b33fbff15e41292e0cd763af00c93589b672672bbe1b7631e76a93, block -1, flags 00030004, import 0
2018-12-15 15:54:32	NewTx e0d0c8b871154b91873399980b3727aa3ad01d8593281d82bfb240bac4d8db1b, block -1, flags 00030004, import 0
2018-12-15 15:54:38	UpdateTx fd4a0af362, block 430, flags 00030004, import 0
2018-12-15 15:54:38	UpdateTx e0d0c8b871, block 430, flags 00030004, import 0
2018-12-15 15:54:38	NewBlock 430, Txs: 2, Rows: 12
2018-12-15 15:54:47	NewBlock 431, Txs: 0, Rows: 0
2018-12-15 15:54:56	NewBlock 432, Txs: 0, Rows: 0
2018-12-15 15:55:06	NewBlock 433, Txs: 0, Rows: 0
2018-12-15 15:55:09	NewBlock 434, Txs: 0, Rows: 0
2018-12-15 15:55:20	NewBlock 435, Txs: 0, Rows: 0
2018-12-15 15:55:27	NewBlock 436, Txs: 0, Rows: 0
2018-12-15 15:55:40	NewBlock 437, Txs: 0, Rows: 0
2018-12-15 15:55:49	NewBlock 438, Txs: 0, Rows: 0
2018-12-15 15:55:58	NewBlock 439, Txs: 0, Rows: 0
2018-12-15 15:56:10	NewBlock 440, Txs: 0, Rows: 0
2018-12-15 15:57:30	NewTx 780c9f1b8018e114ce6aba4973b28448a83201a896490eb8873439a0657436f2, block -1, flags 00030004, import 0
2018-12-15 15:57:39	UpdateTx 780c9f1b80, block 441, flags 00030004, import 0
2018-12-15 15:57:40	NewBlock 441, Txs: 1, Rows: 6
2018-12-15 15:57:44	NewBlock 442, Txs: 0, Rows: 0
2018-12-15 15:57:58	NewBlock 443, Txs: 0, Rows: 0
2018-12-15 15:58:09	NewBlock 444, Txs: 0, Rows: 0
2018-12-15 15:58:24	NewBlock 445, Txs: 0, Rows: 0
2018-12-15 15:58:39	NewBlock 446, Txs: 0, Rows: 0
2018-12-15 15:58:48	NewBlock 447, Txs: 0, Rows: 0
2018-12-15 15:58:50	NewBlock 448, Txs: 0, Rows: 0
2018-12-15 15:59:00	NewTx 24316d8e0ab9d2f10961bfde187f05335228fe1acc87cc1e4e9a226b2a0d9b45, block -1, flags 00030004, import 0
2018-12-15 15:59:05	UpdateTx 24316d8e0a, block 449, flags 00030004, import 0
2018-12-15 15:59:05	NewBlock 449, Txs: 1, Rows: 6
2018-12-15 15:59:30	NewBlock 450, Txs: 0, Rows: 0
2018-12-15 15:59:43	NewTx 47a5c47ce55e64f6e41b8b6f92674a0506a91a0facda50562c201562094194e6, block -1, flags 00030004, import 0
2018-12-15 15:59:51	UpdateTx 47a5c47ce5, block 451, flags 00030004, import 0
2018-12-15 15:59:51	NewBlock 451, Txs: 1, Rows: 6
2018-12-15 15:59:54	NewBlock 452, Txs: 0, Rows: 0
2018-12-15 16:00:15	NewBlock 453, Txs: 0, Rows: 0
2018-12-15 16:00:26	NewBlock 454, Txs: 0, Rows: 0
2018-12-15 16:00:49	NewBlock 455, Txs: 0, Rows: 0
2018-12-15 16:00:53	NewBlock 456, Txs: 0, Rows: 0
2018-12-15 16:01:07	NewBlock 457, Txs: 0, Rows: 0
2018-12-15 16:01:34	NewBlock 458, Txs: 0, Rows: 0
2018-12-15 16:01:39	NewBlock 459, Txs: 0, Rows: 0
2018-12-15 16:01:53	NewBlock 460, Txs: 0, Rows: 0
2018-12-15 16:02:13	NewBlock 461, Txs: 0, Rows: 0
2018-12-15 16:04:29	NewTx b898aaa21ae1e074c7690224ed2d69ebbd497b073ecf4acee14154923c6be5be, block -1, flags 00030004, import 0
2018-12-15 16:04:42	UpdateTx b898aaa21a, block 462, flags 00030004, import 0
2018-12-15 16:04:42	NewBlock 462, Txs: 1, Rows: 6
2018-12-15 16:04:53	NewBlock 463, Txs: 0, Rows: 0
2018-12-15 16:04:55	NewTx 382681ae7cdfb807f23389e9f870011a7f86550bd76d1a8361940e7821b6561b, block -1, flags 00030004, import 0
2018-12-15 16:05:01	UpdateTx 382681ae7c, block 464, flags 00030004, import 0
2018-12-15 16:05:01	NewBlock 464, Txs: 1, Rows: 6
2018-12-15 16:05:05	NewBlock 465, Txs: 0, Rows: 0
2018-12-15 16:05:16	NewBlock 466, Txs: 0, Rows: 0
2018-12-15 16:05:24	NewBlock 467, Txs: 0, Rows: 0
2018-12-15 16:05:32	NewBlock 468, Txs: 0, Rows: 0
2018-12-15 16:05:32	NewTx 6d0f32fbb08aa903909a533f7d9466e65fc157faf4d94edc0bcf64b971145d76, block -1, flags 00030004, import 0
2018-12-15 16:05:47	UpdateTx 6d0f32fbb0, block 469, flags 00030004, import 0
2018-12-15 16:05:47	NewBlock 469, Txs: 1, Rows: 6
2018-12-15 16:05:51	NewTx f26f238b53c286fae17fe6650d2b69e4070ed328e4cdcec7e3e217f57c576d89, block -1, flags 00030004, import 0
2018-12-15 16:05:58	UpdateTx f26f238b53, block 470, flags 00030004, import 0
2018-12-15 16:05:58	NewBlock 470, Txs: 1, Rows: 6
2018-12-15 16:06:00	NewBlock 471, Txs: 0, Rows: 0
2018-12-15 16:06:25	NewBlock 472, Txs: 0, Rows: 0
2018-12-15 16:06:46	NewBlock 473, Txs: 0, Rows: 0
2018-12-15 16:07:13	NewBlock 474, Txs: 0, Rows: 0
2018-12-15 16:07:27	NewBlock 475, Txs: 0, Rows: 0
2018-12-15 16:07:38	NewBlock 476, Txs: 0, Rows: 0
2018-12-15 16:07:48	NewBlock 477, Txs: 0, Rows: 0
2018-12-15 16:07:58	NewBlock 478, Txs: 0, Rows: 0
2018-12-15 16:08:13	NewBlock 479, Txs: 0, Rows: 0
2018-12-15 16:08:31	NewBlock 480, Txs: 0, Rows: 0
2018-12-15 16:08:52	NewBlock 481, Txs: 0, Rows: 0
2018-12-15 16:09:03	NewBlock 482, Txs: 0, Rows: 0
2018-12-15 16:28:04	NewTx 9f09a16dd63e4780df7eeb0c4b11ef94c835817c9376c97001c889f5b7a752e8, block -1, flags 00030004, import 0
2018-12-15 16:28:19	NewTx 7c099c24d8dd84f4adf046d45c2afaba5346155ca43afb36968703d238f0a7ad, block -1, flags 00030004, import 0
2018-12-15 16:28:45	UpdateTx 9f09a16dd6, block 483, flags 00030004, import 0
2018-12-15 16:28:45	UpdateTx 7c099c24d8, block 483, flags 00030004, import 0
2018-12-15 16:28:45	NewBlock 483, Txs: 2, Rows: 12
2018-12-15 16:28:46	NewBlock 484, Txs: 0, Rows: 0
2018-12-15 16:28:48	NewBlock 485, Txs: 0, Rows: 0
2018-12-15 16:28:58	NewBlock 486, Txs: 0, Rows: 0
2018-12-15 16:29:06	NewBlock 487, Txs: 0, Rows: 0
2018-12-15 16:29:08	NewBlock 488, Txs: 0, Rows: 0
2018-12-15 16:29:19	NewBlock 489, Txs: 0, Rows: 0
2018-12-15 16:29:27	NewBlock 490, Txs: 0, Rows: 0
2018-12-15 16:29:29	NewBlock 491, Txs: 0, Rows: 0
2018-12-15 16:29:44	NewBlock 492, Txs: 0, Rows: 0
2018-12-15 16:29:47	NewBlock 493, Txs: 0, Rows: 0
2018-12-15 16:29:59	NewTx 7ab2affcfb909df261a8c9b9e251c83d8e682aa96a45a0aae3619e826bc07fef, block -1, flags 00030004, import 0
2018-12-15 16:30:01	UpdateTx 7ab2affcfb, block 494, flags 00030004, import 0
2018-12-15 16:30:01	NewBlock 494, Txs: 1, Rows: 6
2018-12-15 16:30:12	NewTx 45aba79690a0e25b4066673562476df0c88fcdfd1bb9bdff184f594c64a02f0b, block -1, flags 00030004, import 0
2018-12-15 16:30:27	UpdateTx 45aba79690, block 495, flags 00030004, import 0
2018-12-15 16:30:35	NewBlock 495, Txs: 1, Rows: 6
2018-12-15 16:30:35	NewTx eb1e45bc49fb657d5b0bcf769f37fe16d07384d5856e3cb98d56da999c98fd17, block -1, flags 00030004, import 0
2018-12-15 16:31:03	UpdateTx eb1e45bc49, block 496, flags 00030004, import 0
2018-12-15 16:31:03	NewBlock 496, Txs: 1, Rows: 6
2018-12-15 16:31:03	NewTx 205cb3abf4ca8cba0298b392fb9d038ef32c80aa7e3a7292195734d59c1d11bf, block -1, flags 00030004, import 0
2018-12-15 16:31:14	UpdateTx 205cb3abf4, block 497, flags 00030004, import 0
2018-12-15 16:31:14	NewBlock 497, Txs: 1, Rows: 6
2018-12-15 16:31:21	NewBlock 498, Txs: 0, Rows: 0
2018-12-15 16:31:31	NewTx d73998c506211f02071f3d69036e84b2cd94b829d43d2cdb023de2aee66a66a5, block -1, flags 00030004, import 0
2018-12-15 16:31:34	UpdateTx d73998c506, block 499, flags 00030004, import 0
2018-12-15 16:31:35	NewBlock 499, Txs: 1, Rows: 6
2018-12-15 16:31:49	NewBlock 500, Txs: 0, Rows: 0
2018-12-15 16:32:03	Rolled back to block 499 successfully
2018-12-15 16:32:03	Rolled back to block 498 successfully
2018-12-15 16:32:03	UpdateTx d73998c506, block -1, flags 00030004, import 0
2018-12-15 16:32:03	UpdateTx d73998c506, block 499, flags 00030004, import 0
2018-12-15 16:32:03	NewBlock 499, Txs: 0, Rows: 3
2018-12-15 16:32:03	NewBlock 500, Txs: 0, Rows: 0
2018-12-15 16:32:03	NewBlock 501, Txs: 0, Rows: 0
2018-12-15 16:32:17	NewBlock 502, Txs: 0, Rows: 0
2018-12-15 16:32:35	NewBlock 503, Txs: 0, Rows: 0
2018-12-15 16:32:44	NewTx 5589f3cd7b12bcf8e8aca1b72d6ddd92a291ce389e559d90b3b88f46ee99883b, block -1, flags 00030004, import 0
2018-12-15 16:32:49	UpdateTx 5589f3cd7b, block 504, flags 00030004, import 0
2018-12-15 16:32:49	NewBlock 504, Txs: 1, Rows: 6
2018-12-15 16:33:00	NewBlock 505, Txs: 0, Rows: 0
2018-12-15 16:33:21	NewBlock 506, Txs: 0, Rows: 0
2018-12-15 16:33:37	NewBlock 507, Txs: 0, Rows: 0
2018-12-15 16:33:48	NewBlock 508, Txs: 0, Rows: 0
2018-12-15 16:34:04	NewBlock 509, Txs: 0, Rows: 0
2018-12-15 16:34:12	NewTx 39df14634e6734dc33852d1a50d00cab653462a77a341ce5b939a58881549558, block -1, flags 00030004, import 0
2018-12-15 16:34:27	UpdateTx 39df14634e, block 510, flags 00030004, import 0
2018-12-15 16:34:27	NewBlock 510, Txs: 1, Rows: 6
2018-12-15 16:34:30	NewBlock 511, Txs: 0, Rows: 0
2018-12-15 16:34:47	NewBlock 512, Txs: 0, Rows: 0
2018-12-15 16:35:09	NewBlock 513, Txs: 0, Rows: 0
2018-12-15 16:35:10	NewBlock 514, Txs: 0, Rows: 0
2018-12-15 16:35:34	NewBlock 515, Txs: 0, Rows: 0
2018-12-15 16:35:46	NewBlock 516, Txs: 0, Rows: 0
2018-12-15 16:36:05	NewBlock 517, Txs: 0, Rows: 0
2018-12-15 16:36:15	NewBlock 518, Txs: 0, Rows: 0
2018-12-15 16:36:33	NewBlock 519, Txs: 0, Rows: 0
2018-12-15 16:36:49	NewBlock 520, Txs: 0, Rows: 0
2018-12-15 16:44:44	NewTx 8835255cca971843a1dea68ab85d1294b7eb264885e742bb82f4304828bc2949, block -1, flags 00030004, import 0
2018-12-15 16:44:47	UpdateTx 8835255cca, block 521, flags 00030004, import 0
2018-12-15 16:44:47	NewBlock 521, Txs: 1, Rows: 6
2018-12-15 16:44:50	NewBlock 522, Txs: 0, Rows: 0
2018-12-15 16:44:59	NewBlock 523, Txs: 0, Rows: 0
2018-12-15 16:45:09	NewBlock 524, Txs: 0, Rows: 0
2018-12-15 16:45:16	NewBlock 525, Txs: 0, Rows: 0
2018-12-15 16:45:23	NewBlock 526, Txs: 0, Rows: 0
2018-12-15 16:45:30	NewBlock 527, Txs: 0, Rows: 0
2018-12-15 16:45:45	NewBlock 528, Txs: 0, Rows: 0
2018-12-15 16:46:06	NewBlock 529, Txs: 0, Rows: 0
2018-12-15 16:46:06	NewBlock 530, Txs: 0, Rows: 0
2018-12-15 16:46:12	Rolled back to block 529 successfully
2018-12-15 16:46:13	NewBlock 530, Txs: 0, Rows: 0
2018-12-15 16:46:13	NewBlock 531, Txs: 0, Rows: 0
2018-12-15 16:46:21	NewBlock 532, Txs: 0, Rows: 0
2018-12-15 16:46:49	NewBlock 533, Txs: 0, Rows: 0
2018-12-15 16:48:30	NewTx b11744ad76cff0b26b2f2a96e2618c759640cd4cd1668ae30e611debf2f4367c, block -1, flags 00030004, import 0
2018-12-15 16:48:44	UpdateTx b11744ad76, block 534, flags 00030004, import 0
2018-12-15 16:48:44	NewBlock 534, Txs: 1, Rows: 6
2018-12-15 16:48:55	NewBlock 535, Txs: 0, Rows: 0
2018-12-15 16:48:59	NewBlock 536, Txs: 0, Rows: 0
2018-12-15 16:49:10	NewBlock 537, Txs: 0, Rows: 0
2018-12-15 16:49:18	NewBlock 538, Txs: 0, Rows: 0
2018-12-15 16:49:22	NewBlock 539, Txs: 0, Rows: 0
2018-12-15 16:49:32	NewBlock 540, Txs: 0, Rows: 0
2018-12-15 16:49:33	NewBlock 541, Txs: 0, Rows: 0
2018-12-15 16:49:51	NewBlock 542, Txs: 0, Rows: 0
2018-12-15 16:50:16	NewBlock 543, Txs: 0, Rows: 0
2018-12-15 16:50:33	NewBlock 544, Txs: 0, Rows: 0
2018-12-15 16:53:14	NewTx ff98fa1e1b7b4406f3fd410f7cb1533f9c58c8e11b6492b402fb20fba47cae80, block -1, flags 00030004, import 0
2018-12-15 16:53:26	UpdateTx ff98fa1e1b, block 545, flags 00030004, import 0
2018-12-15 16:53:26	NewBlock 545, Txs: 1, Rows: 6
2018-12-15 16:53:30	NewBlock 546, Txs: 0, Rows: 0
2018-12-15 16:53:35	NewBlock 547, Txs: 0, Rows: 0
2018-12-15 16:53:40	NewBlock 548, Txs: 0, Rows: 0
2018-12-15 16:53:55	NewBlock 549, Txs: 0, Rows: 0
2018-12-15 16:54:03	NewBlock 550, Txs: 0, Rows: 0
2018-12-15 16:54:12	Rolled back to block 549 successfully
2018-12-15 16:54:12	Rolled back to block 548 successfully
2018-12-15 16:54:13	NewBlock 549, Txs: 0, Rows: 0
2018-12-15 16:54:13	NewBlock 550, Txs: 0, Rows: 0
2018-12-15 16:54:13	NewBlock 551, Txs: 0, Rows: 0
2018-12-15 16:54:18	NewBlock 552, Txs: 0, Rows: 0
2018-12-15 16:54:23	NewBlock 553, Txs: 0, Rows: 0
2018-12-15 16:54:40	NewBlock 554, Txs: 0, Rows: 0
2018-12-15 16:54:58	NewBlock 555, Txs: 0, Rows: 0
2018-12-15 16:55:49	NewTx a6a06f0fc6747eabcee7e53234e4de6c4ca3e88d867df6d552cf63c9ea2c9907, block -1, flags 00030004, import 0
2018-12-15 16:56:00	UpdateTx a6a06f0fc6, block 556, flags 00030004, import 0
2018-12-15 16:56:00	NewBlock 556, Txs: 1, Rows: 6
2018-12-15 16:56:05	NewTx d930a5510d5d3fb75b6dc6014c3ff8d8f1ad7338721b83e77faf73d3090a7e69, block -1, flags 00030004, import 0
2018-12-15 16:56:12	UpdateTx d930a5510d, block 557, flags 00030004, import 0
2018-12-15 16:56:12	NewBlock 557, Txs: 1, Rows: 6
2018-12-15 16:56:19	NewBlock 558, Txs: 0, Rows: 0
2018-12-15 16:56:24	NewBlock 559, Txs: 0, Rows: 0
2018-12-15 16:56:28	NewBlock 560, Txs: 0, Rows: 0
2018-12-15 16:56:43	NewBlock 561, Txs: 0, Rows: 0
2018-12-15 16:56:51	NewTx d4826a320c272b3b26f164ed386b1164d82600310f48dd663bb70a7fc4a56110, block -1, flags 00030004, import 0
2018-12-15 16:57:03	UpdateTx d4826a320c, block 562, flags 00030004, import 0
2018-12-15 16:57:03	NewBlock 562, Txs: 1, Rows: 6
2018-12-15 16:57:17	NewBlock 563, Txs: 0, Rows: 0
2018-12-15 16:57:29	NewBlock 564, Txs: 0, Rows: 0
2018-12-15 16:57:44	NewBlock 565, Txs: 0, Rows: 0
2018-12-15 16:58:02	NewBlock 566, Txs: 0, Rows: 0
2018-12-15 16:58:08	NewTx 47310131399b7cfc02f30dd9ad81bdb1f1ecf8234333e9636820dce8e5633ef4, block -1, flags 00030004, import 0
2018-12-15 16:58:17	UpdateTx 4731013139, block 567, flags 00030004, import 0
2018-12-15 16:58:17	NewBlock 567, Txs: 1, Rows: 6
2018-12-15 16:58:35	NewBlock 568, Txs: 0, Rows: 0
2018-12-15 16:58:46	NewBlock 569, Txs: 0, Rows: 0
2018-12-15 16:59:10	NewBlock 570, Txs: 0, Rows: 0
2018-12-15 16:59:18	NewBlock 571, Txs: 0, Rows: 0
2018-12-15 16:59:32	NewBlock 572, Txs: 0, Rows: 0
2018-12-15 16:59:45	NewBlock 573, Txs: 0, Rows: 0
2018-12-15 16:59:58	NewTx 5e9a389948375a14873a111455a9b70869de03e09bf0ef53043f3c2a5952980c, block -1, flags 00030004, import 0
2018-12-15 17:00:05	UpdateTx 5e9a389948, block 574, flags 00030004, import 0
2018-12-15 17:00:05	NewBlock 574, Txs: 1, Rows: 6
2018-12-15 17:00:24	NewBlock 575, Txs: 0, Rows: 0
2018-12-15 17:00:36	NewTx b2477dcc24190ad9d23934561c3fedaecd238baeee7c042f94c8b26dfe59f0ee, block -1, flags 00030004, import 0
2018-12-15 17:00:38	UpdateTx b2477dcc24, block 576, flags 00030004, import 0
2018-12-15 17:00:38	NewBlock 576, Txs: 1, Rows: 6
2018-12-15 17:00:49	NewBlock 577, Txs: 0, Rows: 0
2018-12-15 17:01:07	NewBlock 578, Txs: 0, Rows: 0
2018-12-15 17:01:18	NewBlock 579, Txs: 0, Rows: 0
2018-12-15 17:01:38	NewBlock 580, Txs: 0, Rows: 0
2018-12-15 17:01:53	NewBlock 581, Txs: 0, Rows: 0
2018-12-15 17:02:03	NewBlock 582, Txs: 0, Rows: 0
2018-12-15 17:02:17	NewBlock 583, Txs: 0, Rows: 0
2018-12-15 17:02:33	NewBlock 584, Txs: 0, Rows: 0
2018-12-15 17:02:51	NewBlock 585, Txs: 0, Rows: 0
2018-12-15 17:03:11	NewBlock 586, Txs: 0, Rows: 0
2018-12-15 17:03:26	NewBlock 587, Txs: 0, Rows: 0
2018-12-15 17:17:18	NewTx 5b572cfb14e090aa08946b021ebc470c0e2269baa1b49476a8022ce1eba6bd22, block -1, flags 00030004, import 0
2018-12-15 17:17:29	UpdateTx 5b572cfb14, block 588, flags 00030004, import 0
2018-12-15 17:17:29	NewBlock 588, Txs: 1, Rows: 6
2018-12-15 17:17:32	NewBlock 589, Txs: 0, Rows: 0
2018-12-15 17:17:49	NewBlock 590, Txs: 0, Rows: 0
2018-12-15 17:17:59	NewBlock 591, Txs: 0, Rows: 0
2018-12-15 17:18:09	NewBlock 592, Txs: 0, Rows: 0
2018-12-15 17:18:14	NewBlock 593, Txs: 0, Rows: 0
2018-12-15 17:18:23	NewBlock 594, Txs: 0, Rows: 0
2018-12-15 17:18:28	NewBlock 595, Txs: 0, Rows: 0
2018-12-15 17:18:37	NewBlock 596, Txs: 0, Rows: 0
2018-12-15 17:18:44	NewBlock 597, Txs: 0, Rows: 0
2018-12-15 17:18:48	NewBlock 598, Txs: 0, Rows: 0
2018-12-15 17:19:09	NewTx 460d973d527844062927657ef6812fdd130550c28008e28514205c8ef79bed7c, block -1, flags 00030004, import 0
2018-12-15 17:19:11	UpdateTx 460d973d52, block 599, flags 00030004, import 0
2018-12-15 17:19:12	NewBlock 599, Txs: 1, Rows: 6
2018-12-15 17:19:33	NewBlock 600, Txs: 0, Rows: 0
2018-12-16 13:24:58	Initialized. Chain height: 600, Txs: 82
2018-12-16 13:25:14	NewBlock 601, Txs: 0, Rows: 0
2018-12-16 13:25:33	NewBlock 602, Txs: 0, Rows: 0
2018-12-16 13:25:47	NewBlock 603, Txs: 0, Rows: 0
2018-12-16 13:26:01	NewTx 2dde3fa01e2f04acaffaa421c057851c7747ec18a50e4e1ff21325228eb359ba, block -1, flags 00030004, import 0
2018-12-16 13:26:09	Rolled back to block 602 successfully
2018-12-16 13:26:09	UpdateTx 2dde3fa01e, block -1, flags 00030004, import 0
2018-12-16 13:26:10	Rolled back to block 601 successfully
2018-12-16 13:26:10	UpdateTx 2dde3fa01e, block -1, flags 00030004, import 0
2018-12-16 13:26:10	Rolled back to block 600 successfully
2018-12-16 13:26:10	UpdateTx 2dde3fa01e, block -1, flags 00030004, import 0
2018-12-16 13:26:10	NewBlock 601, Txs: 1, Rows: 3
2018-12-16 13:26:19	NewBlock 602, Txs: 0, Rows: 0
2018-12-16 13:26:35	NewBlock 603, Txs: 0, Rows: 0
2018-12-16 13:26:35	UpdateTx 2dde3fa01e, block 604, flags 00030004, import 0
2018-12-16 13:26:35	NewBlock 604, Txs: 0, Rows: 3
2018-12-16 13:26:44	NewBlock 605, Txs: 0, Rows: 0
2018-12-16 13:26:47	NewBlock 606, Txs: 0, Rows: 0
2018-12-16 13:27:03	NewBlock 607, Txs: 0, Rows: 0
2018-12-16 13:27:24	NewBlock 608, Txs: 0, Rows: 0
2018-12-16 13:27:44	NewBlock 609, Txs: 0, Rows: 0
2018-12-16 13:28:04	NewBlock 610, Txs: 0, Rows: 0
2018-12-16 13:28:14	NewBlock 611, Txs: 0, Rows: 0
2018-12-16 13:28:35	NewBlock 612, Txs: 0, Rows: 0
2018-12-16 13:28:46	NewBlock 613, Txs: 0, Rows: 0
2018-12-16 13:28:54	NewBlock 614, Txs: 0, Rows: 0
2018-12-16 13:33:53	NewTx 8fd7c52b2cf1eafe47f820e58c4523975eac494700de3020ee8eb641a55fdc34, block -1, flags 00030004, import 0
2018-12-16 13:33:59	UpdateTx 8fd7c52b2c, block 615, flags 00030004, import 0
2018-12-16 13:33:59	NewBlock 615, Txs: 1, Rows: 6
2018-12-16 13:34:01	NewBlock 616, Txs: 0, Rows: 0
2018-12-16 13:34:06	NewTx b41129f1a0dfa3c6b3e508bc9282c3e31b75df5756e1408ce71241f55a97792a, block -1, flags 00030004, import 0
2018-12-16 13:34:07	NewBlock 617, Txs: 1, Rows: 3
2018-12-16 13:34:07	UpdateTx b41129f1a0, block -1, flags 00030004, import 0
2018-12-16 13:34:09	UpdateTx b41129f1a0, block 618, flags 00030004, import 0
2018-12-16 13:34:10	NewBlock 618, Txs: 0, Rows: 3
2018-12-16 13:34:13	NewBlock 619, Txs: 0, Rows: 0
2018-12-16 13:34:19	NewTx fdbbfdda21ec0ca6a4485f150a97d0ea9dc9df8e7fe2096580a722cf57901589, block -1, flags 00030004, import 0
2018-12-16 13:34:29	UpdateTx fdbbfdda21, block 620, flags 00030004, import 0
2018-12-16 13:34:29	NewBlock 620, Txs: 1, Rows: 6
2018-12-16 13:34:36	NewBlock 621, Txs: 0, Rows: 0
2018-12-16 13:34:38	NewBlock 622, Txs: 0, Rows: 0
2018-12-16 13:34:39	NewBlock 623, Txs: 0, Rows: 0
2018-12-16 13:34:40	NewBlock 624, Txs: 0, Rows: 0
2018-12-16 13:34:59	NewBlock 625, Txs: 0, Rows: 0
2018-12-16 13:35:23	NewBlock 626, Txs: 0, Rows: 0
2018-12-16 13:35:46	NewBlock 627, Txs: 0, Rows: 0
2018-12-16 13:36:27	NewBlock 628, Txs: 0, Rows: 0
2018-12-16 13:36:28	NewBlock 629, Txs: 0, Rows: 0
2018-12-16 13:36:36	NewBlock 630, Txs: 0, Rows: 0
2018-12-16 13:36:47	NewTx 95ff96677d0c34a40e3aeebddd834080a2d95cbde20f5fc1b2dc1eb4dadd4371, block -1, flags 00030004, import 0
2018-12-16 13:36:57	UpdateTx 95ff96677d, block 631, flags 00030004, import 0
2018-12-16 13:36:57	NewBlock 631, Txs: 1, Rows: 6
2018-12-16 13:37:06	NewBlock 632, Txs: 0, Rows: 0
2018-12-16 13:37:14	NewBlock 633, Txs: 0, Rows: 0
2018-12-16 13:37:28	NewBlock 634, Txs: 0, Rows: 0
2018-12-16 13:37:44	NewBlock 635, Txs: 0, Rows: 0
2018-12-16 13:37:58	NewBlock 636, Txs: 0, Rows: 0
2018-12-16 13:38:20	NewBlock 637, Txs: 0, Rows: 0
2018-12-16 13:38:34	NewBlock 638, Txs: 0, Rows: 0
2018-12-16 13:38:49	NewBlock 639, Txs: 0, Rows: 0
2018-12-16 13:39:12	NewBlock 640, Txs: 0, Rows: 0
2018-12-16 13:39:21	NewBlock 641, Txs: 0, Rows: 0
2018-12-16 14:16:49	NewTx 741d0d983615ea5a6965c8fa2269663d4d365917312e0b4c4ff9175f1e8ffe92, block -1, flags 00030004, import 0
2018-12-16 14:17:00	UpdateTx 741d0d9836, block 642, flags 00030004, import 0
2018-12-16 14:17:00	NewBlock 642, Txs: 1, Rows: 6
2018-12-16 14:17:05	NewBlock 643, Txs: 0, Rows: 0
2018-12-16 14:17:06	NewBlock 644, Txs: 0, Rows: 0
2018-12-16 14:17:13	NewBlock 645, Txs: 0, Rows: 0
2018-12-16 14:17:24	NewBlock 646, Txs: 0, Rows: 0
2018-12-16 14:17:30	NewBlock 647, Txs: 0, Rows: 0
2018-12-16 14:17:36	NewBlock 648, Txs: 0, Rows: 0
2018-12-16 14:17:52	NewBlock 649, Txs: 0, Rows: 0
2018-12-16 14:17:52	NewBlock 650, Txs: 0, Rows: 0
2018-12-16 14:18:03	NewBlock 651, Txs: 0, Rows: 0
2018-12-16 14:18:07	NewBlock 652, Txs: 0, Rows: 0
2018-12-16 14:25:17	NewTx 2d9731d7b1e7442421e39fe573246c12f55dc56452048fea390f16c633943e0a, block -1, flags 00030004, import 0
2018-12-16 14:25:33	UpdateTx 2d9731d7b1, block 653, flags 00030004, import 0
2018-12-16 14:25:33	NewBlock 653, Txs: 1, Rows: 6
2018-12-16 14:25:36	NewBlock 654, Txs: 0, Rows: 0
2018-12-16 14:25:52	NewBlock 655, Txs: 0, Rows: 0
2018-12-16 14:25:55	NewBlock 656, Txs: 0, Rows: 0
2018-12-16 14:26:04	NewBlock 657, Txs: 0, Rows: 0
2018-12-16 14:26:05	NewBlock 658, Txs: 0, Rows: 0
2018-12-16 14:26:09	NewBlock 659, Txs: 0, Rows: 0
2018-12-16 14:26:14	NewBlock 660, Txs: 0, Rows: 0
2018-12-16 14:26:17	NewBlock 661, Txs: 0, Rows: 0
2018-12-16 14:26:27	NewBlock 662, Txs: 0, Rows: 0
2018-12-16 14:26:34	NewBlock 663, Txs: 0, Rows: 0
2018-12-16 14:26:35	NewBlock 664, Txs: 0, Rows: 0
2018-12-16 14:27:04	NewTx dfc68520e268f1b10032cf2638c49f13a5cb9a340d8957caac3b3042fa138e9c, block -1, flags 00030004, import 0
2018-12-16 14:27:15	UpdateTx dfc68520e2, block 665, flags 00030004, import 0
2018-12-16 14:27:15	NewBlock 665, Txs: 1, Rows: 6
2018-12-16 14:27:24	NewTx f5a01d29c51d96d0f21e7e15710b776c6c5ad4fbdb5b8c6764ede75ca60df199, block -1, flags 00030004, import 0
2018-12-16 14:27:37	UpdateTx f5a01d29c5, block 666, flags 00030004, import 0
2018-12-16 14:27:37	NewBlock 666, Txs: 1, Rows: 6
2018-12-16 14:27:43	NewTx a48ce0c321a39bd1b3b7f8659b4e811e0f3d6db58d27b4229c9642eb76058482, block -1, flags 00030004, import 0
2018-12-16 14:27:58	UpdateTx a48ce0c321, block 667, flags 00030004, import 0
2018-12-16 14:27:58	NewBlock 667, Txs: 1, Rows: 6
2018-12-16 14:28:13	NewBlock 668, Txs: 0, Rows: 0
2018-12-16 14:28:23	NewBlock 669, Txs: 0, Rows: 0
2018-12-16 14:28:35	NewBlock 670, Txs: 0, Rows: 0
2018-12-16 14:28:58	NewBlock 671, Txs: 0, Rows: 0
2018-12-16 14:29:03	NewBlock 672, Txs: 0, Rows: 0
2018-12-16 14:29:16	NewBlock 673, Txs: 0, Rows: 0
2018-12-16 14:29:40	NewBlock 674, Txs: 0, Rows: 0
2018-12-16 14:29:52	NewBlock 675, Txs: 0, Rows: 0
2018-12-16 14:30:18	NewBlock 676, Txs: 0, Rows: 0
2018-12-16 14:30:25	Rolled back to block 675 successfully
2018-12-16 14:30:25	NewBlock 676, Txs: 0, Rows: 0
2018-12-16 14:30:26	NewBlock 677, Txs: 0, Rows: 0
2018-12-16 14:31:05	Initialized. Chain height: 677, Txs: 92
2018-12-16 14:31:50	NewTx cf0be6063b284356f0283fed92fdde8f76ea9ec26d8f92f82baddc9cd8301344, block -1, flags 00030004, import 0
2018-12-16 14:32:20	UpdateTx cf0be6063b, block 678, flags 00030004, import 0
2018-12-16 14:32:20	NewBlock 678, Txs: 1, Rows: 6
2018-12-16 14:32:21	NewTx ab8c82b4526dafc21d165d1af60d74722089cca1cde504a01c033431a50f2f23, block -1, flags 00030004, import 0
2018-12-16 14:32:32	UpdateTx ab8c82b452, block 679, flags 00030004, import 0
2018-12-16 14:32:32	NewBlock 679, Txs: 1, Rows: 6
2018-12-16 14:32:51	NewBlock 680, Txs: 0, Rows: 0
2018-12-16 14:33:12	NewBlock 681, Txs: 0, Rows: 0
2018-12-16 14:33:20	NewTx 16796e62df30fb7bd3ea28b568b525c4f0b73983642d2196d7b359a3d8e95d53, block -1, flags 00030004, import 0
2018-12-16 14:33:25	UpdateTx 16796e62df, block 682, flags 00030004, import 0
2018-12-16 14:33:25	NewBlock 682, Txs: 1, Rows: 6
2018-12-16 14:33:41	NewBlock 683, Txs: 0, Rows: 0
2018-12-16 14:34:01	NewBlock 684, Txs: 0, Rows: 0
2018-12-16 14:34:48	NewBlock 685, Txs: 0, Rows: 0
2018-12-16 14:34:57	NewBlock 686, Txs: 0, Rows: 0
2018-12-16 14:35:07	NewTx c34b59d3bdce7751f007d3934f712b777e174a8e85e84b79803b5c8380ca0c1b, block -1, flags 00030004, import 0
2018-12-16 14:35:08	NewBlock 687, Txs: 1, Rows: 3
2018-12-16 14:35:08	UpdateTx c34b59d3bd, block -1, flags 00030004, import 0
2018-12-16 14:35:32	UpdateTx c34b59d3bd, block 688, flags 00030004, import 0
2018-12-16 14:35:32	NewBlock 688, Txs: 0, Rows: 3
2018-12-16 14:35:53	NewBlock 689, Txs: 0, Rows: 0
2018-12-16 18:52:49	Initialized. Chain height: 689, Txs: 96
2018-12-16 18:53:15	NewBlock 690, Txs: 0, Rows: 0
2018-12-16 18:53:35	NewBlock 691, Txs: 0, Rows: 0
2018-12-16 18:53:40	NewBlock 692, Txs: 0, Rows: 0
2018-12-16 18:53:50	NewBlock 693, Txs: 0, Rows: 0
2018-12-16 18:53:52	NewTx d75afe1917fca5cb214e3af4a7df1351016ccc1e102f4a0acd073ef070dec01e, block -1, flags 00030004, import 0
2018-12-16 18:54:29	UpdateTx d75afe1917, block 694, flags 00030004, import 0
2018-12-16 18:54:29	NewBlock 694, Txs: 1, Rows: 6
2018-12-16 18:54:49	NewTx 9b6b296f6cc555eb555d368c7accf37c3c45a75f03310c042ad1eba19e2d0e1b, block -1, flags 00030004, import 0
2018-12-16 18:54:58	Rolled back to block 693 successfully
2018-12-16 18:54:59	UpdateTx d75afe1917, block -1, flags 00030004, import 0
2018-12-16 18:54:59	UpdateTx 9b6b296f6c, block -1, flags 00030004, import 0
2018-12-16 18:54:59	UpdateTx d75afe1917, block 694, flags 00030004, import 0
2018-12-16 18:55:00	NewBlock 694, Txs: 1, Rows: 6
2018-12-16 18:55:00	NewBlock 695, Txs: 0, Rows: 0
2018-12-16 18:55:00	UpdateTx 9b6b296f6c, block -1, flags 00030004, import 0
2018-12-16 18:55:02	Rolled back to block 694 successfully
2018-12-16 18:55:02	UpdateTx 9b6b296f6c, block -1, flags 00030004, import 0
2018-12-16 18:55:03	Rolled back to block 693 successfully
2018-12-16 18:55:03	UpdateTx d75afe1917, block -1, flags 00030004, import 0
2018-12-16 18:55:03	UpdateTx 9b6b296f6c, block -1, flags 00030004, import 0
2018-12-16 18:55:04	UpdateTx d75afe1917, block 694, flags 00030004, import 0
2018-12-16 18:55:04	NewBlock 694, Txs: 0, Rows: 3
2018-12-16 18:55:05	NewBlock 695, Txs: 0, Rows: 0
2018-12-16 18:55:05	UpdateTx 9b6b296f6c, block 696, flags 00030004, import 0
2018-12-16 18:55:06	NewBlock 696, Txs: 0, Rows: 3
2018-12-16 18:55:15	NewTx c4f0169969e163a9021971ce181f0de19facb596fd004be530d2c6fe65c66600, block -1, flags 00030004, import 0
2018-12-16 18:55:26	UpdateTx c4f0169969, block 697, flags 00030004, import 0
2018-12-16 18:55:27	NewBlock 697, Txs: 1, Rows: 6
2018-12-16 18:55:31	NewBlock 698, Txs: 0, Rows: 0
2018-12-16 18:56:20	NewBlock 699, Txs: 0, Rows: 0
2018-12-16 18:56:42	NewBlock 700, Txs: 0, Rows: 0
2018-12-16 18:57:00	Rolled back to block 699 successfully
2018-12-16 18:57:01	Rolled back to block 698 successfully
2018-12-16 18:57:01	NewBlock 699, Txs: 0, Rows: 0
2018-12-16 18:57:02	NewBlock 700, Txs: 0, Rows: 0
2018-12-16 18:57:03	NewBlock 701, Txs: 0, Rows: 0
2018-12-16 18:57:08	NewBlock 702, Txs: 0, Rows: 0
2018-12-16 18:57:18	NewBlock 703, Txs: 0, Rows: 0
2018-12-16 18:57:19	NewBlock 704, Txs: 0, Rows: 0
2018-12-16 18:57:29	Rolled back to block 703 successfully
2018-12-16 18:57:30	NewBlock 704, Txs: 0, Rows: 0
2018-12-16 18:57:30	NewBlock 705, Txs: 0, Rows: 0
2018-12-16 18:57:49	NewBlock 706, Txs: 0, Rows: 0
2018-12-16 18:58:19	NewBlock 707, Txs: 0, Rows: 0
2018-12-16 18:58:28	Rolled back to block 706 successfully
2018-12-16 18:58:29	NewBlock 707, Txs: 0, Rows: 0
2018-12-16 18:58:29	NewBlock 708, Txs: 0, Rows: 0
2018-12-16 18:58:49	NewBlock 709, Txs: 0, Rows: 0
2018-12-16 18:58:55	Rolled back to block 708 successfully
2018-12-16 18:58:56	NewBlock 709, Txs: 0, Rows: 0
2018-12-16 18:58:56	NewBlock 710, Txs: 0, Rows: 0
2018-12-16 18:58:57	NewBlock 711, Txs: 0, Rows: 0
2018-12-16 18:59:16	NewBlock 712, Txs: 0, Rows: 0
2018-12-16 18:59:24	NewBlock 713, Txs: 0, Rows: 0
2018-12-16 18:59:50	NewBlock 714, Txs: 0, Rows: 0
2018-12-16 18:59:51	NewBlock 715, Txs: 0, Rows: 0
2018-12-16 19:00:13	NewBlock 716, Txs: 0, Rows: 0
2018-12-16 19:00:54	NewBlock 717, Txs: 0, Rows: 0
2018-12-16 19:00:55	NewBlock 718, Txs: 0, Rows: 0
2018-12-16 19:33:46	NewTx 36283dcbb092f65b089d765403a472bc9a93c402832f4aa4ee04182413cdac7f, block -1, flags 00030004, import 0
2018-12-16 19:34:04	UpdateTx 36283dcbb0, block 719, flags 00030004, import 0
2018-12-16 19:34:05	NewBlock 719, Txs: 1, Rows: 6
2018-12-16 19:34:06	NewBlock 720, Txs: 0, Rows: 0
2018-12-16 19:34:16	NewBlock 721, Txs: 0, Rows: 0
2018-12-16 19:34:24	NewBlock 722, Txs: 0, Rows: 0
2018-12-16 19:34:27	NewBlock 723, Txs: 0, Rows: 0
2018-12-16 19:34:40	NewBlock 724, Txs: 0, Rows: 0
2018-12-16 19:35:01	NewBlock 725, Txs: 0, Rows: 0
2018-12-16 19:35:02	NewBlock 726, Txs: 0, Rows: 0
2018-12-16 19:35:14	NewBlock 727, Txs: 0, Rows: 0
2018-12-16 19:35:18	NewBlock 728, Txs: 0, Rows: 0
2018-12-16 19:35:26	NewBlock 729, Txs: 0, Rows: 0
2018-12-16 19:55:55	NewTx f9fb53f29855b7b64a8a3a676b539346b84c7539c257b8c112f71e11dcc4b8f3, block -1, flags 00030004, import 0
2018-12-16 19:56:04	UpdateTx f9fb53f298, block 730, flags 00030004, import 0
2018-12-16 19:56:04	NewBlock 730, Txs: 1, Rows: 6
2018-12-16 19:56:16	NewBlock 731, Txs: 0, Rows: 0
2018-12-16 19:56:20	NewTx 67edf31d90d8888f9ba465bd52e74a9434d2ad581d2574cbb8771f810ea11454, block -1, flags 00030004, import 0
2018-12-16 19:56:24	UpdateTx 67edf31d90, block 732, flags 00030004, import 0
2018-12-16 19:56:25	NewBlock 732, Txs: 1, Rows: 6
2018-12-16 19:56:42	NewBlock 733, Txs: 0, Rows: 0
2018-12-16 19:56:43	Rolled back to block 732 successfully
2018-12-16 19:56:43	NewBlock 733, Txs: 0, Rows: 0
2018-12-16 19:56:44	NewBlock 734, Txs: 0, Rows: 0
2018-12-16 19:56:52	NewBlock 735, Txs: 0, Rows: 0
2018-12-16 19:56:58	Rolled back to block 734 successfully
2018-12-16 19:56:59	NewBlock 735, Txs: 0, Rows: 0
2018-12-16 19:57:00	NewBlock 736, Txs: 0, Rows: 0
2018-12-16 19:57:10	NewBlock 737, Txs: 0, Rows: 0
2018-12-16 19:57:16	NewBlock 738, Txs: 0, Rows: 0
2018-12-16 19:57:22	NewBlock 739, Txs: 0, Rows: 0
2018-12-16 19:57:33	NewBlock 740, Txs: 0, Rows: 0
2018-12-16 19:57:37	NewTx d8774effd0c7abd8339c85992d32d49ef02b8718e8eecb90153a10379213f8d8, block -1, flags 00030004, import 0
2018-12-16 19:57:45	UpdateTx d8774effd0, block 741, flags 00030004, import 0
2018-12-16 19:57:46	NewBlock 741, Txs: 1, Rows: 6
2018-12-16 19:57:54	NewTx a2055fa70f521ceab00150fd43beef2e81c987cbfc94b11d1e33411c8d14176f, block -1, flags 00030004, import 0
2018-12-16 19:58:18	UpdateTx a2055fa70f, block 742, flags 00030004, import 0
2018-12-16 19:58:18	NewBlock 742, Txs: 1, Rows: 6
2018-12-16 19:58:21	NewTx ac28456aca48845c761996042b8c5233e23995ea4caaa1439ddabadd0f135f17, block -1, flags 00030004, import 0
2018-12-16 19:58:45	UpdateTx ac28456aca, block 743, flags 00030004, import 0
2018-12-16 19:58:45	NewBlock 743, Txs: 1, Rows: 6
2018-12-16 19:58:47	NewBlock 744, Txs: 0, Rows: 0
2018-12-16 19:58:50	NewTx 4878cf1a2f819a53e202453a7a840c55fe2807403a58c3e333efe68a0a50e500, block -1, flags 00030004, import 0
2018-12-16 19:59:30	UpdateTx 4878cf1a2f, block 745, flags 00030004, import 0
2018-12-16 19:59:31	NewBlock 745, Txs: 1, Rows: 6
2018-12-16 19:59:37	NewBlock 746, Txs: 0, Rows: 0
2018-12-16 19:59:45	NewBlock 747, Txs: 0, Rows: 0
2018-12-16 20:00:00	NewBlock 748, Txs: 0, Rows: 0
2018-12-16 20:00:01	NewBlock 749, Txs: 0, Rows: 0
2018-12-16 20:00:20	NewBlock 750, Txs: 0, Rows: 0
2018-12-16 20:00:32	NewBlock 751, Txs: 0, Rows: 0
2018-12-16 20:00:56	NewBlock 752, Txs: 0, Rows: 0
2018-12-16 20:01:04	NewBlock 753, Txs: 0, Rows: 0
2018-12-16 20:01:20	NewBlock 754, Txs: 0, Rows: 0
2018-12-16 20:01:54	NewBlock 755, Txs: 0, Rows: 0
2018-12-16 20:01:55	NewBlock 756, Txs: 0, Rows: 0
2018-12-16 20:32:58	NewTx c08a4e7e721b2ce7106c83b175763e8025ab36530d93d2e4f68e17e06fd686f7, block -1, flags 00030004, import 0
2018-12-16 20:33:11	UpdateTx c08a4e7e72, block 757, flags 00030004, import 0
2018-12-16 20:33:11	NewBlock 757, Txs: 1, Rows: 6
2018-12-16 20:45:02	Initialized. Chain height: 757, Txs: 107
2018-12-16 20:45:18	NewBlock 758, Txs: 0, Rows: 0
2018-12-16 20:45:25	NewTx cc77c005baa57ce284c34dbcbda0da19f142e43e3c8f964e5d9d3b3c87cfe158, block -1, flags 00030004, import 0
2018-12-16 20:45:37	UpdateTx cc77c005ba, block 759, flags 00030004, import 0
2018-12-16 20:45:37	NewBlock 759, Txs: 1, Rows: 6
2018-12-16 20:45:51	NewBlock 760, Txs: 0, Rows: 0
2018-12-16 20:46:13	NewBlock 761, Txs: 0, Rows: 0
2018-12-16 20:46:49	NewBlock 762, Txs: 0, Rows: 0
2018-12-16 20:47:07	NewBlock 763, Txs: 0, Rows: 0
2018-12-16 20:47:23	NewBlock 764, Txs: 0, Rows: 0
2018-12-16 20:47:48	NewBlock 765, Txs: 0, Rows: 0
2018-12-16 20:48:06	Rolled back to block 764 successfully
2018-12-16 20:48:15	Rolled back to block 763 successfully
2018-12-16 20:48:15	Rolled back to block 762 successfully
2018-12-16 20:48:16	Rolled back to block 761 successfully
2018-12-16 20:48:16	Rolled back to block 760 successfully
2018-12-16 20:48:16	Rolled back to block 759 successfully
2018-12-16 20:48:17	Rolled back to block 758 successfully
2018-12-16 20:48:17	UpdateTx cc77c005ba, block -1, flags 00030004, import 0
2018-12-16 20:48:17	Rolled back to block 757 successfully
2018-12-16 20:48:17	UpdateTx cc77c005ba, block -1, flags 00030004, import 0
2018-12-16 20:48:18	NewBlock 758, Txs: 0, Rows: 0
2018-12-16 20:48:18	UpdateTx cc77c005ba, block 759, flags 00030004, import 0
2018-12-16 20:48:18	NewBlock 759, Txs: 0, Rows: 3
2018-12-16 20:48:18	NewBlock 760, Txs: 0, Rows: 0
2018-12-16 20:48:19	NewBlock 761, Txs: 0, Rows: 0
2018-12-16 20:48:19	NewBlock 762, Txs: 0, Rows: 0
2018-12-16 20:48:20	NewBlock 763, Txs: 0, Rows: 0
2018-12-16 20:48:20	NewBlock 764, Txs: 0, Rows: 0
2018-12-16 20:48:21	NewBlock 765, Txs: 0, Rows: 0
2018-12-16 20:48:21	NewBlock 766, Txs: 0, Rows: 0
2018-12-16 20:48:22	NewBlock 767, Txs: 0, Rows: 0
2018-12-16 20:48:29	NewBlock 768, Txs: 0, Rows: 0
2018-12-16 20:48:43	NewBlock 769, Txs: 0, Rows: 0
2018-12-16 20:48:44	NewBlock 770, Txs: 0, Rows: 0
2018-12-20 10:45:00	Initialized. Chain height: 770, Txs: 108
2018-12-20 10:46:57	NewTx 2c6c6d5abcbc9f02845e5b58376b946f7fcb542584354108296f588b532af5f2, block -1, flags 00030004, import 0
2018-12-20 10:47:19	NewTx 84c35bfb48bfde5479929a5d512731cb912120049e4139bec84a17d43b107bf4, block -1, flags 00030004, import 0
2018-12-20 10:47:21	UpdateTx 2c6c6d5abc, block 771, flags 00030004, import 0
2018-12-20 10:47:21	NewBlock 771, Txs: 2, Rows: 9
2018-12-20 10:47:21	UpdateTx 84c35bfb48, block -1, flags 00030004, import 0
2018-12-20 10:47:47	UpdateTx 84c35bfb48, block 772, flags 00030004, import 0
2018-12-20 10:47:47	NewBlock 772, Txs: 0, Rows: 3
2018-12-20 10:47:53	NewBlock 773, Txs: 0, Rows: 0
2018-12-20 10:48:04	NewBlock 774, Txs: 0, Rows: 0
2018-12-20 10:48:07	NewBlock 775, Txs: 0, Rows: 0
2018-12-20 10:48:19	NewBlock 776, Txs: 0, Rows: 0
2018-12-20 10:48:33	NewBlock 777, Txs: 0, Rows: 0
2018-12-20 10:48:46	NewBlock 778, Txs: 0, Rows: 0
2018-12-20 10:48:59	NewBlock 779, Txs: 0, Rows: 0
2018-12-20 10:49:16	NewBlock 780, Txs: 0, Rows: 0
2018-12-20 10:49:37	NewBlock 781, Txs: 0, Rows: 0
2018-12-20 10:49:46	NewBlock 782, Txs: 0, Rows: 0
2018-12-20 10:49:57	NewBlock 783, Txs: 0, Rows: 0
2018-12-20 11:04:46	NewTx c5c132836e1310f0cacd32338a05e4fc4bac3b59e8534c91985499e849981967, block -1, flags 00030004, import 0
2018-12-20 11:05:00	UpdateTx c5c132836e, block 784, flags 00030004, import 0
2018-12-20 11:05:00	NewBlock 784, Txs: 1, Rows: 6
2018-12-20 11:05:09	NewTx b8f86cd780bd1fdb770f5a0eb3977dc3ff0ede2153b231642e9a0bb689a6a05f, block -1, flags 00030004, import 0
2018-12-20 11:05:11	UpdateTx b8f86cd780, block 785, flags 00030004, import 0
2018-12-20 11:05:11	NewBlock 785, Txs: 1, Rows: 6
2018-12-20 11:05:13	NewBlock 786, Txs: 0, Rows: 0
2018-12-20 11:05:22	NewBlock 787, Txs: 0, Rows: 0
2018-12-20 11:05:39	NewBlock 788, Txs: 0, Rows: 0
2018-12-20 11:05:46	NewBlock 789, Txs: 0, Rows: 0
2018-12-20 11:05:59	NewBlock 790, Txs: 0, Rows: 0
2018-12-20 11:06:06	NewBlock 791, Txs: 0, Rows: 0
2018-12-20 11:06:12	NewBlock 792, Txs: 0, Rows: 0
2018-12-20 11:06:16	NewBlock 793, Txs: 0, Rows: 0
2018-12-20 11:06:28	NewBlock 794, Txs: 0, Rows: 0
2018-12-20 11:06:32	NewBlock 795, Txs: 0, Rows: 0
2018-12-20 11:06:51	NewBlock 796, Txs: 0, Rows: 0
2018-12-20 11:07:15	NewBlock 797, Txs: 0, Rows: 0
2018-12-20 11:58:31	NewTx ebacb5157acf8603307b6c978dc1cb99e7d2af4c6c044cd64a2ac79e39325b2f, block -1, flags 00030004, import 0
2018-12-20 11:58:40	NewBlock 798, Txs: 1, Rows: 3
2018-12-20 11:58:41	UpdateTx ebacb5157a, block -1, flags 00030004, import 0
2018-12-20 11:58:41	UpdateTx ebacb5157a, block 799, flags 00030004, import 0
2018-12-20 11:58:41	NewBlock 799, Txs: 0, Rows: 3
2018-12-20 11:58:55	NewBlock 800, Txs: 0, Rows: 0
2018-12-20 11:58:57	NewBlock 801, Txs: 0, Rows: 0
2018-12-20 11:59:08	NewBlock 802, Txs: 0, Rows: 0
2018-12-20 11:59:24	NewBlock 803, Txs: 0, Rows: 0
2018-12-20 11:59:33	NewBlock 804, Txs: 0, Rows: 0
2018-12-20 11:59:43	Rolled back to block 803 successfully
2018-12-20 11:59:43	NewBlock 804, Txs: 0, Rows: 0
2018-12-20 11:59:43	NewBlock 805, Txs: 0, Rows: 0
2018-12-20 11:59:50	NewBlock 806, Txs: 0, Rows: 0
2018-12-20 11:59:53	NewBlock 807, Txs: 0, Rows: 0
2018-12-20 11:59:57	NewBlock 808, Txs: 0, Rows: 0
2018-12-20 12:00:10	NewBlock 809, Txs: 0, Rows: 0
2018-12-20 12:00:34	NewBlock 810, Txs: 0, Rows: 0
2018-12-21 09:05:21	Initialized. Chain height: 810, Txs: 113
2018-12-21 09:07:57	NewTx ebcfe29fa632c1f898fb2c53625a388c104f457df3f38b04b88c64ee930c8175, block -1, flags 00030004, import 0
2018-12-21 09:08:13	UpdateTx ebcfe29fa6, block 811, flags 00030004, import 0
2018-12-21 09:08:13	NewBlock 811, Txs: 1, Rows: 6
2018-12-21 09:08:26	NewBlock 812, Txs: 0, Rows: 0
2018-12-21 09:08:28	NewBlock 813, Txs: 0, Rows: 0
2018-12-21 09:08:47	NewBlock 814, Txs: 0, Rows: 0
2018-12-21 09:09:05	NewBlock 815, Txs: 0, Rows: 0
2018-12-21 09:09:21	NewBlock 816, Txs: 0, Rows: 0
2018-12-21 09:09:37	NewBlock 817, Txs: 0, Rows: 0
2018-12-21 09:10:00	NewBlock 818, Txs: 0, Rows: 0
2018-12-21 09:10:02	NewBlock 819, Txs: 0, Rows: 0
2018-12-21 09:10:15	NewBlock 820, Txs: 0, Rows: 0
2018-12-21 09:10:38	NewBlock 821, Txs: 0, Rows: 0
2018-12-21 09:10:39	NewBlock 822, Txs: 0, Rows: 0
2018-12-21 09:17:36	NewTx 49ae4093065c3eafb7e27700ac2be169fa7b36ab3da040bf01cbd6944d8fc860, block -1, flags 00030004, import 0
2018-12-21 09:17:53	UpdateTx 49ae409306, block 823, flags 00030004, import 0
2018-12-21 09:17:53	NewBlock 823, Txs: 1, Rows: 6
2018-12-21 09:18:01	NewBlock 824, Txs: 0, Rows: 0
2018-12-21 09:18:04	NewBlock 825, Txs: 0, Rows: 0
2018-12-21 09:18:08	NewBlock 826, Txs: 0, Rows: 0
2018-12-21 09:18:09	NewTx f8ff661434a57ba2a2be883f3304c5208ebdd80917af37c473c7794bcd8d272c, block -1, flags 00030004, import 0
2018-12-21 09:18:12	UpdateTx f8ff661434, block 827, flags 00030004, import 0
2018-12-21 09:18:12	NewBlock 827, Txs: 1, Rows: 6
2018-12-21 09:18:18	NewBlock 828, Txs: 0, Rows: 0
2018-12-21 09:18:23	NewBlock 829, Txs: 0, Rows: 0
2018-12-21 09:19:08	NewBlock 830, Txs: 0, Rows: 0
2018-12-21 09:19:26	NewBlock 831, Txs: 0, Rows: 0
2018-12-21 09:19:28	NewTx 2eacb8f2e4428c14ecfa44b6a14ae39a76c002c8080d80e50a714714e1ad2031, block -1, flags 00030004, import 0
2018-12-21 09:19:29	UpdateTx 2eacb8f2e4, block 832, flags 00030004, import 0
2018-12-21 09:19:29	NewBlock 832, Txs: 1, Rows: 6
2018-12-21 09:19:32	NewBlock 833, Txs: 0, Rows: 0
2018-12-21 09:19:36	NewBlock 834, Txs: 0, Rows: 0
2018-12-21 09:19:59	NewBlock 835, Txs: 0, Rows: 0
2018-12-21 09:20:25	NewBlock 836, Txs: 0, Rows: 0
2018-12-21 09:20:30	NewTx 17214cdc52fee3e6983e0d87ee81801566d87d3c7c935d2b1c47b1596fc610e0, block -1, flags 00030004, import 0
2018-12-21 09:20:43	UpdateTx 17214cdc52, block 837, flags 00030004, import 0
2018-12-21 09:20:43	NewBlock 837, Txs: 1, Rows: 6
2018-12-21 09:20:49	NewTx 79b4725897a38606e4f45a5d72f2354b86965b02bb1b306cb2f2b65f4f11bcb2, block -1, flags 00030004, import 0
2018-12-21 09:20:56	UpdateTx 79b4725897, block 838, flags 00030004, import 0
2018-12-21 09:20:56	NewBlock 838, Txs: 1, Rows: 6
2018-12-21 09:21:07	NewBlock 839, Txs: 0, Rows: 0
2018-12-21 09:21:18	NewBlock 840, Txs: 0, Rows: 0
2018-12-21 09:21:40	NewBlock 841, Txs: 0, Rows: 0
2018-12-21 09:21:41	NewBlock 842, Txs: 0, Rows: 0
2018-12-21 09:22:00	NewBlock 843, Txs: 0, Rows: 0
2018-12-21 09:22:16	NewTx c17d2b385a4af9a866ad14587c8627f35a9eeba76e1105c13d054e9c18b9d864, block -1, flags 00030004, import 0
2018-12-21 09:22:21	UpdateTx c17d2b385a, block 844, flags 00030004, import 0
2018-12-21 09:22:21	NewBlock 844, Txs: 1, Rows: 6
2018-12-21 09:22:31	NewBlock 845, Txs: 0, Rows: 0
2018-12-21 09:22:53	NewBlock 846, Txs: 0, Rows: 0
2018-12-21 09:23:08	NewBlock 847, Txs: 0, Rows: 0
2018-12-21 09:23:22	NewBlock 848, Txs: 0, Rows: 0
2018-12-21 09:23:40	NewBlock 849, Txs: 0, Rows: 0
2018-12-21 09:23:51	NewBlock 850, Txs: 0, Rows: 0
2018-12-21 09:24:09	NewBlock 851, Txs: 0, Rows: 0
2018-12-21 09:24:26	NewBlock 852, Txs: 0, Rows: 0
2018-12-21 09:24:47	NewBlock 853, Txs: 0, Rows: 0
2018-12-21 09:24:54	NewBlock 854, Txs: 0, Rows: 0
2018-12-21 09:25:10	NewBlock 855, Txs: 0, Rows: 0
2018-12-21 09:36:03	NewBlock 856, Txs: 0, Rows: 0
2018-12-21 09:36:04	NewBlock 857, Txs: 0, Rows: 0
2018-12-21 09:36:09	NewBlock 858, Txs: 0, Rows: 0
2018-12-21 09:36:15	NewBlock 859, Txs: 0, Rows: 0
2018-12-21 09:36:41	NewBlock 860, Txs: 0, Rows: 0
2018-12-21 09:37:04	NewBlock 861, Txs: 0, Rows: 0
2018-12-21 09:37:07	NewBlock 862, Txs: 0, Rows: 0
2018-12-21 09:37:18	NewBlock 863, Txs: 0, Rows: 0
2018-12-21 09:37:27	NewBlock 864, Txs: 0, Rows: 0
2018-12-21 09:37:34	NewBlock 865, Txs: 0, Rows: 0
2018-12-21 09:37:42	NewBlock 866, Txs: 0, Rows: 0
2018-12-21 09:37:50	NewBlock 867, Txs: 0, Rows: 0
2018-12-21 09:38:09	NewBlock 868, Txs: 0, Rows: 0
2018-12-21 09:38:29	NewTx 5d4b29fedd5cec1e55a12f9cc95f1c76b2a63131772aae86b96a988ca5eaa827, block -1, flags 00030004, import 0
2018-12-21 09:38:56	UpdateTx 5d4b29fedd, block 869, flags 00030004, import 0
2018-12-21 09:38:56	NewBlock 869, Txs: 1, Rows: 6
2018-12-21 09:39:02	Rolled back to block 868 successfully
2018-12-21 09:39:02	UpdateTx 5d4b29fedd, block -1, flags 00030004, import 0
2018-12-21 09:39:02	UpdateTx 5d4b29fedd, block 869, flags 00030004, import 0
2018-12-21 09:39:03	NewBlock 869, Txs: 0, Rows: 3
2018-12-21 09:39:03	NewBlock 870, Txs: 0, Rows: 0
2018-12-21 09:39:09	NewBlock 871, Txs: 0, Rows: 0
2018-12-21 09:39:23	NewBlock 872, Txs: 0, Rows: 0
2018-12-21 09:39:24	NewBlock 873, Txs: 0, Rows: 0
2018-12-21 09:39:54	NewBlock 874, Txs: 0, Rows: 0
2018-12-21 09:40:06	NewBlock 875, Txs: 0, Rows: 0
2018-12-21 09:40:17	NewBlock 876, Txs: 0, Rows: 0
2018-12-21 09:40:23	NewTx e5b536d0456dad1eb31650aaf6ddd5e11bce0e07f9995bff6cb8f8626b18e1ff, block -1, flags 00030004, import 0
2018-12-21 09:40:40	UpdateTx e5b536d045, block 877, flags 00030004, import 0
2018-12-21 09:40:40	NewBlock 877, Txs: 1, Rows: 6
2018-12-21 09:40:41	NewBlock 878, Txs: 0, Rows: 0
2018-12-21 09:41:08	NewBlock 879, Txs: 0, Rows: 0
2018-12-21 09:41:28	NewBlock 880, Txs: 0, Rows: 0
2018-12-21 09:41:41	NewBlock 881, Txs: 0, Rows: 0
2018-12-21 09:41:50	NewBlock 882, Txs: 0, Rows: 0
2018-12-21 09:42:06	NewBlock 883, Txs: 0, Rows: 0
2018-12-21 09:42:22	NewBlock 884, Txs: 0, Rows: 0
2018-12-21 09:42:38	NewBlock 885, Txs: 0, Rows: 0
2018-12-21 09:42:39	NewBlock 886, Txs: 0, Rows: 0
2018-12-21 09:42:58	NewBlock 887, Txs: 0, Rows: 0
2018-12-21 09:43:25	NewBlock 888, Txs: 0, Rows: 0
2018-12-21 09:43:32	NewTx 32057e49bf739f66fe6aa2b04001925642e0f134c12cbc4dbcda0b76c8e23fb3, block -1, flags 00030004, import 0
2018-12-21 09:43:34	NewBlock 889, Txs: 1, Rows: 3
2018-12-21 09:43:34	UpdateTx 32057e49bf, block -1, flags 00030004, import 0
2018-12-21 09:43:49	UpdateTx 32057e49bf, block 890, flags 00030004, import 0
2018-12-21 09:43:50	NewBlock 890, Txs: 0, Rows: 3
2018-12-21 09:44:05	NewBlock 891, Txs: 0, Rows: 0
2018-12-21 09:44:06	NewBlock 892, Txs: 0, Rows: 0
2018-12-21 09:44:25	NewBlock 893, Txs: 0, Rows: 0
2018-12-21 09:44:53	NewBlock 894, Txs: 0, Rows: 0
2018-12-21 09:45:02	NewBlock 895, Txs: 0, Rows: 0
2018-12-21 09:45:03	NewBlock 896, Txs: 0, Rows: 0
2018-12-21 09:45:23	NewBlock 897, Txs: 0, Rows: 0
2018-12-21 09:45:48	NewBlock 898, Txs: 0, Rows: 0
2018-12-21 09:46:07	NewBlock 899, Txs: 0, Rows: 0
2018-12-21 09:46:17	NewBlock 900, Txs: 0, Rows: 0
2018-12-21 09:50:36	NewBlock 901, Txs: 0, Rows: 0
2018-12-21 09:50:40	NewTx c32933cb0067c03d16217e1a4e81c36353bfb57b5681fbda872f54bab2eeaaa9, block -1, flags 00030004, import 0
2018-12-21 09:50:44	UpdateTx c32933cb00, block 902, flags 00030004, import 0
2018-12-21 09:50:44	NewBlock 902, Txs: 1, Rows: 6
2018-12-21 09:51:04	Rolled back to block 901 successfully
2018-12-21 09:51:04	UpdateTx c32933cb00, block -1, flags 00030004, import 0
2018-12-21 09:51:05	UpdateTx c32933cb00, block 902, flags 00030004, import 0
2018-12-21 09:51:05	NewBlock 902, Txs: 0, Rows: 3
2018-12-21 09:51:06	NewBlock 903, Txs: 0, Rows: 0
2018-12-21 09:51:07	NewBlock 904, Txs: 0, Rows: 0
2018-12-21 09:51:07	NewBlock 905, Txs: 0, Rows: 0
2018-12-21 09:51:12	NewBlock 906, Txs: 0, Rows: 0
2018-12-21 09:51:17	NewBlock 907, Txs: 0, Rows: 0
2018-12-21 09:51:23	NewBlock 908, Txs: 0, Rows: 0
2018-12-21 09:51:26	NewBlock 909, Txs: 0, Rows: 0
2018-12-21 09:51:33	NewBlock 910, Txs: 0, Rows: 0
2018-12-21 09:51:56	NewBlock 911, Txs: 0, Rows: 0
2018-12-21 09:52:20	NewBlock 912, Txs: 0, Rows: 0
2018-12-21 09:53:04	NewBlock 913, Txs: 0, Rows: 0
2018-12-21 09:53:05	NewBlock 914, Txs: 0, Rows: 0
2018-12-21 09:53:13	Rolled back to block 913 successfully
2018-12-21 09:53:14	NewBlock 914, Txs: 0, Rows: 0
2018-12-21 09:53:14	NewBlock 915, Txs: 0, Rows: 0
2018-12-21 09:53:34	NewBlock 916, Txs: 0, Rows: 0
2018-12-21 09:53:41	NewBlock 917, Txs: 0, Rows: 0
2018-12-21 09:53:42	NewBlock 918, Txs: 0, Rows: 0
2018-12-21 09:54:13	NewBlock 919, Txs: 0, Rows: 0
2018-12-21 09:54:19	NewBlock 920, Txs: 0, Rows: 0
2018-12-21 09:54:35	NewBlock 921, Txs: 0, Rows: 0
2018-12-21 09:54:51	NewBlock 922, Txs: 0, Rows: 0
2018-12-21 09:55:08	NewBlock 923, Txs: 0, Rows: 0
2018-12-21 09:55:25	NewBlock 924, Txs: 0, Rows: 0
2018-12-21 09:55:45	NewBlock 925, Txs: 0, Rows: 0
2018-12-21 09:55:55	NewBlock 926, Txs: 0, Rows: 0
2018-12-21 09:56:07	NewBlock 927, Txs: 0, Rows: 0
2018-12-21 09:56:23	NewBlock 928, Txs: 0, Rows: 0
2018-12-21 09:56:38	NewBlock 929, Txs: 0, Rows: 0
2018-12-21 09:56:46	NewTx 1339d4f568c4a8479ee2e122552fc1f6d1b25206d489b55672bf6ba148af61be, block -1, flags 00030004, import 0
2018-12-21 09:56:54	UpdateTx 1339d4f568, block 930, flags 00030004, import 0
2018-12-21 09:56:55	NewBlock 930, Txs: 1, Rows: 6
2018-12-21 09:57:09	Rolled back to block 929 successfully
2018-12-21 09:57:09	UpdateTx 1339d4f568, block -1, flags 00030004, import 0
2018-12-21 09:57:10	UpdateTx 1339d4f568, block 930, flags 00030004, import 0
2018-12-21 09:57:10	NewBlock 930, Txs: 0, Rows: 3
2018-12-21 09:57:11	NewBlock 931, Txs: 0, Rows: 0
2018-12-21 09:57:42	NewBlock 932, Txs: 0, Rows: 0
2018-12-21 09:57:43	NewBlock 933, Txs: 0, Rows: 0
2018-12-21 09:57:57	NewBlock 934, Txs: 0, Rows: 0
2018-12-21 09:58:10	NewBlock 935, Txs: 0, Rows: 0
2018-12-21 09:58:27	NewBlock 936, Txs: 0, Rows: 0
2018-12-21 09:58:41	NewBlock 937, Txs: 0, Rows: 0
2018-12-21 09:58:53	NewBlock 938, Txs: 0, Rows: 0
2018-12-21 09:59:14	Rolled back to block 937 successfully
2018-12-21 09:59:15	NewBlock 938, Txs: 0, Rows: 0
2018-12-21 09:59:16	NewBlock 939, Txs: 0, Rows: 0
2018-12-21 09:59:21	NewBlock 940, Txs: 0, Rows: 0
2018-12-21 09:59:38	NewBlock 941, Txs: 0, Rows: 0
2018-12-21 09:59:53	NewBlock 942, Txs: 0, Rows: 0
2018-12-21 10:00:12	NewBlock 943, Txs: 0, Rows: 0
2018-12-21 10:00:21	NewBlock 944, Txs: 0, Rows: 0
2018-12-21 10:02:58	NewBlock 945, Txs: 0, Rows: 0
2018-12-21 10:03:04	NewBlock 946, Txs: 0, Rows: 0
2018-12-21 10:03:04	NewBlock 947, Txs: 0, Rows: 0
2018-12-21 10:03:09	NewBlock 948, Txs: 0, Rows: 0
2018-12-21 10:03:14	NewBlock 949, Txs: 0, Rows: 0
2018-12-21 10:03:32	NewBlock 950, Txs: 0, Rows: 0
2018-12-21 10:03:54	NewTx e41d904e4aaf0543f11aaebfb78624093efcb82dd0394ab7ac13d1202b09683b, block -1, flags 00030004, import 0
2018-12-21 10:03:54	UpdateTx e41d904e4a, block 951, flags 00030004, import 0
2018-12-21 10:03:54	NewBlock 951, Txs: 1, Rows: 6
2018-12-21 10:04:03	NewBlock 952, Txs: 0, Rows: 0
2018-12-21 10:04:14	NewBlock 953, Txs: 0, Rows: 0
2018-12-21 10:04:17	NewBlock 954, Txs: 0, Rows: 0
2018-12-21 10:04:45	NewBlock 955, Txs: 0, Rows: 0
2018-12-21 10:04:47	NewBlock 956, Txs: 0, Rows: 0
2018-12-21 10:05:17	NewBlock 957, Txs: 0, Rows: 0
2018-12-21 10:05:44	NewBlock 958, Txs: 0, Rows: 0
2018-12-21 10:05:45	NewBlock 959, Txs: 0, Rows: 0
2018-12-21 10:05:56	NewBlock 960, Txs: 0, Rows: 0
2018-12-21 10:06:12	NewBlock 961, Txs: 0, Rows: 0
2018-12-21 10:06:34	NewBlock 962, Txs: 0, Rows: 0
2018-12-21 10:06:47	NewBlock 963, Txs: 0, Rows: 0
2018-12-21 10:07:05	NewBlock 964, Txs: 0, Rows: 0
2018-12-21 10:07:06	NewBlock 965, Txs: 0, Rows: 0
2018-12-21 10:07:24	NewBlock 966, Txs: 0, Rows: 0
2018-12-21 10:07:49	NewBlock 967, Txs: 0, Rows: 0
2018-12-21 10:07:56	NewBlock 968, Txs: 0, Rows: 0
2018-12-21 10:08:12	NewBlock 969, Txs: 0, Rows: 0
2018-12-21 10:08:17	NewTx a0be9d87c23973851f9e6485045d73c00db1238f93b4d6058e2764b7e38be254, block -1, flags 00030004, import 0
2018-12-21 10:08:30	UpdateTx a0be9d87c2, block 970, flags 00030004, import 0
2018-12-21 10:08:30	NewBlock 970, Txs: 1, Rows: 6
2018-12-21 10:08:48	NewBlock 971, Txs: 0, Rows: 0
2018-12-21 10:08:56	NewBlock 972, Txs: 0, Rows: 0
2018-12-21 10:09:18	NewBlock 973, Txs: 0, Rows: 0
2018-12-21 10:09:29	NewBlock 974, Txs: 0, Rows: 0
2018-12-21 10:09:41	NewBlock 975, Txs: 0, Rows: 0
2018-12-21 10:10:00	NewBlock 976, Txs: 0, Rows: 0
2018-12-21 10:10:24	NewBlock 977, Txs: 0, Rows: 0
2018-12-21 10:10:24	NewBlock 978, Txs: 0, Rows: 0
2018-12-21 10:10:52	NewBlock 979, Txs: 0, Rows: 0
2018-12-21 10:10:53	NewBlock 980, Txs: 0, Rows: 0
2018-12-21 10:17:55	NewTx cde279fd960397a36710c39a35c74b96d7a5d8cb2904c854d9c59fb9975f0eef, block -1, flags 00030004, import 0
2018-12-21 10:18:05	UpdateTx cde279fd96, block 981, flags 00030004, import 0
2018-12-21 10:18:05	NewBlock 981, Txs: 1, Rows: 6
2018-12-21 10:18:05	NewBlock 982, Txs: 0, Rows: 0
2018-12-21 10:18:19	NewBlock 983, Txs: 0, Rows: 0
2018-12-21 10:18:32	NewBlock 984, Txs: 0, Rows: 0
2018-12-21 10:18:34	Rolled back to block 983 successfully
2018-12-21 10:18:34	NewBlock 984, Txs: 0, Rows: 0
2018-12-21 10:18:34	NewBlock 985, Txs: 0, Rows: 0
2018-12-21 10:18:50	NewBlock 986, Txs: 0, Rows: 0
2018-12-21 10:19:05	NewBlock 987, Txs: 0, Rows: 0
2018-12-21 10:19:09	NewBlock 988, Txs: 0, Rows: 0
2018-12-21 10:19:19	NewBlock 989, Txs: 0, Rows: 0
2018-12-21 10:19:24	NewBlock 990, Txs: 0, Rows: 0
2018-12-21 10:19:29	NewBlock 991, Txs: 0, Rows: 0
2018-12-21 10:19:40	NewTx 8c3ec28d31b70af558c1d7e65deca4ee6cb6f45ed90c79bd7cc24ec477ba4816, block -1, flags 00030004, import 0
2018-12-21 10:19:45	UpdateTx 8c3ec28d31, block 992, flags 00030004, import 0
2018-12-21 10:19:45	NewBlock 992, Txs: 1, Rows: 6
2018-12-21 10:20:06	NewBlock 993, Txs: 0, Rows: 0
2018-12-21 10:20:53	NewBlock 994, Txs: 0, Rows: 0
2018-12-21 10:21:07	NewBlock 995, Txs: 0, Rows: 0
2018-12-21 10:21:15	NewBlock 996, Txs: 0, Rows: 0
2018-12-21 10:21:21	NewBlock 997, Txs: 0, Rows: 0
2018-12-21 10:21:35	NewBlock 998, Txs: 0, Rows: 0
2018-12-21 10:21:49	NewBlock 999, Txs: 0, Rows: 0
2018-12-21 10:22:07	NewBlock 1000, Txs: 0, Rows: 0
2018-12-21 10:22:18	NewBlock 1001, Txs: 0, Rows: 0
2018-12-21 10:22:30	NewBlock 1002, Txs: 0, Rows: 0
2018-12-21 10:22:45	NewBlock 1003, Txs: 0, Rows: 0
2018-12-21 10:27:37	NewTx 2421e7350bf9c1c86f082df741def72529a72c6e79cd2075db51d2978fa6f6ff, block -1, flags 00030004, import 0
2018-12-21 10:27:47	NewBlock 1004, Txs: 1, Rows: 3
2018-12-21 10:27:47	UpdateTx 2421e7350b, block -1, flags 00030004, import 0
2018-12-21 10:27:50	UpdateTx 2421e7350b, block 1005, flags 00030004, import 0
2018-12-21 10:27:51	NewBlock 1005, Txs: 0, Rows: 3
2018-12-21 10:27:52	NewBlock 1006, Txs: 0, Rows: 0
2018-12-21 10:28:03	NewBlock 1007, Txs: 0, Rows: 0
2018-12-21 10:28:13	NewBlock 1008, Txs: 0, Rows: 0
2018-12-21 10:28:22	NewBlock 1009, Txs: 0, Rows: 0
2018-12-21 10:28:25	NewBlock 1010, Txs: 0, Rows: 0
2018-12-21 10:28:37	NewBlock 1011, Txs: 0, Rows: 0
2018-12-21 10:28:45	Rolled back to block 1010 successfully
2018-12-21 10:28:45	NewBlock 1011, Txs: 0, Rows: 0
2018-12-21 10:28:46	NewBlock 1012, Txs: 0, Rows: 0
2018-12-21 10:28:52	NewBlock 1013, Txs: 0, Rows: 0
2018-12-21 10:29:16	NewBlock 1014, Txs: 0, Rows: 0
2018-12-21 10:29:17	NewBlock 1015, Txs: 0, Rows: 0
2018-12-21 10:30:53	NewBlock 1016, Txs: 0, Rows: 0
2018-12-21 10:30:59	NewBlock 1017, Txs: 0, Rows: 0
2018-12-21 10:31:17	NewBlock 1018, Txs: 0, Rows: 0
2018-12-21 10:31:18	NewBlock 1019, Txs: 0, Rows: 0
2018-12-21 10:31:27	NewBlock 1020, Txs: 0, Rows: 0
2018-12-21 10:31:35	NewBlock 1021, Txs: 0, Rows: 0
2018-12-21 10:31:40	NewBlock 1022, Txs: 0, Rows: 0
2018-12-21 10:31:54	NewBlock 1023, Txs: 0, Rows: 0
2018-12-21 10:32:10	NewBlock 1024, Txs: 0, Rows: 0
2018-12-21 10:32:28	NewBlock 1025, Txs: 0, Rows: 0
2018-12-21 10:32:52	NewBlock 1026, Txs: 0, Rows: 0
2018-12-21 10:33:10	NewBlock 1027, Txs: 0, Rows: 0
2018-12-21 10:33:28	NewBlock 1028, Txs: 0, Rows: 0
2018-12-21 10:33:38	NewBlock 1029, Txs: 0, Rows: 0
2018-12-21 10:33:47	NewTx 90ad090f849e90d5c08d47b65c9dbf60927678c0e29714186da014d5b734f40f, block -1, flags 00030004, import 0
2018-12-21 10:33:48	NewBlock 1030, Txs: 1, Rows: 3
2018-12-21 10:33:48	UpdateTx 90ad090f84, block -1, flags 00030004, import 0
2018-12-21 10:34:04	UpdateTx 90ad090f84, block 1031, flags 00030004, import 0
2018-12-21 10:34:04	NewBlock 1031, Txs: 0, Rows: 3
2018-12-21 10:34:06	NewBlock 1032, Txs: 0, Rows: 0
2018-12-21 10:34:46	NewBlock 1033, Txs: 0, Rows: 0
2018-12-21 10:34:47	NewBlock 1034, Txs: 0, Rows: 0
2018-12-21 10:35:01	Rolled back to block 1033 successfully
2018-12-21 10:35:01	NewBlock 1034, Txs: 0, Rows: 0
2018-12-21 10:35:02	NewBlock 1035, Txs: 0, Rows: 0
2018-12-21 10:35:19	NewBlock 1036, Txs: 0, Rows: 0
2018-12-21 10:35:32	NewBlock 1037, Txs: 0, Rows: 0
2018-12-21 10:35:56	NewBlock 1038, Txs: 0, Rows: 0
2018-12-21 10:36:13	NewBlock 1039, Txs: 0, Rows: 0
2018-12-21 10:36:15	NewBlock 1040, Txs: 0, Rows: 0
2018-12-21 10:36:35	NewBlock 1041, Txs: 0, Rows: 0
2018-12-21 11:05:34	NewTx b3ab5d1edd50055cc27a033dcd887477e2ec6770129d9cd848e3af1b49acbed7, block -1, flags 00030004, import 0
2018-12-21 11:05:37	UpdateTx b3ab5d1edd, block 1042, flags 00030004, import 0
2018-12-21 11:05:37	NewBlock 1042, Txs: 1, Rows: 6
2018-12-21 11:05:41	NewBlock 1043, Txs: 0, Rows: 0
2018-12-21 11:05:45	NewBlock 1044, Txs: 0, Rows: 0
2018-12-21 11:05:45	NewBlock 1045, Txs: 0, Rows: 0
2018-12-21 11:05:55	NewBlock 1046, Txs: 0, Rows: 0
2018-12-21 11:06:06	NewBlock 1047, Txs: 0, Rows: 0
2018-12-21 11:06:17	NewBlock 1048, Txs: 0, Rows: 0
2018-12-21 11:06:24	NewBlock 1049, Txs: 0, Rows: 0
2018-12-21 11:06:29	NewBlock 1050, Txs: 0, Rows: 0
2018-12-21 11:06:43	NewBlock 1051, Txs: 0, Rows: 0
2018-12-21 11:06:43	NewBlock 1052, Txs: 0, Rows: 0
