2018-10-29 12:57:41 9644 [Note] Plugin 'FEDERATED' is disabled.
2018-10-29 12:57:49 9644 [Note] InnoDB: The InnoDB memory heap is disabled
2018-10-29 12:57:49 9644 [Note] InnoDB: Mutexes and rw_locks use Windows interlocked functions
2018-10-29 12:57:49 9644 [Note] InnoDB: Compressed tables use zlib 1.2.3
2018-10-29 12:57:49 9644 [Note] InnoDB: Not using CPU crc32 instructions
2018-10-29 12:57:49 9644 [Note] InnoDB: Initializing buffer pool, size = 128.0M
2018-10-29 12:57:49 9644 [Note] InnoDB: Completed initialization of buffer pool
2018-10-29 12:57:50 9644 [Note] InnoDB: Highest supported file format is Barracuda.
2018-10-29 12:57:50 9644 [Note] InnoDB: The log sequence numbers 1626134 and 1626134 in ibdata files do not match the log sequence number 1626736 in the ib_logfiles!
2018-10-29 12:57:51 9644 [Note] InnoDB: Database was not shutdown normally!
2018-10-29 12:57:51 9644 [Note] InnoDB: Starting crash recovery.
2018-10-29 12:57:51 9644 [Note] InnoDB: Reading tablespace information from the .ibd files...
2018-10-29 12:57:51 9644 [Note] InnoDB: Restoring possible half-written data pages 
2018-10-29 12:57:51 9644 [Note] InnoDB: from the doublewrite buffer...
2018-10-29 12:57:54 9644 [Note] InnoDB: 128 rollback segment(s) are active.
2018-10-29 12:57:54 9644 [Note] InnoDB: Waiting for purge to start
2018-10-29 12:57:55 9644 [Note] InnoDB: 5.6.13 started; log sequence number 1626736
2018-10-29 12:57:55 9644 [Note] Server hostname (bind-address): '*'; port: 3307
2018-10-29 12:57:55 9644 [Note] IPv6 is available.
2018-10-29 12:57:55 9644 [Note]   - '::' resolves to '::';
2018-10-29 12:57:55 9644 [Note] Server socket created on IP: '::'.
2018-10-29 13:16:52 11292 [Note] Plugin 'FEDERATED' is disabled.
2018-10-29 13:16:53 11292 [Note] InnoDB: The InnoDB memory heap is disabled
2018-10-29 13:16:53 11292 [Note] InnoDB: Mutexes and rw_locks use Windows interlocked functions
2018-10-29 13:16:53 11292 [Note] InnoDB: Compressed tables use zlib 1.2.3
2018-10-29 13:16:53 11292 [Note] InnoDB: Not using CPU crc32 instructions
2018-10-29 13:16:53 11292 [Note] InnoDB: Initializing buffer pool, size = 128.0M
2018-10-29 13:16:53 11292 [Note] InnoDB: Completed initialization of buffer pool
2018-10-29 13:16:53 11292 [Note] InnoDB: Highest supported file format is Barracuda.
2018-10-29 13:16:53 11292 [Note] InnoDB: The log sequence numbers 1626134 and 1626134 in ibdata files do not match the log sequence number 1626746 in the ib_logfiles!
2018-10-29 13:16:53 11292 [Note] InnoDB: Database was not shutdown normally!
2018-10-29 13:16:53 11292 [Note] InnoDB: Starting crash recovery.
2018-10-29 13:16:53 11292 [Note] InnoDB: Reading tablespace information from the .ibd files...
2018-10-29 13:16:53 11292 [Note] InnoDB: Restoring possible half-written data pages 
2018-10-29 13:16:53 11292 [Note] InnoDB: from the doublewrite buffer...
2018-10-29 13:16:53 11292 [Note] InnoDB: 128 rollback segment(s) are active.
2018-10-29 13:16:53 11292 [Note] InnoDB: Waiting for purge to start
2018-10-29 13:16:53 11292 [Note] InnoDB: 5.6.13 started; log sequence number 1626746
2018-10-29 13:16:53 11292 [Note] Server hostname (bind-address): '*'; port: 3307
2018-10-29 13:16:53 11292 [Note] IPv6 is available.
2018-10-29 13:16:53 11292 [Note]   - '::' resolves to '::';
2018-10-29 13:16:53 11292 [Note] Server socket created on IP: '::'.
