2018-10-15 22:19:29 3244 [Note] Plugin 'FEDERATED' is disabled.
2018-10-15 22:19:29 3244 [Note] InnoDB: The InnoDB memory heap is disabled
2018-10-15 22:19:29 3244 [Note] InnoDB: Mutexes and rw_locks use Windows interlocked functions
2018-10-15 22:19:29 3244 [Note] InnoDB: Compressed tables use zlib 1.2.3
2018-10-15 22:19:29 3244 [Note] InnoDB: Not using CPU crc32 instructions
2018-10-15 22:19:29 3244 [Note] InnoDB: Initializing buffer pool, size = 128.0M
2018-10-15 22:19:29 3244 [Note] InnoDB: Completed initialization of buffer pool
2018-10-15 22:19:29 3244 [Note] InnoDB: Highest supported file format is Barracuda.
2018-10-15 22:19:29 3244 [Note] InnoDB: The log sequence numbers 1626696 and 1626696 in ibdata files do not match the log sequence number 1626866 in the ib_logfiles!
2018-10-15 22:19:29 3244 [Note] InnoDB: Database was not shutdown normally!
2018-10-15 22:19:29 3244 [Note] InnoDB: Starting crash recovery.
2018-10-15 22:19:29 3244 [Note] InnoDB: Reading tablespace information from the .ibd files...
2018-10-15 22:19:29 3244 [Note] InnoDB: Restoring possible half-written data pages 
2018-10-15 22:19:29 3244 [Note] InnoDB: from the doublewrite buffer...
2018-10-15 22:19:29 3244 [Note] InnoDB: 128 rollback segment(s) are active.
2018-10-15 22:19:29 3244 [Note] InnoDB: Waiting for purge to start
2018-10-15 22:19:29 3244 [Note] InnoDB: 5.6.13 started; log sequence number 1626866
2018-10-15 22:19:29 3244 [Note] Server hostname (bind-address): '*'; port: 3307
2018-10-15 22:19:29 3244 [Note] IPv6 is available.
2018-10-15 22:19:29 3244 [Note]   - '::' resolves to '::';
2018-10-15 22:19:29 3244 [Note] Server socket created on IP: '::'.
2018-10-17 10:25:45 236 [Note] Plugin 'FEDERATED' is disabled.
2018-10-17 10:25:45 236 [Note] InnoDB: The InnoDB memory heap is disabled
2018-10-17 10:25:45 236 [Note] InnoDB: Mutexes and rw_locks use Windows interlocked functions
2018-10-17 10:25:45 236 [Note] InnoDB: Compressed tables use zlib 1.2.3
2018-10-17 10:25:45 236 [Note] InnoDB: Not using CPU crc32 instructions
2018-10-17 10:25:45 236 [Note] InnoDB: Initializing buffer pool, size = 128.0M
2018-10-17 10:25:45 236 [Note] InnoDB: Completed initialization of buffer pool
2018-10-17 10:25:45 236 [Note] InnoDB: Highest supported file format is Barracuda.
2018-10-17 10:25:45 236 [Note] InnoDB: The log sequence numbers 1626696 and 1626696 in ibdata files do not match the log sequence number 1626876 in the ib_logfiles!
2018-10-17 10:25:45 236 [Note] InnoDB: Database was not shutdown normally!
2018-10-17 10:25:45 236 [Note] InnoDB: Starting crash recovery.
2018-10-17 10:25:45 236 [Note] InnoDB: Reading tablespace information from the .ibd files...
2018-10-17 10:25:45 236 [Note] InnoDB: Restoring possible half-written data pages 
2018-10-17 10:25:45 236 [Note] InnoDB: from the doublewrite buffer...
2018-10-17 10:25:46 236 [Note] InnoDB: 128 rollback segment(s) are active.
2018-10-17 10:25:46 236 [Note] InnoDB: Waiting for purge to start
2018-10-17 10:25:46 236 [Note] InnoDB: 5.6.13 started; log sequence number 1626876
2018-10-17 10:25:46 236 [Note] Server hostname (bind-address): '*'; port: 3307
2018-10-17 10:25:46 236 [Note] IPv6 is available.
2018-10-17 10:25:46 236 [Note]   - '::' resolves to '::';
2018-10-17 10:25:46 236 [Note] Server socket created on IP: '::'.
2018-10-18 14:03:09 11064 [Note] Plugin 'FEDERATED' is disabled.
2018-10-18 14:03:09 11064 [Note] InnoDB: The InnoDB memory heap is disabled
2018-10-18 14:03:09 11064 [Note] InnoDB: Mutexes and rw_locks use Windows interlocked functions
2018-10-18 14:03:09 11064 [Note] InnoDB: Compressed tables use zlib 1.2.3
2018-10-18 14:03:09 11064 [Note] InnoDB: Not using CPU crc32 instructions
2018-10-18 14:03:09 11064 [Note] InnoDB: Initializing buffer pool, size = 128.0M
2018-10-18 14:03:09 11064 [Note] InnoDB: Completed initialization of buffer pool
2018-10-18 14:03:09 11064 [Note] InnoDB: Highest supported file format is Barracuda.
2018-10-18 14:03:09 11064 [Note] InnoDB: The log sequence numbers 1626696 and 1626696 in ibdata files do not match the log sequence number 1626886 in the ib_logfiles!
2018-10-18 14:03:09 11064 [Note] InnoDB: Database was not shutdown normally!
2018-10-18 14:03:09 11064 [Note] InnoDB: Starting crash recovery.
2018-10-18 14:03:09 11064 [Note] InnoDB: Reading tablespace information from the .ibd files...
2018-10-18 14:03:09 11064 [Note] InnoDB: Restoring possible half-written data pages 
2018-10-18 14:03:09 11064 [Note] InnoDB: from the doublewrite buffer...
2018-10-18 14:03:09 11064 [Note] InnoDB: 128 rollback segment(s) are active.
2018-10-18 14:03:09 11064 [Note] InnoDB: Waiting for purge to start
2018-10-18 14:03:09 11064 [Note] InnoDB: 5.6.13 started; log sequence number 1626886
2018-10-18 14:03:09 11064 [Note] Server hostname (bind-address): '*'; port: 3307
2018-10-18 14:03:09 11064 [Note] IPv6 is available.
2018-10-18 14:03:09 11064 [Note]   - '::' resolves to '::';
2018-10-18 14:03:09 11064 [Note] Server socket created on IP: '::'.
2018-10-18 16:32:02 13676 [Note] Plugin 'FEDERATED' is disabled.
2018-10-18 16:32:02 13676 [Note] InnoDB: The InnoDB memory heap is disabled
2018-10-18 16:32:02 13676 [Note] InnoDB: Mutexes and rw_locks use Windows interlocked functions
2018-10-18 16:32:02 13676 [Note] InnoDB: Compressed tables use zlib 1.2.3
2018-10-18 16:32:02 13676 [Note] InnoDB: Not using CPU crc32 instructions
2018-10-18 16:32:02 13676 [Note] InnoDB: Initializing buffer pool, size = 128.0M
2018-10-18 16:32:02 13676 [Note] InnoDB: Completed initialization of buffer pool
2018-10-18 16:32:03 13676 [Note] InnoDB: Highest supported file format is Barracuda.
2018-10-18 16:32:03 13676 [Note] InnoDB: The log sequence numbers 1626696 and 1626696 in ibdata files do not match the log sequence number 1626896 in the ib_logfiles!
2018-10-18 16:32:03 13676 [Note] InnoDB: Database was not shutdown normally!
2018-10-18 16:32:03 13676 [Note] InnoDB: Starting crash recovery.
2018-10-18 16:32:03 13676 [Note] InnoDB: Reading tablespace information from the .ibd files...
2018-10-18 16:32:03 13676 [Note] InnoDB: Restoring possible half-written data pages 
2018-10-18 16:32:03 13676 [Note] InnoDB: from the doublewrite buffer...
2018-10-18 16:32:03 13676 [Note] InnoDB: 128 rollback segment(s) are active.
2018-10-18 16:32:03 13676 [Note] InnoDB: Waiting for purge to start
2018-10-18 16:32:03 13676 [Note] InnoDB: 5.6.13 started; log sequence number 1626896
2018-10-18 16:32:03 13676 [Note] Server hostname (bind-address): '*'; port: 3307
2018-10-18 16:32:03 13676 [Note] IPv6 is available.
2018-10-18 16:32:03 13676 [Note]   - '::' resolves to '::';
2018-10-18 16:32:03 13676 [Note] Server socket created on IP: '::'.
2018-10-18 20:01:38 9112 [Note] Plugin 'FEDERATED' is disabled.
2018-10-18 20:01:38 9112 [Note] InnoDB: The InnoDB memory heap is disabled
2018-10-18 20:01:38 9112 [Note] InnoDB: Mutexes and rw_locks use Windows interlocked functions
2018-10-18 20:01:38 9112 [Note] InnoDB: Compressed tables use zlib 1.2.3
2018-10-18 20:01:38 9112 [Note] InnoDB: Not using CPU crc32 instructions
2018-10-18 20:01:38 9112 [Note] InnoDB: Initializing buffer pool, size = 128.0M
2018-10-18 20:01:38 9112 [Note] InnoDB: Completed initialization of buffer pool
2018-10-18 20:01:38 9112 [Note] InnoDB: Highest supported file format is Barracuda.
2018-10-18 20:01:38 9112 [Note] InnoDB: The log sequence numbers 1626696 and 1626696 in ibdata files do not match the log sequence number 1626906 in the ib_logfiles!
2018-10-18 20:01:38 9112 [Note] InnoDB: Database was not shutdown normally!
2018-10-18 20:01:38 9112 [Note] InnoDB: Starting crash recovery.
2018-10-18 20:01:38 9112 [Note] InnoDB: Reading tablespace information from the .ibd files...
2018-10-18 20:01:38 9112 [Note] InnoDB: Restoring possible half-written data pages 
2018-10-18 20:01:38 9112 [Note] InnoDB: from the doublewrite buffer...
2018-10-18 20:01:39 9112 [Note] InnoDB: 128 rollback segment(s) are active.
2018-10-18 20:01:39 9112 [Note] InnoDB: Waiting for purge to start
2018-10-18 20:01:39 9112 [Note] InnoDB: 5.6.13 started; log sequence number 1626906
2018-10-18 20:01:39 9112 [Note] Server hostname (bind-address): '*'; port: 3307
2018-10-18 20:01:39 9112 [Note] IPv6 is available.
2018-10-18 20:01:39 9112 [Note]   - '::' resolves to '::';
2018-10-18 20:01:39 9112 [Note] Server socket created on IP: '::'.
2018-10-18 20:05:20 1224 [Note] Plugin 'FEDERATED' is disabled.
2018-10-18 20:05:20 1224 [Note] InnoDB: The InnoDB memory heap is disabled
2018-10-18 20:05:20 1224 [Note] InnoDB: Mutexes and rw_locks use Windows interlocked functions
2018-10-18 20:05:20 1224 [Note] InnoDB: Compressed tables use zlib 1.2.3
2018-10-18 20:05:20 1224 [Note] InnoDB: Not using CPU crc32 instructions
2018-10-18 20:05:20 1224 [Note] InnoDB: Initializing buffer pool, size = 128.0M
2018-10-18 20:05:20 1224 [Note] InnoDB: Completed initialization of buffer pool
2018-10-18 20:05:20 1224 [Note] InnoDB: Highest supported file format is Barracuda.
2018-10-18 20:05:20 1224 [Note] InnoDB: The log sequence numbers 1626696 and 1626696 in ibdata files do not match the log sequence number 1626916 in the ib_logfiles!
2018-10-18 20:05:20 1224 [Note] InnoDB: Database was not shutdown normally!
2018-10-18 20:05:20 1224 [Note] InnoDB: Starting crash recovery.
2018-10-18 20:05:20 1224 [Note] InnoDB: Reading tablespace information from the .ibd files...
2018-10-18 20:05:20 1224 [Note] InnoDB: Restoring possible half-written data pages 
2018-10-18 20:05:20 1224 [Note] InnoDB: from the doublewrite buffer...
2018-10-18 20:05:20 1224 [Note] InnoDB: 128 rollback segment(s) are active.
2018-10-18 20:05:20 1224 [Note] InnoDB: Waiting for purge to start
2018-10-18 20:05:20 1224 [Note] InnoDB: 5.6.13 started; log sequence number 1626916
2018-10-18 20:05:20 1224 [Note] Server hostname (bind-address): '*'; port: 3307
2018-10-18 20:05:20 1224 [Note] IPv6 is available.
2018-10-18 20:05:20 1224 [Note]   - '::' resolves to '::';
2018-10-18 20:05:20 1224 [Note] Server socket created on IP: '::'.
2018-10-18 20:05:20 1224 [Note] Event Scheduler: Loaded 0 events
2018-10-18 20:05:20 1224 [Note] G:\Server/mysql/bin/mysqld_usbwv8.exe: ready for connections.
Version: '5.6.13'  socket: ''  port: 3307  MySQL Community Server (GPL)
2018-10-18 20:06:15 8536 [Note] Plugin 'FEDERATED' is disabled.
2018-10-18 20:06:15 8536 [Note] InnoDB: The InnoDB memory heap is disabled
2018-10-18 20:06:15 8536 [Note] InnoDB: Mutexes and rw_locks use Windows interlocked functions
2018-10-18 20:06:15 8536 [Note] InnoDB: Compressed tables use zlib 1.2.3
2018-10-18 20:06:15 8536 [Note] InnoDB: Not using CPU crc32 instructions
2018-10-18 20:06:15 8536 [Note] InnoDB: Initializing buffer pool, size = 128.0M
2018-10-18 20:06:15 8536 [Note] InnoDB: Completed initialization of buffer pool
2018-10-18 20:06:15 8536 [Note] InnoDB: Highest supported file format is Barracuda.
2018-10-18 20:06:15 8536 [Note] InnoDB: The log sequence numbers 1626696 and 1626696 in ibdata files do not match the log sequence number 1626926 in the ib_logfiles!
2018-10-18 20:06:15 8536 [Note] InnoDB: Database was not shutdown normally!
2018-10-18 20:06:15 8536 [Note] InnoDB: Starting crash recovery.
2018-10-18 20:06:15 8536 [Note] InnoDB: Reading tablespace information from the .ibd files...
2018-10-18 20:06:15 8536 [Note] InnoDB: Restoring possible half-written data pages 
2018-10-18 20:06:15 8536 [Note] InnoDB: from the doublewrite buffer...
2018-10-18 20:06:15 8536 [Note] InnoDB: 128 rollback segment(s) are active.
2018-10-18 20:06:15 8536 [Note] InnoDB: Waiting for purge to start
2018-10-18 20:06:15 8536 [Note] InnoDB: 5.6.13 started; log sequence number 1626926
2018-10-18 20:06:15 8536 [Note] Server hostname (bind-address): '*'; port: 3307
2018-10-18 20:06:15 8536 [Note] IPv6 is available.
2018-10-18 20:06:15 8536 [Note]   - '::' resolves to '::';
2018-10-18 20:06:15 8536 [Note] Server socket created on IP: '::'.
2018-10-18 20:06:58 7964 [Note] Plugin 'FEDERATED' is disabled.
2018-10-18 20:06:58 7964 [Note] InnoDB: The InnoDB memory heap is disabled
2018-10-18 20:06:58 7964 [Note] InnoDB: Mutexes and rw_locks use Windows interlocked functions
2018-10-18 20:06:58 7964 [Note] InnoDB: Compressed tables use zlib 1.2.3
2018-10-18 20:06:58 7964 [Note] InnoDB: Not using CPU crc32 instructions
2018-10-18 20:06:58 7964 [Note] InnoDB: Initializing buffer pool, size = 128.0M
2018-10-18 20:06:58 7964 [Note] InnoDB: Completed initialization of buffer pool
2018-10-18 20:06:58 7964 [Note] InnoDB: Highest supported file format is Barracuda.
2018-10-18 20:06:58 7964 [Note] InnoDB: The log sequence numbers 1626696 and 1626696 in ibdata files do not match the log sequence number 1626936 in the ib_logfiles!
2018-10-18 20:06:58 7964 [Note] InnoDB: Database was not shutdown normally!
2018-10-18 20:06:58 7964 [Note] InnoDB: Starting crash recovery.
2018-10-18 20:06:58 7964 [Note] InnoDB: Reading tablespace information from the .ibd files...
2018-10-18 20:06:58 7964 [Note] InnoDB: Restoring possible half-written data pages 
2018-10-18 20:06:58 7964 [Note] InnoDB: from the doublewrite buffer...
2018-10-18 20:06:58 7964 [Note] InnoDB: 128 rollback segment(s) are active.
2018-10-18 20:06:58 7964 [Note] InnoDB: Waiting for purge to start
2018-10-18 20:06:58 7964 [Note] InnoDB: 5.6.13 started; log sequence number 1626936
2018-10-18 20:06:58 7964 [Note] Server hostname (bind-address): '*'; port: 3307
2018-10-18 20:06:58 7964 [Note] IPv6 is available.
2018-10-18 20:06:58 7964 [Note]   - '::' resolves to '::';
2018-10-18 20:06:58 7964 [Note] Server socket created on IP: '::'.
2018-10-18 20:07:18 3752 [Note] Plugin 'FEDERATED' is disabled.
2018-10-18 20:07:18 3752 [Note] InnoDB: The InnoDB memory heap is disabled
2018-10-18 20:07:18 3752 [Note] InnoDB: Mutexes and rw_locks use Windows interlocked functions
2018-10-18 20:07:18 3752 [Note] InnoDB: Compressed tables use zlib 1.2.3
2018-10-18 20:07:18 3752 [Note] InnoDB: Not using CPU crc32 instructions
2018-10-18 20:07:18 3752 [Note] InnoDB: Initializing buffer pool, size = 128.0M
2018-10-18 20:07:18 3752 [Note] InnoDB: Completed initialization of buffer pool
2018-10-18 20:07:18 3752 [Note] InnoDB: Highest supported file format is Barracuda.
2018-10-18 20:07:18 3752 [Note] InnoDB: The log sequence numbers 1626696 and 1626696 in ibdata files do not match the log sequence number 1626946 in the ib_logfiles!
2018-10-18 20:07:18 3752 [Note] InnoDB: Database was not shutdown normally!
2018-10-18 20:07:18 3752 [Note] InnoDB: Starting crash recovery.
2018-10-18 20:07:18 3752 [Note] InnoDB: Reading tablespace information from the .ibd files...
2018-10-18 20:07:18 3752 [Note] InnoDB: Restoring possible half-written data pages 
2018-10-18 20:07:18 3752 [Note] InnoDB: from the doublewrite buffer...
2018-10-18 20:07:18 3752 [Note] InnoDB: 128 rollback segment(s) are active.
2018-10-18 20:07:18 3752 [Note] InnoDB: Waiting for purge to start
2018-10-18 20:07:18 3752 [Note] InnoDB: 5.6.13 started; log sequence number 1626946
2018-10-18 20:07:18 3752 [Note] Server hostname (bind-address): '*'; port: 3307
2018-10-18 20:07:18 3752 [Note] IPv6 is available.
2018-10-18 20:07:18 3752 [Note]   - '::' resolves to '::';
2018-10-18 20:07:18 3752 [Note] Server socket created on IP: '::'.
2018-10-18 20:11:18 3288 [Note] Plugin 'FEDERATED' is disabled.
2018-10-18 20:11:18 3288 [Note] InnoDB: The InnoDB memory heap is disabled
2018-10-18 20:11:18 3288 [Note] InnoDB: Mutexes and rw_locks use Windows interlocked functions
2018-10-18 20:11:18 3288 [Note] InnoDB: Compressed tables use zlib 1.2.3
2018-10-18 20:11:18 3288 [Note] InnoDB: Not using CPU crc32 instructions
2018-10-18 20:11:18 3288 [Note] InnoDB: Initializing buffer pool, size = 128.0M
2018-10-18 20:11:18 3288 [Note] InnoDB: Completed initialization of buffer pool
2018-10-18 20:11:18 3288 [Note] InnoDB: Highest supported file format is Barracuda.
2018-10-18 20:11:18 3288 [Note] InnoDB: The log sequence numbers 1626696 and 1626696 in ibdata files do not match the log sequence number 1626956 in the ib_logfiles!
2018-10-18 20:11:18 3288 [Note] InnoDB: Database was not shutdown normally!
2018-10-18 20:11:18 3288 [Note] InnoDB: Starting crash recovery.
2018-10-18 20:11:18 3288 [Note] InnoDB: Reading tablespace information from the .ibd files...
2018-10-18 20:11:18 3288 [Note] InnoDB: Restoring possible half-written data pages 
2018-10-18 20:11:18 3288 [Note] InnoDB: from the doublewrite buffer...
2018-10-18 20:11:18 3288 [Note] InnoDB: 128 rollback segment(s) are active.
2018-10-18 20:11:18 3288 [Note] InnoDB: Waiting for purge to start
2018-10-18 20:11:18 3288 [Note] InnoDB: 5.6.13 started; log sequence number 1626956
2018-10-18 20:11:18 3288 [Note] Server hostname (bind-address): '*'; port: 3307
2018-10-18 20:11:18 3288 [Note] IPv6 is available.
2018-10-18 20:11:18 3288 [Note]   - '::' resolves to '::';
2018-10-18 20:11:18 3288 [Note] Server socket created on IP: '::'.
2018-10-18 20:11:36 3288 [Note] Event Scheduler: Loaded 0 events
2018-10-18 20:11:36 3288 [Note] G:\multichain/mysql/bin/mysqld_usbwv8.exe: ready for connections.
Version: '5.6.13'  socket: ''  port: 3307  MySQL Community Server (GPL)
2018-10-18 20:12:00 14564 [Note] Plugin 'FEDERATED' is disabled.
2018-10-18 20:12:00 14564 [Note] InnoDB: The InnoDB memory heap is disabled
2018-10-18 20:12:00 14564 [Note] InnoDB: Mutexes and rw_locks use Windows interlocked functions
2018-10-18 20:12:00 14564 [Note] InnoDB: Compressed tables use zlib 1.2.3
2018-10-18 20:12:00 14564 [Note] InnoDB: Not using CPU crc32 instructions
2018-10-18 20:12:00 14564 [Note] InnoDB: Initializing buffer pool, size = 128.0M
2018-10-18 20:12:00 14564 [Note] InnoDB: Completed initialization of buffer pool
2018-10-18 20:12:01 14564 [Note] InnoDB: Highest supported file format is Barracuda.
2018-10-18 20:12:01 14564 [Note] InnoDB: The log sequence numbers 1626696 and 1626696 in ibdata files do not match the log sequence number 1626966 in the ib_logfiles!
2018-10-18 20:12:01 14564 [Note] InnoDB: Database was not shutdown normally!
2018-10-18 20:12:01 14564 [Note] InnoDB: Starting crash recovery.
2018-10-18 20:12:01 14564 [Note] InnoDB: Reading tablespace information from the .ibd files...
2018-10-18 20:12:01 14564 [Note] InnoDB: Restoring possible half-written data pages 
2018-10-18 20:12:01 14564 [Note] InnoDB: from the doublewrite buffer...
2018-10-18 20:12:01 14564 [Note] InnoDB: 128 rollback segment(s) are active.
2018-10-18 20:12:01 14564 [Note] InnoDB: Waiting for purge to start
2018-10-18 20:12:01 14564 [Note] InnoDB: 5.6.13 started; log sequence number 1626966
2018-10-18 20:12:01 14564 [Note] Server hostname (bind-address): '*'; port: 3307
2018-10-18 20:12:01 14564 [Note] IPv6 is available.
2018-10-18 20:12:01 14564 [Note]   - '::' resolves to '::';
2018-10-18 20:12:01 14564 [Note] Server socket created on IP: '::'.
2018-10-18 20:12:47 9028 [Note] Plugin 'FEDERATED' is disabled.
2018-10-18 20:12:47 9028 [Note] InnoDB: The InnoDB memory heap is disabled
2018-10-18 20:12:47 9028 [Note] InnoDB: Mutexes and rw_locks use Windows interlocked functions
2018-10-18 20:12:47 9028 [Note] InnoDB: Compressed tables use zlib 1.2.3
2018-10-18 20:12:47 9028 [Note] InnoDB: Not using CPU crc32 instructions
2018-10-18 20:12:47 9028 [Note] InnoDB: Initializing buffer pool, size = 128.0M
2018-10-18 20:12:47 9028 [Note] InnoDB: Completed initialization of buffer pool
2018-10-18 20:12:47 9028 [ERROR] InnoDB: G:\multichain\mysql\data\ibdata1 can't be opened in read-write mode
2018-10-18 20:12:47 9028 [ERROR] InnoDB: The system tablespace must be writable!
2018-10-18 20:12:47 9028 [ERROR] Plugin 'InnoDB' init function returned error.
2018-10-18 20:12:47 9028 [ERROR] Plugin 'InnoDB' registration as a STORAGE ENGINE failed.
2018-10-18 20:12:47 9028 [ERROR] Unknown/unsupported storage engine: InnoDB
2018-10-18 20:12:47 9028 [ERROR] Aborting

2018-10-18 20:12:47 9028 [Note] Binlog end
2018-10-18 20:12:47 9028 [Note] Shutting down plugin 'partition'
2018-10-18 20:12:47 9028 [Note] Shutting down plugin 'PERFORMANCE_SCHEMA'
2018-10-18 20:12:47 9028 [Note] Shutting down plugin 'INNODB_SYS_DATAFILES'
2018-10-18 20:12:47 9028 [Note] Shutting down plugin 'INNODB_SYS_TABLESPACES'
2018-10-18 20:12:47 9028 [Note] Shutting down plugin 'INNODB_SYS_FOREIGN_COLS'
2018-10-18 20:12:47 9028 [Note] Shutting down plugin 'INNODB_SYS_FOREIGN'
2018-10-18 20:12:47 9028 [Note] Shutting down plugin 'INNODB_SYS_FIELDS'
2018-10-18 20:12:47 9028 [Note] Shutting down plugin 'INNODB_SYS_COLUMNS'
2018-10-18 20:12:47 9028 [Note] Shutting down plugin 'INNODB_SYS_INDEXES'
2018-10-18 20:12:47 9028 [Note] Shutting down plugin 'INNODB_SYS_TABLESTATS'
2018-10-18 20:12:47 9028 [Note] Shutting down plugin 'INNODB_SYS_TABLES'
2018-10-18 20:12:47 9028 [Note] Shutting down plugin 'INNODB_FT_INDEX_TABLE'
2018-10-18 20:12:47 9028 [Note] Shutting down plugin 'INNODB_FT_INDEX_CACHE'
2018-10-18 20:12:47 9028 [Note] Shutting down plugin 'INNODB_FT_CONFIG'
2018-10-18 20:12:47 9028 [Note] Shutting down plugin 'INNODB_FT_BEING_DELETED'
2018-10-18 20:12:47 9028 [Note] Shutting down plugin 'INNODB_FT_DELETED'
2018-10-18 20:12:47 9028 [Note] Shutting down plugin 'INNODB_FT_DEFAULT_STOPWORD'
2018-10-18 20:12:47 9028 [Note] Shutting down plugin 'INNODB_METRICS'
2018-10-18 20:12:47 9028 [Note] Shutting down plugin 'INNODB_BUFFER_POOL_STATS'
2018-10-18 20:12:47 9028 [Note] Shutting down plugin 'INNODB_BUFFER_PAGE_LRU'
2018-10-18 20:12:47 9028 [Note] Shutting down plugin 'INNODB_BUFFER_PAGE'
2018-10-18 20:12:47 9028 [Note] Shutting down plugin 'INNODB_CMP_PER_INDEX_RESET'
2018-10-18 20:12:47 9028 [Note] Shutting down plugin 'INNODB_CMP_PER_INDEX'
2018-10-18 20:12:47 9028 [Note] Shutting down plugin 'INNODB_CMPMEM_RESET'
2018-10-18 20:12:47 9028 [Note] Shutting down plugin 'INNODB_CMPMEM'
2018-10-18 20:12:47 9028 [Note] Shutting down plugin 'INNODB_CMP_RESET'
2018-10-18 20:12:47 9028 [Note] Shutting down plugin 'INNODB_CMP'
2018-10-18 20:12:47 9028 [Note] Shutting down plugin 'INNODB_LOCK_WAITS'
2018-10-18 20:12:47 9028 [Note] Shutting down plugin 'INNODB_LOCKS'
2018-10-18 20:12:47 9028 [Note] Shutting down plugin 'INNODB_TRX'
2018-10-18 20:12:47 9028 [Note] Shutting down plugin 'BLACKHOLE'
2018-10-18 20:12:47 9028 [Note] Shutting down plugin 'ARCHIVE'
2018-10-18 20:12:47 9028 [Note] Shutting down plugin 'MRG_MYISAM'
2018-10-18 20:12:47 9028 [Note] Shutting down plugin 'MyISAM'
2018-10-18 20:12:47 9028 [Note] Shutting down plugin 'MEMORY'
2018-10-18 20:12:47 9028 [Note] Shutting down plugin 'CSV'
2018-10-18 20:12:47 9028 [Note] Shutting down plugin 'sha256_password'
2018-10-18 20:12:47 9028 [Note] Shutting down plugin 'mysql_old_password'
2018-10-18 20:12:47 9028 [Note] Shutting down plugin 'mysql_native_password'
2018-10-18 20:12:47 9028 [Note] Shutting down plugin 'binlog'
2018-10-18 20:12:47 9028 [Note] G:\multichain/mysql/bin/mysqld_usbwv8.exe: Shutdown complete

2018-10-18 20:13:24 10580 [Note] Plugin 'FEDERATED' is disabled.
2018-10-18 20:13:24 10580 [Note] InnoDB: The InnoDB memory heap is disabled
2018-10-18 20:13:24 10580 [Note] InnoDB: Mutexes and rw_locks use Windows interlocked functions
2018-10-18 20:13:24 10580 [Note] InnoDB: Compressed tables use zlib 1.2.3
2018-10-18 20:13:24 10580 [Note] InnoDB: Not using CPU crc32 instructions
2018-10-18 20:13:24 10580 [Note] InnoDB: Initializing buffer pool, size = 128.0M
2018-10-18 20:13:24 10580 [Note] InnoDB: Completed initialization of buffer pool
2018-10-18 20:13:24 10580 [ERROR] InnoDB: G:\multichain\mysql\data\ibdata1 can't be opened in read-write mode
2018-10-18 20:13:24 10580 [ERROR] InnoDB: The system tablespace must be writable!
2018-10-18 20:13:24 10580 [ERROR] Plugin 'InnoDB' init function returned error.
2018-10-18 20:13:24 10580 [ERROR] Plugin 'InnoDB' registration as a STORAGE ENGINE failed.
2018-10-18 20:13:24 10580 [ERROR] Unknown/unsupported storage engine: InnoDB
2018-10-18 20:13:24 10580 [ERROR] Aborting

2018-10-18 20:13:24 10580 [Note] Binlog end
2018-10-18 20:13:24 10580 [Note] Shutting down plugin 'partition'
2018-10-18 20:13:24 10580 [Note] Shutting down plugin 'PERFORMANCE_SCHEMA'
2018-10-18 20:13:24 10580 [Note] Shutting down plugin 'INNODB_SYS_DATAFILES'
2018-10-18 20:13:24 10580 [Note] Shutting down plugin 'INNODB_SYS_TABLESPACES'
2018-10-18 20:13:24 10580 [Note] Shutting down plugin 'INNODB_SYS_FOREIGN_COLS'
2018-10-18 20:13:24 10580 [Note] Shutting down plugin 'INNODB_SYS_FOREIGN'
2018-10-18 20:13:24 10580 [Note] Shutting down plugin 'INNODB_SYS_FIELDS'
2018-10-18 20:13:24 10580 [Note] Shutting down plugin 'INNODB_SYS_COLUMNS'
2018-10-18 20:13:24 10580 [Note] Shutting down plugin 'INNODB_SYS_INDEXES'
2018-10-18 20:13:24 10580 [Note] Shutting down plugin 'INNODB_SYS_TABLESTATS'
2018-10-18 20:13:24 10580 [Note] Shutting down plugin 'INNODB_SYS_TABLES'
2018-10-18 20:13:24 10580 [Note] Shutting down plugin 'INNODB_FT_INDEX_TABLE'
2018-10-18 20:13:24 10580 [Note] Shutting down plugin 'INNODB_FT_INDEX_CACHE'
2018-10-18 20:13:24 10580 [Note] Shutting down plugin 'INNODB_FT_CONFIG'
2018-10-18 20:13:24 10580 [Note] Shutting down plugin 'INNODB_FT_BEING_DELETED'
2018-10-18 20:13:24 10580 [Note] Shutting down plugin 'INNODB_FT_DELETED'
2018-10-18 20:13:24 10580 [Note] Shutting down plugin 'INNODB_FT_DEFAULT_STOPWORD'
2018-10-18 20:13:24 10580 [Note] Shutting down plugin 'INNODB_METRICS'
2018-10-18 20:13:24 10580 [Note] Shutting down plugin 'INNODB_BUFFER_POOL_STATS'
2018-10-18 20:13:24 10580 [Note] Shutting down plugin 'INNODB_BUFFER_PAGE_LRU'
2018-10-18 20:13:24 10580 [Note] Shutting down plugin 'INNODB_BUFFER_PAGE'
2018-10-18 20:13:24 10580 [Note] Shutting down plugin 'INNODB_CMP_PER_INDEX_RESET'
2018-10-18 20:13:24 10580 [Note] Shutting down plugin 'INNODB_CMP_PER_INDEX'
2018-10-18 20:13:24 10580 [Note] Shutting down plugin 'INNODB_CMPMEM_RESET'
2018-10-18 20:13:24 10580 [Note] Shutting down plugin 'INNODB_CMPMEM'
2018-10-18 20:13:24 10580 [Note] Shutting down plugin 'INNODB_CMP_RESET'
2018-10-18 20:13:24 10580 [Note] Shutting down plugin 'INNODB_CMP'
2018-10-18 20:13:24 10580 [Note] Shutting down plugin 'INNODB_LOCK_WAITS'
2018-10-18 20:13:24 10580 [Note] Shutting down plugin 'INNODB_LOCKS'
2018-10-18 20:13:24 10580 [Note] Shutting down plugin 'INNODB_TRX'
2018-10-18 20:13:24 10580 [Note] Shutting down plugin 'BLACKHOLE'
2018-10-18 20:13:24 10580 [Note] Shutting down plugin 'ARCHIVE'
2018-10-18 20:13:24 10580 [Note] Shutting down plugin 'MRG_MYISAM'
2018-10-18 20:13:24 10580 [Note] Shutting down plugin 'MyISAM'
2018-10-18 20:13:24 10580 [Note] Shutting down plugin 'MEMORY'
2018-10-18 20:13:24 10580 [Note] Shutting down plugin 'CSV'
2018-10-18 20:13:24 10580 [Note] Shutting down plugin 'sha256_password'
2018-10-18 20:13:24 10580 [Note] Shutting down plugin 'mysql_old_password'
2018-10-18 20:13:24 10580 [Note] Shutting down plugin 'mysql_native_password'
2018-10-18 20:13:24 10580 [Note] Shutting down plugin 'binlog'
2018-10-18 20:13:24 10580 [Note] G:\multichain/mysql/bin/mysqld_usbwv8.exe: Shutdown complete

2018-10-18 20:13:55 8328 [Note] Plugin 'FEDERATED' is disabled.
2018-10-18 20:13:55 8328 [Note] InnoDB: The InnoDB memory heap is disabled
2018-10-18 20:13:55 8328 [Note] InnoDB: Mutexes and rw_locks use Windows interlocked functions
2018-10-18 20:13:55 8328 [Note] InnoDB: Compressed tables use zlib 1.2.3
2018-10-18 20:13:55 8328 [Note] InnoDB: Not using CPU crc32 instructions
2018-10-18 20:13:55 8328 [Note] InnoDB: Initializing buffer pool, size = 128.0M
2018-10-18 20:13:55 8328 [Note] InnoDB: Completed initialization of buffer pool
2018-10-18 20:13:55 8328 [Note] InnoDB: Highest supported file format is Barracuda.
2018-10-18 20:13:55 8328 [Note] InnoDB: The log sequence numbers 1626696 and 1626696 in ibdata files do not match the log sequence number 1626976 in the ib_logfiles!
2018-10-18 20:13:55 8328 [Note] InnoDB: Database was not shutdown normally!
2018-10-18 20:13:55 8328 [Note] InnoDB: Starting crash recovery.
2018-10-18 20:13:55 8328 [Note] InnoDB: Reading tablespace information from the .ibd files...
2018-10-18 20:13:55 8328 [Note] InnoDB: Restoring possible half-written data pages 
2018-10-18 20:13:55 8328 [Note] InnoDB: from the doublewrite buffer...
2018-10-18 20:13:55 8328 [Note] InnoDB: 128 rollback segment(s) are active.
2018-10-18 20:13:55 8328 [Note] InnoDB: Waiting for purge to start
2018-10-18 20:13:55 8328 [Note] InnoDB: 5.6.13 started; log sequence number 1626976
2018-10-18 20:13:55 8328 [Note] Server hostname (bind-address): '*'; port: 3307
2018-10-18 20:13:55 8328 [Note] IPv6 is available.
2018-10-18 20:13:55 8328 [Note]   - '::' resolves to '::';
2018-10-18 20:13:55 8328 [Note] Server socket created on IP: '::'.
2018-10-18 20:14:14 1988 [Note] Plugin 'FEDERATED' is disabled.
2018-10-18 20:14:14 1988 [Note] InnoDB: The InnoDB memory heap is disabled
2018-10-18 20:14:14 1988 [Note] InnoDB: Mutexes and rw_locks use Windows interlocked functions
2018-10-18 20:14:14 1988 [Note] InnoDB: Compressed tables use zlib 1.2.3
2018-10-18 20:14:14 1988 [Note] InnoDB: Not using CPU crc32 instructions
2018-10-18 20:14:14 1988 [Note] InnoDB: Initializing buffer pool, size = 128.0M
2018-10-18 20:14:14 1988 [Note] InnoDB: Completed initialization of buffer pool
2018-10-18 20:14:14 1988 [Note] InnoDB: Highest supported file format is Barracuda.
2018-10-18 20:14:14 1988 [Note] InnoDB: The log sequence numbers 1626696 and 1626696 in ibdata files do not match the log sequence number 1626986 in the ib_logfiles!
2018-10-18 20:14:14 1988 [Note] InnoDB: Database was not shutdown normally!
2018-10-18 20:14:14 1988 [Note] InnoDB: Starting crash recovery.
2018-10-18 20:14:14 1988 [Note] InnoDB: Reading tablespace information from the .ibd files...
2018-10-18 20:14:14 1988 [Note] InnoDB: Restoring possible half-written data pages 
2018-10-18 20:14:14 1988 [Note] InnoDB: from the doublewrite buffer...
2018-10-18 20:14:14 1988 [Note] InnoDB: 128 rollback segment(s) are active.
2018-10-18 20:14:14 1988 [Note] InnoDB: Waiting for purge to start
2018-10-18 20:14:14 1988 [Note] InnoDB: 5.6.13 started; log sequence number 1626986
2018-10-18 20:14:14 1988 [Note] Server hostname (bind-address): '*'; port: 3307
2018-10-18 20:14:14 1988 [Note] IPv6 is available.
2018-10-18 20:14:14 1988 [Note]   - '::' resolves to '::';
2018-10-18 20:14:14 1988 [Note] Server socket created on IP: '::'.
2018-10-18 20:14:14 1988 [Note] Event Scheduler: Loaded 0 events
2018-10-18 20:14:14 1988 [Note] G:\multichain/mysql/bin/mysqld_usbwv8.exe: ready for connections.
Version: '5.6.13'  socket: ''  port: 3307  MySQL Community Server (GPL)
2018-10-18 20:19:03 14660 [Note] Plugin 'FEDERATED' is disabled.
2018-10-18 20:19:03 14660 [Note] InnoDB: The InnoDB memory heap is disabled
2018-10-18 20:19:03 14660 [Note] InnoDB: Mutexes and rw_locks use Windows interlocked functions
2018-10-18 20:19:03 14660 [Note] InnoDB: Compressed tables use zlib 1.2.3
2018-10-18 20:19:03 14660 [Note] InnoDB: Not using CPU crc32 instructions
2018-10-18 20:19:03 14660 [Note] InnoDB: Initializing buffer pool, size = 128.0M
2018-10-18 20:19:03 14660 [Note] InnoDB: Completed initialization of buffer pool
2018-10-18 20:19:03 14660 [Note] InnoDB: Highest supported file format is Barracuda.
2018-10-18 20:19:03 14660 [Note] InnoDB: The log sequence numbers 1626134 and 1626134 in ibdata files do not match the log sequence number 1626666 in the ib_logfiles!
2018-10-18 20:19:03 14660 [Note] InnoDB: Database was not shutdown normally!
2018-10-18 20:19:03 14660 [Note] InnoDB: Starting crash recovery.
2018-10-18 20:19:03 14660 [Note] InnoDB: Reading tablespace information from the .ibd files...
2018-10-18 20:19:03 14660 [Note] InnoDB: Restoring possible half-written data pages 
2018-10-18 20:19:03 14660 [Note] InnoDB: from the doublewrite buffer...
2018-10-18 20:19:04 14660 [Note] InnoDB: 128 rollback segment(s) are active.
2018-10-18 20:19:04 14660 [Note] InnoDB: Waiting for purge to start
2018-10-18 20:19:04 14660 [Note] InnoDB: 5.6.13 started; log sequence number 1626666
2018-10-18 20:19:04 14660 [Note] Server hostname (bind-address): '*'; port: 3307
2018-10-18 20:19:04 14660 [Note] IPv6 is available.
2018-10-18 20:19:04 14660 [Note]   - '::' resolves to '::';
2018-10-18 20:19:04 14660 [Note] Server socket created on IP: '::'.
2018-10-18 20:19:04 14660 [Note] Event Scheduler: Loaded 0 events
2018-10-18 20:19:04 14660 [Note] G:\multichain/mysql/bin/mysqld_usbwv8.exe: ready for connections.
Version: '5.6.13'  socket: ''  port: 3307  MySQL Community Server (GPL)
2018-10-18 20:19:13 14800 [Note] Plugin 'FEDERATED' is disabled.
2018-10-18 20:19:13 14800 [Note] InnoDB: The InnoDB memory heap is disabled
2018-10-18 20:19:13 14800 [Note] InnoDB: Mutexes and rw_locks use Windows interlocked functions
2018-10-18 20:19:13 14800 [Note] InnoDB: Compressed tables use zlib 1.2.3
2018-10-18 20:19:13 14800 [Note] InnoDB: Not using CPU crc32 instructions
2018-10-18 20:19:13 14800 [Note] InnoDB: Initializing buffer pool, size = 128.0M
2018-10-18 20:19:13 14800 [Note] InnoDB: Completed initialization of buffer pool
2018-10-18 20:19:13 14800 [Note] InnoDB: Highest supported file format is Barracuda.
2018-10-18 20:19:13 14800 [Note] InnoDB: The log sequence numbers 1626134 and 1626134 in ibdata files do not match the log sequence number 1626676 in the ib_logfiles!
2018-10-18 20:19:13 14800 [Note] InnoDB: Database was not shutdown normally!
2018-10-18 20:19:13 14800 [Note] InnoDB: Starting crash recovery.
2018-10-18 20:19:13 14800 [Note] InnoDB: Reading tablespace information from the .ibd files...
2018-10-18 20:19:13 14800 [Note] InnoDB: Restoring possible half-written data pages 
2018-10-18 20:19:13 14800 [Note] InnoDB: from the doublewrite buffer...
2018-10-18 20:19:13 14800 [Note] InnoDB: 128 rollback segment(s) are active.
2018-10-18 20:19:13 14800 [Note] InnoDB: Waiting for purge to start
2018-10-18 20:19:13 14800 [Note] InnoDB: 5.6.13 started; log sequence number 1626676
2018-10-18 20:19:13 14800 [Note] Server hostname (bind-address): '*'; port: 3307
2018-10-18 20:19:13 14800 [Note] IPv6 is available.
2018-10-18 20:19:13 14800 [Note]   - '::' resolves to '::';
2018-10-18 20:19:13 14800 [Note] Server socket created on IP: '::'.
2018-10-18 20:29:58 13920 [Note] Plugin 'FEDERATED' is disabled.
2018-10-18 20:29:58 13920 [Note] InnoDB: The InnoDB memory heap is disabled
2018-10-18 20:29:58 13920 [Note] InnoDB: Mutexes and rw_locks use Windows interlocked functions
2018-10-18 20:29:58 13920 [Note] InnoDB: Compressed tables use zlib 1.2.3
2018-10-18 20:29:58 13920 [Note] InnoDB: Not using CPU crc32 instructions
2018-10-18 20:29:58 13920 [Note] InnoDB: Initializing buffer pool, size = 128.0M
2018-10-18 20:29:58 13920 [Note] InnoDB: Completed initialization of buffer pool
2018-10-18 20:29:58 13920 [Note] InnoDB: Highest supported file format is Barracuda.
2018-10-18 20:29:58 13920 [Note] InnoDB: The log sequence numbers 1626134 and 1626134 in ibdata files do not match the log sequence number 1626686 in the ib_logfiles!
2018-10-18 20:29:58 13920 [Note] InnoDB: Database was not shutdown normally!
2018-10-18 20:29:58 13920 [Note] InnoDB: Starting crash recovery.
2018-10-18 20:29:58 13920 [Note] InnoDB: Reading tablespace information from the .ibd files...
2018-10-18 20:29:58 13920 [Note] InnoDB: Restoring possible half-written data pages 
2018-10-18 20:29:58 13920 [Note] InnoDB: from the doublewrite buffer...
2018-10-18 20:30:29 13920 [Note] InnoDB: 128 rollback segment(s) are active.
2018-10-18 20:30:29 13920 [Note] InnoDB: Waiting for purge to start
2018-10-18 20:30:29 13920 [Note] InnoDB: 5.6.13 started; log sequence number 1626686
2018-10-18 20:30:29 13920 [Note] Server hostname (bind-address): '*'; port: 3307
2018-10-18 20:30:29 13920 [Note] IPv6 is available.
2018-10-18 20:30:29 13920 [Note]   - '::' resolves to '::';
2018-10-18 20:30:29 13920 [Note] Server socket created on IP: '::'.
2018-10-19 10:01:37 9156 [Note] Plugin 'FEDERATED' is disabled.
2018-10-19 10:01:37 9156 [Note] InnoDB: The InnoDB memory heap is disabled
2018-10-19 10:01:37 9156 [Note] InnoDB: Mutexes and rw_locks use Windows interlocked functions
2018-10-19 10:01:37 9156 [Note] InnoDB: Compressed tables use zlib 1.2.3
2018-10-19 10:01:38 9156 [Note] InnoDB: Not using CPU crc32 instructions
2018-10-19 10:01:38 9156 [Note] InnoDB: Initializing buffer pool, size = 128.0M
2018-10-19 10:01:38 9156 [Note] InnoDB: Completed initialization of buffer pool
2018-10-19 10:01:38 9156 [Note] InnoDB: Highest supported file format is Barracuda.
2018-10-19 10:01:38 9156 [Note] InnoDB: The log sequence numbers 1626134 and 1626134 in ibdata files do not match the log sequence number 1626696 in the ib_logfiles!
2018-10-19 10:01:38 9156 [Note] InnoDB: Database was not shutdown normally!
2018-10-19 10:01:38 9156 [Note] InnoDB: Starting crash recovery.
2018-10-19 10:01:38 9156 [Note] InnoDB: Reading tablespace information from the .ibd files...
2018-10-19 10:01:38 9156 [Note] InnoDB: Restoring possible half-written data pages 
2018-10-19 10:01:38 9156 [Note] InnoDB: from the doublewrite buffer...
2018-10-19 10:01:58 9156 [Note] InnoDB: 128 rollback segment(s) are active.
2018-10-19 10:01:58 9156 [Note] InnoDB: Waiting for purge to start
2018-10-19 10:01:58 9156 [Note] InnoDB: 5.6.13 started; log sequence number 1626696
2018-10-19 10:01:59 9156 [Note] Server hostname (bind-address): '*'; port: 3307
2018-10-19 10:01:59 9156 [Note] IPv6 is available.
2018-10-19 10:01:59 9156 [Note]   - '::' resolves to '::';
2018-10-19 10:01:59 9156 [Note] Server socket created on IP: '::'.
2018-10-20 12:07:35 13020 [Note] Plugin 'FEDERATED' is disabled.
2018-10-20 12:07:36 13020 [Note] InnoDB: The InnoDB memory heap is disabled
2018-10-20 12:07:36 13020 [Note] InnoDB: Mutexes and rw_locks use Windows interlocked functions
2018-10-20 12:07:36 13020 [Note] InnoDB: Compressed tables use zlib 1.2.3
2018-10-20 12:07:36 13020 [Note] InnoDB: Not using CPU crc32 instructions
2018-10-20 12:07:36 13020 [Note] InnoDB: Initializing buffer pool, size = 128.0M
2018-10-20 12:07:36 13020 [Note] InnoDB: Completed initialization of buffer pool
2018-10-20 12:07:37 13020 [Note] InnoDB: Highest supported file format is Barracuda.
2018-10-20 12:07:37 13020 [Note] InnoDB: The log sequence numbers 1626134 and 1626134 in ibdata files do not match the log sequence number 1626706 in the ib_logfiles!
2018-10-20 12:07:37 13020 [Note] InnoDB: Database was not shutdown normally!
2018-10-20 12:07:37 13020 [Note] InnoDB: Starting crash recovery.
2018-10-20 12:07:37 13020 [Note] InnoDB: Reading tablespace information from the .ibd files...
2018-10-20 12:07:37 13020 [Note] InnoDB: Restoring possible half-written data pages 
2018-10-20 12:07:37 13020 [Note] InnoDB: from the doublewrite buffer...
2018-10-20 12:07:40 13020 [Note] InnoDB: 128 rollback segment(s) are active.
2018-10-20 12:07:40 13020 [Note] InnoDB: Waiting for purge to start
2018-10-20 12:07:40 13020 [Note] InnoDB: 5.6.13 started; log sequence number 1626706
2018-10-20 12:07:40 13020 [Note] Server hostname (bind-address): '*'; port: 3307
2018-10-20 12:07:40 13020 [Note] IPv6 is available.
2018-10-20 12:07:40 13020 [Note]   - '::' resolves to '::';
2018-10-20 12:07:40 13020 [Note] Server socket created on IP: '::'.
2018-10-20 12:07:41 13020 [Note] Event Scheduler: Loaded 0 events
2018-10-20 12:07:41 13020 [Note] D:\multichain/mysql/bin/mysqld_usbwv8.exe: ready for connections.
Version: '5.6.13'  socket: ''  port: 3307  MySQL Community Server (GPL)
2018-10-24 22:09:19 3840 [Note] Plugin 'FEDERATED' is disabled.
2018-10-24 22:09:19 3840 [Note] InnoDB: The InnoDB memory heap is disabled
2018-10-24 22:09:19 3840 [Note] InnoDB: Mutexes and rw_locks use Windows interlocked functions
2018-10-24 22:09:19 3840 [Note] InnoDB: Compressed tables use zlib 1.2.3
2018-10-24 22:09:19 3840 [Note] InnoDB: Not using CPU crc32 instructions
2018-10-24 22:09:19 3840 [Note] InnoDB: Initializing buffer pool, size = 128.0M
2018-10-24 22:09:19 3840 [Note] InnoDB: Completed initialization of buffer pool
2018-10-24 22:09:19 3840 [Note] InnoDB: Highest supported file format is Barracuda.
2018-10-24 22:09:19 3840 [Note] InnoDB: The log sequence numbers 1626134 and 1626134 in ibdata files do not match the log sequence number 1626716 in the ib_logfiles!
2018-10-24 22:09:19 3840 [Note] InnoDB: Database was not shutdown normally!
2018-10-24 22:09:19 3840 [Note] InnoDB: Starting crash recovery.
2018-10-24 22:09:19 3840 [Note] InnoDB: Reading tablespace information from the .ibd files...
2018-10-24 22:09:19 3840 [Note] InnoDB: Restoring possible half-written data pages 
2018-10-24 22:09:19 3840 [Note] InnoDB: from the doublewrite buffer...
2018-10-24 22:09:20 3840 [Note] InnoDB: 128 rollback segment(s) are active.
2018-10-24 22:09:20 3840 [Note] InnoDB: Waiting for purge to start
2018-10-24 22:09:20 3840 [Note] InnoDB: 5.6.13 started; log sequence number 1626716
2018-10-24 22:09:20 3840 [Note] Server hostname (bind-address): '*'; port: 3307
2018-10-24 22:09:20 3840 [Note] IPv6 is available.
2018-10-24 22:09:20 3840 [Note]   - '::' resolves to '::';
2018-10-24 22:09:20 3840 [Note] Server socket created on IP: '::'.
2018-10-26 00:16:37 1836 [Note] Plugin 'FEDERATED' is disabled.
2018-10-26 00:16:37 1836 [Note] InnoDB: The InnoDB memory heap is disabled
2018-10-26 00:16:37 1836 [Note] InnoDB: Mutexes and rw_locks use Windows interlocked functions
2018-10-26 00:16:37 1836 [Note] InnoDB: Compressed tables use zlib 1.2.3
2018-10-26 00:16:37 1836 [Note] InnoDB: Not using CPU crc32 instructions
2018-10-26 00:16:37 1836 [Note] InnoDB: Initializing buffer pool, size = 128.0M
2018-10-26 00:16:37 1836 [Note] InnoDB: Completed initialization of buffer pool
2018-10-26 00:16:38 1836 [Note] InnoDB: Highest supported file format is Barracuda.
2018-10-26 00:16:38 1836 [Note] InnoDB: The log sequence numbers 1626134 and 1626134 in ibdata files do not match the log sequence number 1626726 in the ib_logfiles!
2018-10-26 00:16:38 1836 [Note] InnoDB: Database was not shutdown normally!
2018-10-26 00:16:38 1836 [Note] InnoDB: Starting crash recovery.
2018-10-26 00:16:38 1836 [Note] InnoDB: Reading tablespace information from the .ibd files...
2018-10-26 00:16:38 1836 [Note] InnoDB: Restoring possible half-written data pages 
2018-10-26 00:16:38 1836 [Note] InnoDB: from the doublewrite buffer...
2018-10-26 00:16:38 1836 [Note] InnoDB: 128 rollback segment(s) are active.
2018-10-26 00:16:38 1836 [Note] InnoDB: Waiting for purge to start
2018-10-26 00:16:38 1836 [Note] InnoDB: 5.6.13 started; log sequence number 1626726
2018-10-26 00:16:38 1836 [Note] Server hostname (bind-address): '*'; port: 3307
2018-10-26 00:16:38 1836 [Note] IPv6 is available.
2018-10-26 00:16:38 1836 [Note]   - '::' resolves to '::';
2018-10-26 00:16:38 1836 [Note] Server socket created on IP: '::'.
2018-12-15 15:20:56 12868 [Note] Plugin 'FEDERATED' is disabled.
2018-12-15 15:20:56 12868 [Note] InnoDB: The InnoDB memory heap is disabled
2018-12-15 15:20:56 12868 [Note] InnoDB: Mutexes and rw_locks use Windows interlocked functions
2018-12-15 15:20:56 12868 [Note] InnoDB: Compressed tables use zlib 1.2.3
2018-12-15 15:20:56 12868 [Note] InnoDB: Not using CPU crc32 instructions
2018-12-15 15:20:56 12868 [Note] InnoDB: Initializing buffer pool, size = 128.0M
2018-12-15 15:20:57 12868 [Note] InnoDB: Completed initialization of buffer pool
2018-12-15 15:20:57 12868 [Note] InnoDB: Highest supported file format is Barracuda.
2018-12-15 15:20:57 12868 [Note] InnoDB: The log sequence numbers 1626134 and 1626134 in ibdata files do not match the log sequence number 1626776 in the ib_logfiles!
2018-12-15 15:20:57 12868 [Note] InnoDB: Database was not shutdown normally!
2018-12-15 15:20:57 12868 [Note] InnoDB: Starting crash recovery.
2018-12-15 15:20:57 12868 [Note] InnoDB: Reading tablespace information from the .ibd files...
2018-12-15 15:20:57 12868 [Note] InnoDB: Restoring possible half-written data pages 
2018-12-15 15:20:57 12868 [Note] InnoDB: from the doublewrite buffer...
2018-12-15 15:20:57 12868 [Note] InnoDB: 128 rollback segment(s) are active.
2018-12-15 15:20:57 12868 [Note] InnoDB: Waiting for purge to start
2018-12-15 15:20:57 12868 [Note] InnoDB: 5.6.13 started; log sequence number 1626776
2018-12-15 15:20:57 12868 [Note] Server hostname (bind-address): '*'; port: 3307
2018-12-15 15:20:57 12868 [Note] IPv6 is available.
2018-12-15 15:20:57 12868 [Note]   - '::' resolves to '::';
2018-12-15 15:20:57 12868 [Note] Server socket created on IP: '::'.
2018-12-15 15:32:01 7844 [Note] Plugin 'FEDERATED' is disabled.
2018-12-15 15:32:01 7844 [Note] InnoDB: The InnoDB memory heap is disabled
2018-12-15 15:32:01 7844 [Note] InnoDB: Mutexes and rw_locks use Windows interlocked functions
2018-12-15 15:32:01 7844 [Note] InnoDB: Compressed tables use zlib 1.2.3
2018-12-15 15:32:01 7844 [Note] InnoDB: Not using CPU crc32 instructions
2018-12-15 15:32:01 7844 [Note] InnoDB: Initializing buffer pool, size = 128.0M
2018-12-15 15:32:01 7844 [Note] InnoDB: Completed initialization of buffer pool
2018-12-15 15:32:01 7844 [Note] InnoDB: Highest supported file format is Barracuda.
2018-12-15 15:32:01 7844 [Note] InnoDB: The log sequence numbers 1626134 and 1626134 in ibdata files do not match the log sequence number 1626786 in the ib_logfiles!
2018-12-15 15:32:01 7844 [Note] InnoDB: Database was not shutdown normally!
2018-12-15 15:32:01 7844 [Note] InnoDB: Starting crash recovery.
2018-12-15 15:32:01 7844 [Note] InnoDB: Reading tablespace information from the .ibd files...
2018-12-15 15:32:01 7844 [Note] InnoDB: Restoring possible half-written data pages 
2018-12-15 15:32:01 7844 [Note] InnoDB: from the doublewrite buffer...
2018-12-15 15:32:01 7844 [Note] InnoDB: 128 rollback segment(s) are active.
2018-12-15 15:32:01 7844 [Note] InnoDB: Waiting for purge to start
2018-12-15 15:32:01 7844 [Note] InnoDB: 5.6.13 started; log sequence number 1626786
2018-12-15 15:32:01 7844 [Note] Server hostname (bind-address): '*'; port: 3307
2018-12-15 15:32:01 7844 [Note] IPv6 is available.
2018-12-15 15:32:01 7844 [Note]   - '::' resolves to '::';
2018-12-15 15:32:01 7844 [Note] Server socket created on IP: '::'.
2018-12-16 13:24:36 8164 [Note] Plugin 'FEDERATED' is disabled.
2018-12-16 13:24:36 8164 [Note] InnoDB: The InnoDB memory heap is disabled
2018-12-16 13:24:36 8164 [Note] InnoDB: Mutexes and rw_locks use Windows interlocked functions
2018-12-16 13:24:36 8164 [Note] InnoDB: Compressed tables use zlib 1.2.3
2018-12-16 13:24:36 8164 [Note] InnoDB: Not using CPU crc32 instructions
2018-12-16 13:24:36 8164 [Note] InnoDB: Initializing buffer pool, size = 128.0M
2018-12-16 13:24:36 8164 [Note] InnoDB: Completed initialization of buffer pool
2018-12-16 13:24:36 8164 [Note] InnoDB: Highest supported file format is Barracuda.
2018-12-16 13:24:36 8164 [Note] InnoDB: The log sequence numbers 1626134 and 1626134 in ibdata files do not match the log sequence number 1626796 in the ib_logfiles!
2018-12-16 13:24:36 8164 [Note] InnoDB: Database was not shutdown normally!
2018-12-16 13:24:36 8164 [Note] InnoDB: Starting crash recovery.
2018-12-16 13:24:36 8164 [Note] InnoDB: Reading tablespace information from the .ibd files...
2018-12-16 13:24:36 8164 [Note] InnoDB: Restoring possible half-written data pages 
2018-12-16 13:24:36 8164 [Note] InnoDB: from the doublewrite buffer...
2018-12-16 13:24:37 8164 [Note] InnoDB: 128 rollback segment(s) are active.
2018-12-16 13:24:37 8164 [Note] InnoDB: Waiting for purge to start
2018-12-16 13:24:37 8164 [Note] InnoDB: 5.6.13 started; log sequence number 1626796
2018-12-16 13:24:37 8164 [Note] Server hostname (bind-address): '*'; port: 3307
2018-12-16 13:24:37 8164 [Note] IPv6 is available.
2018-12-16 13:24:37 8164 [Note]   - '::' resolves to '::';
2018-12-16 13:24:37 8164 [Note] Server socket created on IP: '::'.
2018-12-16 14:30:49 6752 [Note] Plugin 'FEDERATED' is disabled.
2018-12-16 14:30:49 6752 [Note] InnoDB: The InnoDB memory heap is disabled
2018-12-16 14:30:49 6752 [Note] InnoDB: Mutexes and rw_locks use Windows interlocked functions
2018-12-16 14:30:49 6752 [Note] InnoDB: Compressed tables use zlib 1.2.3
2018-12-16 14:30:49 6752 [Note] InnoDB: Not using CPU crc32 instructions
2018-12-16 14:30:49 6752 [Note] InnoDB: Initializing buffer pool, size = 128.0M
2018-12-16 14:30:49 6752 [Note] InnoDB: Completed initialization of buffer pool
2018-12-16 14:30:49 6752 [Note] InnoDB: Highest supported file format is Barracuda.
2018-12-16 14:30:49 6752 [Note] InnoDB: The log sequence numbers 1626134 and 1626134 in ibdata files do not match the log sequence number 1626806 in the ib_logfiles!
2018-12-16 14:30:49 6752 [Note] InnoDB: Database was not shutdown normally!
2018-12-16 14:30:49 6752 [Note] InnoDB: Starting crash recovery.
2018-12-16 14:30:49 6752 [Note] InnoDB: Reading tablespace information from the .ibd files...
2018-12-16 14:30:49 6752 [Note] InnoDB: Restoring possible half-written data pages 
2018-12-16 14:30:49 6752 [Note] InnoDB: from the doublewrite buffer...
2018-12-16 14:30:49 6752 [Note] InnoDB: 128 rollback segment(s) are active.
2018-12-16 14:30:49 6752 [Note] InnoDB: Waiting for purge to start
2018-12-16 14:30:50 6752 [Note] InnoDB: 5.6.13 started; log sequence number 1626806
2018-12-16 14:30:50 6752 [Note] Server hostname (bind-address): '*'; port: 3307
2018-12-16 14:30:50 6752 [Note] IPv6 is available.
2018-12-16 14:30:50 6752 [Note]   - '::' resolves to '::';
2018-12-16 14:30:50 6752 [Note] Server socket created on IP: '::'.
2018-12-16 18:52:09 2108 [Note] Plugin 'FEDERATED' is disabled.
2018-12-16 18:52:09 2108 [Note] InnoDB: The InnoDB memory heap is disabled
2018-12-16 18:52:09 2108 [Note] InnoDB: Mutexes and rw_locks use Windows interlocked functions
2018-12-16 18:52:09 2108 [Note] InnoDB: Compressed tables use zlib 1.2.3
2018-12-16 18:52:09 2108 [Note] InnoDB: Not using CPU crc32 instructions
2018-12-16 18:52:09 2108 [Note] InnoDB: Initializing buffer pool, size = 128.0M
2018-12-16 18:52:09 2108 [Note] InnoDB: Completed initialization of buffer pool
2018-12-16 18:52:09 2108 [Note] InnoDB: Highest supported file format is Barracuda.
2018-12-16 18:52:09 2108 [Note] InnoDB: The log sequence numbers 1626134 and 1626134 in ibdata files do not match the log sequence number 1626816 in the ib_logfiles!
2018-12-16 18:52:09 2108 [Note] InnoDB: Database was not shutdown normally!
2018-12-16 18:52:09 2108 [Note] InnoDB: Starting crash recovery.
2018-12-16 18:52:09 2108 [Note] InnoDB: Reading tablespace information from the .ibd files...
2018-12-16 18:52:09 2108 [Note] InnoDB: Restoring possible half-written data pages 
2018-12-16 18:52:09 2108 [Note] InnoDB: from the doublewrite buffer...
2018-12-16 18:52:10 2108 [Note] InnoDB: 128 rollback segment(s) are active.
2018-12-16 18:52:10 2108 [Note] InnoDB: Waiting for purge to start
2018-12-16 18:52:10 2108 [Note] InnoDB: 5.6.13 started; log sequence number 1626816
2018-12-16 18:52:10 2108 [Note] Server hostname (bind-address): '*'; port: 3307
2018-12-16 18:52:10 2108 [Note] IPv6 is available.
2018-12-16 18:52:10 2108 [Note]   - '::' resolves to '::';
2018-12-16 18:52:10 2108 [Note] Server socket created on IP: '::'.
2018-12-16 18:52:11 2108 [Note] Event Scheduler: Loaded 0 events
2018-12-16 18:52:11 2108 [Note] D:\multichain/mysql/bin/mysqld_usbwv8.exe: ready for connections.
Version: '5.6.13'  socket: ''  port: 3307  MySQL Community Server (GPL)
2018-12-16 20:44:46 1444 [Note] Plugin 'FEDERATED' is disabled.
2018-12-16 20:44:46 1444 [Note] InnoDB: The InnoDB memory heap is disabled
2018-12-16 20:44:46 1444 [Note] InnoDB: Mutexes and rw_locks use Windows interlocked functions
2018-12-16 20:44:46 1444 [Note] InnoDB: Compressed tables use zlib 1.2.3
2018-12-16 20:44:46 1444 [Note] InnoDB: Not using CPU crc32 instructions
2018-12-16 20:44:46 1444 [Note] InnoDB: Initializing buffer pool, size = 128.0M
2018-12-16 20:44:46 1444 [Note] InnoDB: Completed initialization of buffer pool
2018-12-16 20:44:46 1444 [Note] InnoDB: Highest supported file format is Barracuda.
2018-12-16 20:44:46 1444 [Note] InnoDB: The log sequence numbers 1626134 and 1626134 in ibdata files do not match the log sequence number 1626826 in the ib_logfiles!
2018-12-16 20:44:46 1444 [Note] InnoDB: Database was not shutdown normally!
2018-12-16 20:44:46 1444 [Note] InnoDB: Starting crash recovery.
2018-12-16 20:44:46 1444 [Note] InnoDB: Reading tablespace information from the .ibd files...
2018-12-16 20:44:46 1444 [Note] InnoDB: Restoring possible half-written data pages 
2018-12-16 20:44:46 1444 [Note] InnoDB: from the doublewrite buffer...
2018-12-16 20:44:47 1444 [Note] InnoDB: 128 rollback segment(s) are active.
2018-12-16 20:44:47 1444 [Note] InnoDB: Waiting for purge to start
2018-12-16 20:44:47 1444 [Note] InnoDB: 5.6.13 started; log sequence number 1626826
2018-12-16 20:44:47 1444 [Note] Server hostname (bind-address): '*'; port: 3307
2018-12-16 20:44:47 1444 [Note] IPv6 is available.
2018-12-16 20:44:47 1444 [Note]   - '::' resolves to '::';
2018-12-16 20:44:47 1444 [Note] Server socket created on IP: '::'.
2018-12-20 10:44:39 12976 [Note] Plugin 'FEDERATED' is disabled.
2018-12-20 10:44:39 12976 [Note] InnoDB: The InnoDB memory heap is disabled
2018-12-20 10:44:39 12976 [Note] InnoDB: Mutexes and rw_locks use Windows interlocked functions
2018-12-20 10:44:39 12976 [Note] InnoDB: Compressed tables use zlib 1.2.3
2018-12-20 10:44:39 12976 [Note] InnoDB: Not using CPU crc32 instructions
2018-12-20 10:44:39 12976 [Note] InnoDB: Initializing buffer pool, size = 128.0M
2018-12-20 10:44:39 12976 [Note] InnoDB: Completed initialization of buffer pool
2018-12-20 10:44:39 12976 [Note] InnoDB: Highest supported file format is Barracuda.
2018-12-20 10:44:39 12976 [Note] InnoDB: The log sequence numbers 1626134 and 1626134 in ibdata files do not match the log sequence number 1626836 in the ib_logfiles!
2018-12-20 10:44:39 12976 [Note] InnoDB: Database was not shutdown normally!
2018-12-20 10:44:39 12976 [Note] InnoDB: Starting crash recovery.
2018-12-20 10:44:39 12976 [Note] InnoDB: Reading tablespace information from the .ibd files...
2018-12-20 10:44:39 12976 [Note] InnoDB: Restoring possible half-written data pages 
2018-12-20 10:44:39 12976 [Note] InnoDB: from the doublewrite buffer...
2018-12-20 10:44:48 12976 [Note] InnoDB: 128 rollback segment(s) are active.
2018-12-20 10:44:48 12976 [Note] InnoDB: Waiting for purge to start
2018-12-20 10:44:48 12976 [Note] InnoDB: 5.6.13 started; log sequence number 1626836
2018-12-20 10:44:48 12976 [Note] Server hostname (bind-address): '*'; port: 3307
2018-12-20 10:44:48 12976 [Note] IPv6 is available.
2018-12-20 10:44:48 12976 [Note]   - '::' resolves to '::';
2018-12-20 10:44:48 12976 [Note] Server socket created on IP: '::'.
2018-12-21 09:05:00 12756 [Note] Plugin 'FEDERATED' is disabled.
2018-12-21 09:05:00 12756 [Note] InnoDB: The InnoDB memory heap is disabled
2018-12-21 09:05:00 12756 [Note] InnoDB: Mutexes and rw_locks use Windows interlocked functions
2018-12-21 09:05:00 12756 [Note] InnoDB: Compressed tables use zlib 1.2.3
2018-12-21 09:05:00 12756 [Note] InnoDB: Not using CPU crc32 instructions
2018-12-21 09:05:00 12756 [Note] InnoDB: Initializing buffer pool, size = 128.0M
2018-12-21 09:05:00 12756 [Note] InnoDB: Completed initialization of buffer pool
2018-12-21 09:05:00 12756 [Note] InnoDB: Highest supported file format is Barracuda.
2018-12-21 09:05:00 12756 [Note] InnoDB: The log sequence numbers 1626134 and 1626134 in ibdata files do not match the log sequence number 1626846 in the ib_logfiles!
2018-12-21 09:05:00 12756 [Note] InnoDB: Database was not shutdown normally!
2018-12-21 09:05:00 12756 [Note] InnoDB: Starting crash recovery.
2018-12-21 09:05:00 12756 [Note] InnoDB: Reading tablespace information from the .ibd files...
2018-12-21 09:05:00 12756 [Note] InnoDB: Restoring possible half-written data pages 
2018-12-21 09:05:00 12756 [Note] InnoDB: from the doublewrite buffer...
2018-12-21 09:05:00 12756 [Note] InnoDB: 128 rollback segment(s) are active.
2018-12-21 09:05:00 12756 [Note] InnoDB: Waiting for purge to start
2018-12-21 09:05:00 12756 [Note] InnoDB: 5.6.13 started; log sequence number 1626846
2018-12-21 09:05:00 12756 [Note] Server hostname (bind-address): '*'; port: 3307
2018-12-21 09:05:01 12756 [Note] IPv6 is available.
2018-12-21 09:05:01 12756 [Note]   - '::' resolves to '::';
2018-12-21 09:05:01 12756 [Note] Server socket created on IP: '::'.
2018-12-21 09:05:10 12756 [Note] Event Scheduler: Loaded 0 events
2018-12-21 09:05:10 12756 [Note] D:\multichain/mysql/bin/mysqld_usbwv8.exe: ready for connections.
Version: '5.6.13'  socket: ''  port: 3307  MySQL Community Server (GPL)
2019-01-07 17:27:06 8200 [Note] Plugin 'FEDERATED' is disabled.
2019-01-07 17:27:07 8200 [Note] InnoDB: The InnoDB memory heap is disabled
2019-01-07 17:27:07 8200 [Note] InnoDB: Mutexes and rw_locks use Windows interlocked functions
2019-01-07 17:27:07 8200 [Note] InnoDB: Compressed tables use zlib 1.2.3
2019-01-07 17:27:07 8200 [Note] InnoDB: Not using CPU crc32 instructions
2019-01-07 17:27:07 8200 [Note] InnoDB: Initializing buffer pool, size = 128.0M
2019-01-07 17:27:07 8200 [Note] InnoDB: Completed initialization of buffer pool
2019-01-07 17:27:08 8200 [Note] InnoDB: Highest supported file format is Barracuda.
2019-01-07 17:27:08 8200 [Note] InnoDB: The log sequence numbers 1626134 and 1626134 in ibdata files do not match the log sequence number 1626856 in the ib_logfiles!
2019-01-07 17:27:08 8200 [Note] InnoDB: Database was not shutdown normally!
2019-01-07 17:27:08 8200 [Note] InnoDB: Starting crash recovery.
2019-01-07 17:27:08 8200 [Note] InnoDB: Reading tablespace information from the .ibd files...
2019-01-07 17:27:08 8200 [Note] InnoDB: Restoring possible half-written data pages 
2019-01-07 17:27:08 8200 [Note] InnoDB: from the doublewrite buffer...
2019-01-07 17:27:21 8200 [Note] InnoDB: 128 rollback segment(s) are active.
2019-01-07 17:27:21 8200 [Note] InnoDB: Waiting for purge to start
2019-01-07 17:27:21 8200 [Note] InnoDB: 5.6.13 started; log sequence number 1626856
2019-01-07 17:27:21 8200 [Note] Server hostname (bind-address): '*'; port: 3307
2019-01-07 17:27:21 8200 [Note] IPv6 is available.
2019-01-07 17:27:21 8200 [Note]   - '::' resolves to '::';
2019-01-07 17:27:21 8200 [Note] Server socket created on IP: '::'.
2019-01-10 23:24:33 2452 [Note] Plugin 'FEDERATED' is disabled.
2019-01-10 23:24:33 2452 [Note] InnoDB: The InnoDB memory heap is disabled
2019-01-10 23:24:33 2452 [Note] InnoDB: Mutexes and rw_locks use Windows interlocked functions
2019-01-10 23:24:33 2452 [Note] InnoDB: Compressed tables use zlib 1.2.3
2019-01-10 23:24:34 2452 [Note] InnoDB: Not using CPU crc32 instructions
2019-01-10 23:24:34 2452 [Note] InnoDB: Initializing buffer pool, size = 128.0M
2019-01-10 23:24:34 2452 [Note] InnoDB: Completed initialization of buffer pool
2019-01-10 23:24:35 2452 [Note] InnoDB: Highest supported file format is Barracuda.
2019-01-10 23:24:35 2452 [Note] InnoDB: The log sequence numbers 1626134 and 1626134 in ibdata files do not match the log sequence number 1626866 in the ib_logfiles!
2019-01-10 23:24:35 2452 [Note] InnoDB: Database was not shutdown normally!
2019-01-10 23:24:35 2452 [Note] InnoDB: Starting crash recovery.
2019-01-10 23:24:35 2452 [Note] InnoDB: Reading tablespace information from the .ibd files...
2019-01-10 23:24:35 2452 [Note] InnoDB: Restoring possible half-written data pages 
2019-01-10 23:24:35 2452 [Note] InnoDB: from the doublewrite buffer...
2019-01-10 23:24:56 2452 [Note] InnoDB: 128 rollback segment(s) are active.
2019-01-10 23:24:56 2452 [Note] InnoDB: Waiting for purge to start
2019-01-10 23:24:56 2452 [Note] InnoDB: 5.6.13 started; log sequence number 1626866
2019-01-10 23:24:56 2452 [Note] Server hostname (bind-address): '*'; port: 3307
2019-01-10 23:24:56 2452 [Note] IPv6 is available.
2019-01-10 23:24:56 2452 [Note]   - '::' resolves to '::';
2019-01-10 23:24:56 2452 [Note] Server socket created on IP: '::'.
2019-01-11 09:56:06 9832 [Note] Plugin 'FEDERATED' is disabled.
2019-01-11 09:56:06 9832 [Note] InnoDB: The InnoDB memory heap is disabled
2019-01-11 09:56:06 9832 [Note] InnoDB: Mutexes and rw_locks use Windows interlocked functions
2019-01-11 09:56:06 9832 [Note] InnoDB: Compressed tables use zlib 1.2.3
2019-01-11 09:56:06 9832 [Note] InnoDB: Not using CPU crc32 instructions
2019-01-11 09:56:06 9832 [Note] InnoDB: Initializing buffer pool, size = 128.0M
2019-01-11 09:56:06 9832 [Note] InnoDB: Completed initialization of buffer pool
2019-01-11 09:56:06 9832 [Note] InnoDB: Highest supported file format is Barracuda.
2019-01-11 09:56:06 9832 [Note] InnoDB: The log sequence numbers 1626134 and 1626134 in ibdata files do not match the log sequence number 1626876 in the ib_logfiles!
2019-01-11 09:56:06 9832 [Note] InnoDB: Database was not shutdown normally!
2019-01-11 09:56:06 9832 [Note] InnoDB: Starting crash recovery.
2019-01-11 09:56:06 9832 [Note] InnoDB: Reading tablespace information from the .ibd files...
2019-01-11 09:56:06 9832 [Note] InnoDB: Restoring possible half-written data pages 
2019-01-11 09:56:06 9832 [Note] InnoDB: from the doublewrite buffer...
2019-01-11 09:56:06 9832 [Note] InnoDB: 128 rollback segment(s) are active.
2019-01-11 09:56:06 9832 [Note] InnoDB: Waiting for purge to start
2019-01-11 09:56:06 9832 [Note] InnoDB: 5.6.13 started; log sequence number 1626876
2019-01-11 09:56:06 9832 [Note] Server hostname (bind-address): '*'; port: 3307
2019-01-11 09:56:06 9832 [Note] IPv6 is available.
2019-01-11 09:56:06 9832 [Note]   - '::' resolves to '::';
2019-01-11 09:56:06 9832 [Note] Server socket created on IP: '::'.
2019-01-11 09:56:07 9832 [Note] Event Scheduler: Loaded 0 events
2019-01-11 09:56:07 9832 [Note] D:\multichain/mysql/bin/mysqld_usbwv8.exe: ready for connections.
Version: '5.6.13'  socket: ''  port: 3307  MySQL Community Server (GPL)
2019-01-11 13:00:37 3340 [Note] Plugin 'FEDERATED' is disabled.
2019-01-11 13:00:37 3340 [Note] InnoDB: The InnoDB memory heap is disabled
2019-01-11 13:00:37 3340 [Note] InnoDB: Mutexes and rw_locks use Windows interlocked functions
2019-01-11 13:00:37 3340 [Note] InnoDB: Compressed tables use zlib 1.2.3
2019-01-11 13:00:37 3340 [Note] InnoDB: Not using CPU crc32 instructions
2019-01-11 13:00:37 3340 [Note] InnoDB: Initializing buffer pool, size = 128.0M
2019-01-11 13:00:37 3340 [Note] InnoDB: Completed initialization of buffer pool
2019-01-11 13:00:37 3340 [Note] InnoDB: Highest supported file format is Barracuda.
2019-01-11 13:00:37 3340 [Note] InnoDB: The log sequence numbers 1626134 and 1626134 in ibdata files do not match the log sequence number 1626886 in the ib_logfiles!
2019-01-11 13:00:37 3340 [Note] InnoDB: Database was not shutdown normally!
2019-01-11 13:00:37 3340 [Note] InnoDB: Starting crash recovery.
2019-01-11 13:00:37 3340 [Note] InnoDB: Reading tablespace information from the .ibd files...
2019-01-11 13:00:37 3340 [Note] InnoDB: Restoring possible half-written data pages 
2019-01-11 13:00:37 3340 [Note] InnoDB: from the doublewrite buffer...
2019-01-11 13:00:37 3340 [Note] InnoDB: 128 rollback segment(s) are active.
2019-01-11 13:00:37 3340 [Note] InnoDB: Waiting for purge to start
2019-01-11 13:00:38 3340 [Note] InnoDB: 5.6.13 started; log sequence number 1626886
2019-01-11 13:00:38 3340 [Note] Server hostname (bind-address): '*'; port: 3307
2019-01-11 13:00:38 3340 [Note] IPv6 is available.
2019-01-11 13:00:38 3340 [Note]   - '::' resolves to '::';
2019-01-11 13:00:38 3340 [Note] Server socket created on IP: '::'.
2019-01-13 12:31:16 5404 [Note] Plugin 'FEDERATED' is disabled.
2019-01-13 12:31:16 5404 [Note] InnoDB: The InnoDB memory heap is disabled
2019-01-13 12:31:16 5404 [Note] InnoDB: Mutexes and rw_locks use Windows interlocked functions
2019-01-13 12:31:16 5404 [Note] InnoDB: Compressed tables use zlib 1.2.3
2019-01-13 12:31:16 5404 [Note] InnoDB: Not using CPU crc32 instructions
2019-01-13 12:31:16 5404 [Note] InnoDB: Initializing buffer pool, size = 128.0M
2019-01-13 12:31:16 5404 [Note] InnoDB: Completed initialization of buffer pool
2019-01-13 12:31:16 5404 [Note] InnoDB: Highest supported file format is Barracuda.
2019-01-13 12:31:16 5404 [Note] InnoDB: The log sequence numbers 1626134 and 1626134 in ibdata files do not match the log sequence number 1626896 in the ib_logfiles!
2019-01-13 12:31:16 5404 [Note] InnoDB: Database was not shutdown normally!
2019-01-13 12:31:16 5404 [Note] InnoDB: Starting crash recovery.
2019-01-13 12:31:16 5404 [Note] InnoDB: Reading tablespace information from the .ibd files...
2019-01-13 12:31:17 5404 [Note] InnoDB: Restoring possible half-written data pages 
2019-01-13 12:31:17 5404 [Note] InnoDB: from the doublewrite buffer...
2019-01-13 12:31:21 5404 [Note] InnoDB: 128 rollback segment(s) are active.
2019-01-13 12:31:21 5404 [Note] InnoDB: Waiting for purge to start
2019-01-13 12:31:21 5404 [Note] InnoDB: 5.6.13 started; log sequence number 1626896
2019-01-13 12:31:21 5404 [Note] Server hostname (bind-address): '*'; port: 3307
2019-01-13 12:31:21 5404 [Note] IPv6 is available.
2019-01-13 12:31:21 5404 [Note]   - '::' resolves to '::';
2019-01-13 12:31:21 5404 [Note] Server socket created on IP: '::'.
2019-01-13 12:31:24 5404 [Note] Event Scheduler: Loaded 0 events
2019-01-13 12:31:24 5404 [Note] D:\multichain/mysql/bin/mysqld_usbwv8.exe: ready for connections.
Version: '5.6.13'  socket: ''  port: 3307  MySQL Community Server (GPL)
2019-01-14 01:23:09 8388 [Note] Plugin 'FEDERATED' is disabled.
2019-01-14 01:23:09 8388 [Note] InnoDB: The InnoDB memory heap is disabled
2019-01-14 01:23:09 8388 [Note] InnoDB: Mutexes and rw_locks use Windows interlocked functions
2019-01-14 01:23:09 8388 [Note] InnoDB: Compressed tables use zlib 1.2.3
2019-01-14 01:23:09 8388 [Note] InnoDB: Not using CPU crc32 instructions
2019-01-14 01:23:09 8388 [Note] InnoDB: Initializing buffer pool, size = 128.0M
2019-01-14 01:23:09 8388 [Note] InnoDB: Completed initialization of buffer pool
2019-01-14 01:23:09 8388 [Note] InnoDB: Highest supported file format is Barracuda.
2019-01-14 01:23:09 8388 [Note] InnoDB: The log sequence numbers 1626134 and 1626134 in ibdata files do not match the log sequence number 1626906 in the ib_logfiles!
2019-01-14 01:23:09 8388 [Note] InnoDB: Database was not shutdown normally!
2019-01-14 01:23:09 8388 [Note] InnoDB: Starting crash recovery.
2019-01-14 01:23:09 8388 [Note] InnoDB: Reading tablespace information from the .ibd files...
2019-01-14 01:23:09 8388 [Note] InnoDB: Restoring possible half-written data pages 
2019-01-14 01:23:09 8388 [Note] InnoDB: from the doublewrite buffer...
2019-01-14 01:23:10 8388 [Note] InnoDB: 128 rollback segment(s) are active.
2019-01-14 01:23:10 8388 [Note] InnoDB: Waiting for purge to start
2019-01-14 01:23:10 8388 [Note] InnoDB: 5.6.13 started; log sequence number 1626906
2019-01-14 01:23:10 8388 [Note] Server hostname (bind-address): '*'; port: 3307
2019-01-14 01:23:10 8388 [Note] IPv6 is available.
2019-01-14 01:23:10 8388 [Note]   - '::' resolves to '::';
2019-01-14 01:23:10 8388 [Note] Server socket created on IP: '::'.
