2018-05-18 10:32:30 12896 [Note] Plugin 'FEDERATED' is disabled.
2018-05-18 10:32:34 12896 [Note] InnoDB: The InnoDB memory heap is disabled
2018-05-18 10:32:34 12896 [Note] InnoDB: Mutexes and rw_locks use Windows interlocked functions
2018-05-18 10:32:34 12896 [Note] InnoDB: Compressed tables use zlib 1.2.3
2018-05-18 10:32:34 12896 [Note] InnoDB: Not using CPU crc32 instructions
2018-05-18 10:32:34 12896 [Note] InnoDB: Initializing buffer pool, size = 128.0M
2018-05-18 10:32:34 12896 [Note] InnoDB: Completed initialization of buffer pool
2018-05-18 10:32:38 12896 [Note] InnoDB: Setting log file D:\Server\mysql\data\ib_logfile101 size to 5 MB
2018-05-18 10:32:44 12896 [Note] InnoDB: Setting log file D:\Server\mysql\data\ib_logfile1 size to 5 MB
2018-05-18 10:32:55 12896 [Note] InnoDB: Renaming log file D:\Server\mysql\data\ib_logfile101 to D:\Server\mysql\data\ib_logfile0
2018-05-18 10:33:01 11728 [Note] Plugin 'FEDERATED' is disabled.
2018-05-18 10:33:01 11728 [Note] InnoDB: The InnoDB memory heap is disabled
2018-05-18 10:33:01 11728 [Note] InnoDB: Mutexes and rw_locks use Windows interlocked functions
2018-05-18 10:33:01 11728 [Note] InnoDB: Compressed tables use zlib 1.2.3
2018-05-18 10:33:01 11728 [Note] InnoDB: Not using CPU crc32 instructions
2018-05-18 10:33:01 11728 [Note] InnoDB: Initializing buffer pool, size = 128.0M
2018-05-18 10:33:01 11728 [Note] InnoDB: Completed initialization of buffer pool
2018-05-18 10:33:01 11728 [Note] InnoDB: Highest supported file format is Barracuda.
2018-05-18 10:33:01 11728 [Note] InnoDB: The log sequence numbers 1626134 and 1626134 in ibdata files do not match the log sequence number 1626636 in the ib_logfiles!
2018-05-18 10:33:01 11728 [Note] InnoDB: Database was not shutdown normally!
2018-05-18 10:33:01 11728 [Note] InnoDB: Starting crash recovery.
2018-05-18 10:33:01 11728 [Note] InnoDB: Reading tablespace information from the .ibd files...
2018-05-18 10:33:07 11728 [Note] InnoDB: Restoring possible half-written data pages 
2018-05-18 10:33:07 11728 [Note] InnoDB: from the doublewrite buffer...
2018-05-18 10:33:12 11728 [Note] InnoDB: 128 rollback segment(s) are active.
2018-05-18 10:33:12 11728 [Note] InnoDB: Waiting for purge to start
2018-05-18 10:33:12 11728 [Note] InnoDB: 5.6.13 started; log sequence number 1626636
2018-05-18 10:33:12 11728 [Warning] No existing UUID has been found, so we assume that this is the first time that this server has been started. Generating a new UUID: 1a091c66-5a76-11e8-ab68-00ffb01bb4a1.
2018-05-18 10:33:12 11728 [Note] Server hostname (bind-address): '*'; port: 3307
2018-05-18 10:33:12 11728 [Note] IPv6 is available.
2018-05-18 10:33:12 11728 [Note]   - '::' resolves to '::';
2018-05-18 10:33:12 11728 [Note] Server socket created on IP: '::'.
2018-05-18 11:26:22 10792 [Note] Plugin 'FEDERATED' is disabled.
2018-05-18 11:26:22 10792 [Note] InnoDB: The InnoDB memory heap is disabled
2018-05-18 11:26:22 10792 [Note] InnoDB: Mutexes and rw_locks use Windows interlocked functions
2018-05-18 11:26:22 10792 [Note] InnoDB: Compressed tables use zlib 1.2.3
2018-05-18 11:26:22 10792 [Note] InnoDB: Not using CPU crc32 instructions
2018-05-18 11:26:22 10792 [Note] InnoDB: Initializing buffer pool, size = 128.0M
2018-05-18 11:26:22 10792 [Note] InnoDB: Completed initialization of buffer pool
2018-05-18 11:26:22 10792 [Note] InnoDB: Highest supported file format is Barracuda.
2018-05-18 11:26:22 10792 [Note] InnoDB: The log sequence numbers 1626134 and 1626134 in ibdata files do not match the log sequence number 1626646 in the ib_logfiles!
2018-05-18 11:26:22 10792 [Note] InnoDB: Database was not shutdown normally!
2018-05-18 11:26:22 10792 [Note] InnoDB: Starting crash recovery.
2018-05-18 11:26:22 10792 [Note] InnoDB: Reading tablespace information from the .ibd files...
2018-05-18 11:26:22 10792 [Note] InnoDB: Restoring possible half-written data pages 
2018-05-18 11:26:22 10792 [Note] InnoDB: from the doublewrite buffer...
2018-05-18 11:26:23 10792 [Note] InnoDB: 128 rollback segment(s) are active.
2018-05-18 11:26:23 10792 [Note] InnoDB: Waiting for purge to start
2018-05-18 11:26:23 10792 [Note] InnoDB: 5.6.13 started; log sequence number 1626646
2018-05-18 11:26:23 10792 [Note] Server hostname (bind-address): '*'; port: 3307
2018-05-18 11:26:23 10792 [Note] IPv6 is available.
2018-05-18 11:26:23 10792 [Note]   - '::' resolves to '::';
2018-05-18 11:26:23 10792 [Note] Server socket created on IP: '::'.
2018-05-18 11:52:04 7464 [Note] Plugin 'FEDERATED' is disabled.
2018-05-18 11:52:04 7464 [Note] InnoDB: The InnoDB memory heap is disabled
2018-05-18 11:52:04 7464 [Note] InnoDB: Mutexes and rw_locks use Windows interlocked functions
2018-05-18 11:52:04 7464 [Note] InnoDB: Compressed tables use zlib 1.2.3
2018-05-18 11:52:04 7464 [Note] InnoDB: Not using CPU crc32 instructions
2018-05-18 11:52:04 7464 [Note] InnoDB: Initializing buffer pool, size = 128.0M
2018-05-18 11:52:04 7464 [Note] InnoDB: Completed initialization of buffer pool
2018-05-18 11:52:05 7464 [Note] InnoDB: Highest supported file format is Barracuda.
2018-05-18 11:52:05 7464 [Note] InnoDB: The log sequence numbers 1626134 and 1626134 in ibdata files do not match the log sequence number 1626656 in the ib_logfiles!
2018-05-18 11:52:05 7464 [Note] InnoDB: Database was not shutdown normally!
2018-05-18 11:52:05 7464 [Note] InnoDB: Starting crash recovery.
2018-05-18 11:52:05 7464 [Note] InnoDB: Reading tablespace information from the .ibd files...
2018-05-18 11:52:05 7464 [Note] InnoDB: Restoring possible half-written data pages 
2018-05-18 11:52:05 7464 [Note] InnoDB: from the doublewrite buffer...
2018-05-18 11:52:09 7464 [Note] InnoDB: 128 rollback segment(s) are active.
2018-05-18 11:52:09 7464 [Note] InnoDB: Waiting for purge to start
2018-05-18 11:52:09 7464 [Note] InnoDB: 5.6.13 started; log sequence number 1626656
2018-05-18 11:52:09 7464 [Note] Server hostname (bind-address): '*'; port: 3307
2018-05-18 11:52:09 7464 [Note] IPv6 is available.
2018-05-18 11:52:09 7464 [Note]   - '::' resolves to '::';
2018-05-18 11:52:09 7464 [Note] Server socket created on IP: '::'.
2018-05-18 11:52:17 7464 [Note] Event Scheduler: Loaded 0 events
2018-05-18 11:52:17 7464 [Note] D:\Server/mysql/bin/mysqld_usbwv8.exe: ready for connections.
Version: '5.6.13'  socket: ''  port: 3307  MySQL Community Server (GPL)
