::1 - - [14/Jan/2019:01:42:09 +0100] "GET /multichain/publish.php?chain=1producent&from=1HPF4Mg8XrXRckVYp8EtbhjTT9Rq4BKpuVae6y&data=Geproduceerd HTTP/1.1" 302 158
::1 - - [14/Jan/2019:01:42:09 +0100] "GET / HTTP/1.1" 200 7824
::1 - - [14/Jan/2019:01:42:09 +0100] "GET / HTTP/1.1" 200 7824
::1 - - [14/Jan/2019:01:44:36 +0100] "GET /multichain/publish.php?chain=2transportChina&from=1VUnnop5pnvazj394zpg4LQbv8JLDVZMVSi6aK&data=Optransport HTTP/1.1" 302 158
::1 - - [14/Jan/2019:01:44:36 +0100] "GET / HTTP/1.1" 200 8756
::1 - - [14/Jan/2019:01:44:36 +0100] "GET / HTTP/1.1" 200 8756
::1 - - [14/Jan/2019:01:44:39 +0100] "GET /multichain/publish.php?chain=3douaneChina&from=1Nnyi1k9BNsD3cxduLQJKfuqGFpUrXbvHphSsg&data=Vrijgegeven HTTP/1.1" 302 158
::1 - - [14/Jan/2019:01:44:39 +0100] "GET / HTTP/1.1" 200 9683
::1 - - [14/Jan/2019:01:44:39 +0100] "GET / HTTP/1.1" 200 9683
::1 - - [14/Jan/2019:01:44:42 +0100] "GET /multichain/publish.php?chain=4rederij&from=1VMpR6T8a6RJa65rnwMTDxzuuUB3q6ky5H4ngn&data=Uitladen. HTTP/1.1" 302 158
::1 - - [14/Jan/2019:01:44:42 +0100] "GET / HTTP/1.1" 200 10625
::1 - - [14/Jan/2019:01:44:42 +0100] "GET / HTTP/1.1" 200 10625
::1 - - [14/Jan/2019:01:44:45 +0100] "GET /multichain/publish.php?chain=5douaneNL&from=1UrE97pwtzrnW4gQsznwy9MZYPtSMCmiFUPhp&data=Vrijgegeven. HTTP/1.1" 302 158
::1 - - [14/Jan/2019:01:44:45 +0100] "GET / HTTP/1.1" 200 11543
::1 - - [14/Jan/2019:01:44:45 +0100] "GET / HTTP/1.1" 200 11543
::1 - - [14/Jan/2019:01:44:48 +0100] "GET /multichain/publish.php?chain=6transportNL&from=1SxsHbNAprcGGBny4RYmB84jVjDp7DGUU3s7HF&data=Op%20transport%20naar%20klant. HTTP/1.1" 302 158
::1 - - [14/Jan/2019:01:44:48 +0100] "GET / HTTP/1.1" 200 12465
::1 - - [14/Jan/2019:01:44:48 +0100] "GET / HTTP/1.1" 200 12465
::1 - - [14/Jan/2019:01:44:52 +0100] "GET /multichain/publish.php?chain=6transportNL&from=1SxsHbNAprcGGBny4RYmB84jVjDp7DGUU3s7HF&data=Afgeleverd. HTTP/1.1" 302 158
::1 - - [14/Jan/2019:01:44:52 +0100] "GET / HTTP/1.1" 200 13402
::1 - - [14/Jan/2019:01:44:52 +0100] "GET / HTTP/1.1" 200 13402
::1 - - [14/Jan/2019:01:44:56 +0100] "GET /multichain/publish.php?chain=0admin&from=1TYyC6y2pGxDqShvnXXaGnEkRerDjB1kHvWmC1&data=endoforder. HTTP/1.1" 302 158
::1 - - [14/Jan/2019:01:44:56 +0100] "GET /multichain/publish.php?chain=0admin&from=1TYyC6y2pGxDqShvnXXaGnEkRerDjB1kHvWmC1&data=Genisis%20Block. HTTP/1.1" 302 158
::1 - - [14/Jan/2019:01:44:56 +0100] "GET / HTTP/1.1" 200 7815
::1 - - [14/Jan/2019:01:44:56 +0100] "GET / HTTP/1.1" 200 7815
::1 - - [14/Jan/2019:01:44:59 +0100] "GET / HTTP/1.1" 200 7815
::1 - - [14/Jan/2019:01:44:59 +0100] "GET /css/styleCLI.css HTTP/1.1" 200 84612
::1 - - [14/Jan/2019:01:44:59 +0100] "GET /js/jquery.mousewheel-min.js HTTP/1.1" 200 1323
::1 - - [14/Jan/2019:01:44:59 +0100] "GET /js/wcwidth.js HTTP/1.1" 200 68743
::1 - - [14/Jan/2019:01:44:59 +0100] "GET /js/keyboard.js HTTP/1.1" 200 28989
::1 - - [14/Jan/2019:01:44:59 +0100] "GET /js/WZjbgq.js HTTP/1.1" 200 1438
::1 - - [14/Jan/2019:01:44:59 +0100] "GET /js/jquery.terminal.min.js HTTP/1.1" 200 141557
::1 - - [14/Jan/2019:01:44:59 +0100] "GET /images/TRUCK01.gif HTTP/1.1" 200 16123
::1 - - [14/Jan/2019:01:44:59 +0100] "GET /js/index.js HTTP/1.1" 200 134
::1 - - [14/Jan/2019:01:44:59 +0100] "GET /images/plaatje-fabriek.jpg HTTP/1.1" 200 52573
::1 - - [14/Jan/2019:01:44:59 +0100] "GET /images/china-customs-emblem.jpg HTTP/1.1" 200 196639
::1 - - [14/Jan/2019:01:44:59 +0100] "GET /images/bld_logo_douane.png HTTP/1.1" 200 3621
::1 - - [14/Jan/2019:01:44:59 +0100] "GET /js/DemoScript/ProcesVerschil.js HTTP/1.1" 200 11407
::1 - - [14/Jan/2019:01:44:59 +0100] "GET /images/curator-legt-beslag-nederlandse-vorderingen-failliete-rederij.jpg HTTP/1.1" 200 50112
::1 - - [14/Jan/2019:01:44:59 +0100] "GET /js/jquery-3.1.1.min.js HTTP/1.1" 200 117764
::1 - - [14/Jan/2019:01:44:59 +0100] "GET /images/koning.jpg HTTP/1.1" 200 13439
::1 - - [14/Jan/2019:01:44:59 +0100] "GET /images/scroll.png HTTP/1.1" 200 1100477
::1 - - [14/Jan/2019:01:44:59 +0100] "GET /js/jquery-ui.min.js HTTP/1.1" 200 319410
::1 - - [14/Jan/2019:01:44:59 +0100] "GET /favicon.ico HTTP/1.1" 200 199526
::1 - - [14/Jan/2019:02:59:42 +0100] "GET /multichain/publish.php?chain=1producent&from=1HPF4Mg8XrXRckVYp8EtbhjTT9Rq4BKpuVae6y&data=Geproduceerd HTTP/1.1" 302 158
::1 - - [14/Jan/2019:02:59:42 +0100] "GET / HTTP/1.1" 200 7824
::1 - - [14/Jan/2019:02:59:42 +0100] "GET / HTTP/1.1" 200 7824
::1 - - [14/Jan/2019:03:02:27 +0100] "GET / HTTP/1.1" 200 8703
::1 - - [14/Jan/2019:03:02:28 +0100] "GET /css/styleCLI.css HTTP/1.1" 200 84612
::1 - - [14/Jan/2019:03:02:28 +0100] "GET /js/WZjbgq.js HTTP/1.1" 200 1438
::1 - - [14/Jan/2019:03:02:28 +0100] "GET /js/jquery-3.1.1.min.js HTTP/1.1" 200 117764
::1 - - [14/Jan/2019:03:02:28 +0100] "GET /js/wcwidth.js HTTP/1.1" 200 68743
::1 - - [14/Jan/2019:03:02:28 +0100] "GET /js/jquery.mousewheel-min.js HTTP/1.1" 200 1323
::1 - - [14/Jan/2019:03:02:28 +0100] "GET /js/DemoScript/ProcesVerschil.js HTTP/1.1" 200 11407
::1 - - [14/Jan/2019:03:02:28 +0100] "GET /js/index.js HTTP/1.1" 200 134
::1 - - [14/Jan/2019:03:02:28 +0100] "GET /js/keyboard.js HTTP/1.1" 200 28989
::1 - - [14/Jan/2019:03:02:28 +0100] "GET /images/TRUCK01.gif HTTP/1.1" 200 16123
::1 - - [14/Jan/2019:03:02:28 +0100] "GET /js/jquery.terminal.min.js HTTP/1.1" 200 141557
::1 - - [14/Jan/2019:03:02:28 +0100] "GET /images/plaatje-fabriek.jpg HTTP/1.1" 200 52573
::1 - - [14/Jan/2019:03:02:28 +0100] "GET /images/china-customs-emblem.jpg HTTP/1.1" 200 196639
::1 - - [14/Jan/2019:03:02:28 +0100] "GET /images/scroll.png HTTP/1.1" 200 1100477
::1 - - [14/Jan/2019:03:02:28 +0100] "GET /images/bld_logo_douane.png HTTP/1.1" 200 3621
::1 - - [14/Jan/2019:03:02:28 +0100] "GET /images/curator-legt-beslag-nederlandse-vorderingen-failliete-rederij.jpg HTTP/1.1" 200 50112
::1 - - [14/Jan/2019:03:02:28 +0100] "GET /js/jquery-ui.min.js HTTP/1.1" 200 319410
::1 - - [14/Jan/2019:03:02:28 +0100] "GET /images/koning.jpg HTTP/1.1" 200 13439
::1 - - [14/Jan/2019:03:02:28 +0100] "GET /favicon.ico HTTP/1.1" 200 199526
::1 - - [14/Jan/2019:03:02:32 +0100] "GET /multichain/publish.php?chain=1producent&from=1HPF4Mg8XrXRckVYp8EtbhjTT9Rq4BKpuVae6y&data=Geproduceerd HTTP/1.1" 302 158
::1 - - [14/Jan/2019:03:02:32 +0100] "GET / HTTP/1.1" 200 8703
::1 - - [14/Jan/2019:03:02:32 +0100] "GET / HTTP/1.1" 200 8703
::1 - - [14/Jan/2019:03:02:39 +0100] "GET / HTTP/1.1" 200 9645
::1 - - [14/Jan/2019:03:02:39 +0100] "GET /css/styleCLI.css HTTP/1.1" 200 84612
::1 - - [14/Jan/2019:03:02:39 +0100] "GET /js/wcwidth.js HTTP/1.1" 200 68743
::1 - - [14/Jan/2019:03:02:39 +0100] "GET /js/jquery-3.1.1.min.js HTTP/1.1" 200 117764
::1 - - [14/Jan/2019:03:02:39 +0100] "GET /js/keyboard.js HTTP/1.1" 200 28989
::1 - - [14/Jan/2019:03:02:39 +0100] "GET /js/jquery.terminal.min.js HTTP/1.1" 200 141557
::1 - - [14/Jan/2019:03:02:39 +0100] "GET /js/index.js HTTP/1.1" 200 134
::1 - - [14/Jan/2019:03:02:39 +0100] "GET /js/jquery-ui.min.js HTTP/1.1" 200 319410
::1 - - [14/Jan/2019:03:02:39 +0100] "GET /js/WZjbgq.js HTTP/1.1" 200 1438
::1 - - [14/Jan/2019:03:02:39 +0100] "GET /js/DemoScript/ProcesVerschil.js HTTP/1.1" 200 11407
::1 - - [14/Jan/2019:03:02:39 +0100] "GET /js/jquery.mousewheel-min.js HTTP/1.1" 200 1323
::1 - - [14/Jan/2019:03:02:39 +0100] "GET /images/TRUCK01.gif HTTP/1.1" 200 16123
::1 - - [14/Jan/2019:03:02:39 +0100] "GET /images/plaatje-fabriek.jpg HTTP/1.1" 200 52573
::1 - - [14/Jan/2019:03:02:39 +0100] "GET /images/curator-legt-beslag-nederlandse-vorderingen-failliete-rederij.jpg HTTP/1.1" 200 50112
::1 - - [14/Jan/2019:03:02:39 +0100] "GET /images/china-customs-emblem.jpg HTTP/1.1" 200 196639
::1 - - [14/Jan/2019:03:02:39 +0100] "GET /images/bld_logo_douane.png HTTP/1.1" 200 3621
::1 - - [14/Jan/2019:03:02:39 +0100] "GET /images/koning.jpg HTTP/1.1" 200 13439
::1 - - [14/Jan/2019:03:02:39 +0100] "GET /images/scroll.png HTTP/1.1" 200 1100477
::1 - - [14/Jan/2019:03:02:40 +0100] "GET /favicon.ico HTTP/1.1" 200 199526
::1 - - [14/Jan/2019:03:03:04 +0100] "GET / HTTP/1.1" 200 9654
::1 - - [14/Jan/2019:03:03:04 +0100] "GET /css/styleCLI.css HTTP/1.1" 200 84612
::1 - - [14/Jan/2019:03:03:04 +0100] "GET /js/wcwidth.js HTTP/1.1" 200 68743
::1 - - [14/Jan/2019:03:03:04 +0100] "GET /js/jquery-ui.min.js HTTP/1.1" 200 319410
::1 - - [14/Jan/2019:03:03:04 +0100] "GET /js/jquery-3.1.1.min.js HTTP/1.1" 200 117764
::1 - - [14/Jan/2019:03:03:04 +0100] "GET /js/WZjbgq.js HTTP/1.1" 200 1438
::1 - - [14/Jan/2019:03:03:04 +0100] "GET /js/index.js HTTP/1.1" 200 134
::1 - - [14/Jan/2019:03:03:04 +0100] "GET /js/keyboard.js HTTP/1.1" 200 28989
::1 - - [14/Jan/2019:03:03:04 +0100] "GET /js/DemoScript/ProcesVerschil.js HTTP/1.1" 200 11407
::1 - - [14/Jan/2019:03:03:04 +0100] "GET /js/jquery.terminal.min.js HTTP/1.1" 200 141557
::1 - - [14/Jan/2019:03:03:04 +0100] "GET /js/jquery.mousewheel-min.js HTTP/1.1" 200 1323
::1 - - [14/Jan/2019:03:03:04 +0100] "GET /images/TRUCK01.gif HTTP/1.1" 200 16123
::1 - - [14/Jan/2019:03:03:04 +0100] "GET /images/koning.jpg HTTP/1.1" 200 13439
::1 - - [14/Jan/2019:03:03:04 +0100] "GET /images/china-customs-emblem.jpg HTTP/1.1" 200 196639
::1 - - [14/Jan/2019:03:03:04 +0100] "GET /images/plaatje-fabriek.jpg HTTP/1.1" 200 52573
::1 - - [14/Jan/2019:03:03:04 +0100] "GET /images/curator-legt-beslag-nederlandse-vorderingen-failliete-rederij.jpg HTTP/1.1" 200 50112
::1 - - [14/Jan/2019:03:03:04 +0100] "GET /images/bld_logo_douane.png HTTP/1.1" 200 3621
::1 - - [14/Jan/2019:03:03:04 +0100] "GET /images/scroll.png HTTP/1.1" 200 1100477
::1 - - [14/Jan/2019:03:03:04 +0100] "GET /favicon.ico HTTP/1.1" 200 199526
::1 - - [14/Jan/2019:03:03:09 +0100] "GET / HTTP/1.1" 200 9654
::1 - - [14/Jan/2019:03:03:10 +0100] "GET /css/styleCLI.css HTTP/1.1" 200 84612
::1 - - [14/Jan/2019:03:03:10 +0100] "GET /js/jquery-3.1.1.min.js HTTP/1.1" 200 117764
::1 - - [14/Jan/2019:03:03:10 +0100] "GET /js/WZjbgq.js HTTP/1.1" 200 1438
::1 - - [14/Jan/2019:03:03:10 +0100] "GET /js/wcwidth.js HTTP/1.1" 200 68743
::1 - - [14/Jan/2019:03:03:10 +0100] "GET /js/jquery.terminal.min.js HTTP/1.1" 200 141557
::1 - - [14/Jan/2019:03:03:10 +0100] "GET /js/DemoScript/ProcesVerschil.js HTTP/1.1" 200 11407
::1 - - [14/Jan/2019:03:03:10 +0100] "GET /js/keyboard.js HTTP/1.1" 200 28989
::1 - - [14/Jan/2019:03:03:10 +0100] "GET /js/jquery.mousewheel-min.js HTTP/1.1" 200 1323
::1 - - [14/Jan/2019:03:03:10 +0100] "GET /js/index.js HTTP/1.1" 200 134
::1 - - [14/Jan/2019:03:03:10 +0100] "GET /js/jquery-ui.min.js HTTP/1.1" 200 319410
::1 - - [14/Jan/2019:03:03:10 +0100] "GET /images/TRUCK01.gif HTTP/1.1" 200 16123
::1 - - [14/Jan/2019:03:03:10 +0100] "GET /images/bld_logo_douane.png HTTP/1.1" 200 3621
::1 - - [14/Jan/2019:03:03:10 +0100] "GET /images/plaatje-fabriek.jpg HTTP/1.1" 200 52573
::1 - - [14/Jan/2019:03:03:10 +0100] "GET /images/curator-legt-beslag-nederlandse-vorderingen-failliete-rederij.jpg HTTP/1.1" 200 50112
::1 - - [14/Jan/2019:03:03:10 +0100] "GET /images/china-customs-emblem.jpg HTTP/1.1" 200 196639
::1 - - [14/Jan/2019:03:03:10 +0100] "GET /images/koning.jpg HTTP/1.1" 200 13439
::1 - - [14/Jan/2019:03:03:10 +0100] "GET /images/scroll.png HTTP/1.1" 200 1100477
::1 - - [14/Jan/2019:03:03:10 +0100] "GET /favicon.ico HTTP/1.1" 200 199526
::1 - - [14/Jan/2019:03:04:07 +0100] "GET / HTTP/1.1" 200 9662
::1 - - [14/Jan/2019:03:04:07 +0100] "GET /js/jquery.mousewheel-min.js HTTP/1.1" 200 1323
::1 - - [14/Jan/2019:03:04:07 +0100] "GET /css/styleCLI.css HTTP/1.1" 200 84612
::1 - - [14/Jan/2019:03:04:07 +0100] "GET /js/index.js HTTP/1.1" 200 134
::1 - - [14/Jan/2019:03:04:07 +0100] "GET /js/jquery.terminal.min.js HTTP/1.1" 200 141557
::1 - - [14/Jan/2019:03:04:07 +0100] "GET /js/jquery-3.1.1.min.js HTTP/1.1" 200 117764
::1 - - [14/Jan/2019:03:04:07 +0100] "GET /js/jquery-ui.min.js HTTP/1.1" 200 319410
::1 - - [14/Jan/2019:03:04:07 +0100] "GET /js/wcwidth.js HTTP/1.1" 200 68743
::1 - - [14/Jan/2019:03:04:07 +0100] "GET /js/keyboard.js HTTP/1.1" 200 28989
::1 - - [14/Jan/2019:03:04:07 +0100] "GET /js/DemoScript/ProcesVerschil.js HTTP/1.1" 200 11407
::1 - - [14/Jan/2019:03:04:07 +0100] "GET /js/WZjbgq.js HTTP/1.1" 200 1438
::1 - - [14/Jan/2019:03:04:07 +0100] "GET /images/TRUCK01.gif HTTP/1.1" 200 16123
::1 - - [14/Jan/2019:03:04:07 +0100] "GET /images/bld_logo_douane.png HTTP/1.1" 200 3621
::1 - - [14/Jan/2019:03:04:07 +0100] "GET /images/curator-legt-beslag-nederlandse-vorderingen-failliete-rederij.jpg HTTP/1.1" 200 50112
::1 - - [14/Jan/2019:03:04:07 +0100] "GET /images/koning.jpg HTTP/1.1" 200 13439
::1 - - [14/Jan/2019:03:04:07 +0100] "GET /images/china-customs-emblem.jpg HTTP/1.1" 200 196639
::1 - - [14/Jan/2019:03:04:07 +0100] "GET /images/plaatje-fabriek.jpg HTTP/1.1" 200 52573
::1 - - [14/Jan/2019:03:04:07 +0100] "GET /images/scroll.png HTTP/1.1" 200 1100477
::1 - - [14/Jan/2019:03:04:08 +0100] "GET /favicon.ico HTTP/1.1" 200 199526
::1 - - [14/Jan/2019:03:04:10 +0100] "GET /multichain/publish.php?chain=1producent&from=1HPF4Mg8XrXRckVYp8EtbhjTT9Rq4BKpuVae6y&data=Geproduceerd HTTP/1.1" 302 158
::1 - - [14/Jan/2019:03:04:10 +0100] "GET / HTTP/1.1" 200 9662
::1 - - [14/Jan/2019:03:04:10 +0100] "GET / HTTP/1.1" 200 9662
::1 - - [14/Jan/2019:03:04:35 +0100] "GET / HTTP/1.1" 200 10614
::1 - - [14/Jan/2019:03:04:36 +0100] "GET /css/styleCLI.css HTTP/1.1" 200 84612
::1 - - [14/Jan/2019:03:04:36 +0100] "GET /js/jquery-3.1.1.min.js HTTP/1.1" 200 117764
::1 - - [14/Jan/2019:03:04:36 +0100] "GET /js/jquery.terminal.min.js HTTP/1.1" 200 141557
::1 - - [14/Jan/2019:03:04:36 +0100] "GET /js/keyboard.js HTTP/1.1" 200 28989
::1 - - [14/Jan/2019:03:04:36 +0100] "GET /js/jquery-ui.min.js HTTP/1.1" 200 319410
::1 - - [14/Jan/2019:03:04:36 +0100] "GET /js/wcwidth.js HTTP/1.1" 200 68743
::1 - - [14/Jan/2019:03:04:36 +0100] "GET /js/jquery.mousewheel-min.js HTTP/1.1" 200 1323
::1 - - [14/Jan/2019:03:04:36 +0100] "GET /js/index.js HTTP/1.1" 200 134
::1 - - [14/Jan/2019:03:04:36 +0100] "GET /js/DemoScript/ProcesVerschil.js HTTP/1.1" 200 11407
::1 - - [14/Jan/2019:03:04:36 +0100] "GET /js/WZjbgq.js HTTP/1.1" 200 1438
::1 - - [14/Jan/2019:03:04:36 +0100] "GET /images/TRUCK01.gif HTTP/1.1" 200 16123
::1 - - [14/Jan/2019:03:04:36 +0100] "GET /images/bld_logo_douane.png HTTP/1.1" 200 3621
::1 - - [14/Jan/2019:03:04:36 +0100] "GET /images/plaatje-fabriek.jpg HTTP/1.1" 200 52573
::1 - - [14/Jan/2019:03:04:36 +0100] "GET /images/koning.jpg HTTP/1.1" 200 13439
::1 - - [14/Jan/2019:03:04:36 +0100] "GET /images/curator-legt-beslag-nederlandse-vorderingen-failliete-rederij.jpg HTTP/1.1" 200 50112
::1 - - [14/Jan/2019:03:04:36 +0100] "GET /images/china-customs-emblem.jpg HTTP/1.1" 200 196639
::1 - - [14/Jan/2019:03:04:36 +0100] "GET /images/scroll.png HTTP/1.1" 200 1100477
::1 - - [14/Jan/2019:03:04:36 +0100] "GET /favicon.ico HTTP/1.1" 200 199526
::1 - - [14/Jan/2019:03:04:39 +0100] "GET /multichain/publish.php?chain=1producent&from=1HPF4Mg8XrXRckVYp8EtbhjTT9Rq4BKpuVae6y&data=Geproduceerd HTTP/1.1" 302 158
::1 - - [14/Jan/2019:03:04:39 +0100] "GET / HTTP/1.1" 200 10623
::1 - - [14/Jan/2019:03:04:39 +0100] "GET / HTTP/1.1" 200 10623
::1 - - [14/Jan/2019:03:05:25 +0100] "GET / HTTP/1.1" 200 11557
::1 - - [14/Jan/2019:03:05:25 +0100] "GET /css/styleCLI.css HTTP/1.1" 200 84612
::1 - - [14/Jan/2019:03:05:25 +0100] "GET /js/jquery.terminal.min.js HTTP/1.1" 200 141557
::1 - - [14/Jan/2019:03:05:25 +0100] "GET /js/wcwidth.js HTTP/1.1" 200 68743
::1 - - [14/Jan/2019:03:05:25 +0100] "GET /js/jquery-3.1.1.min.js HTTP/1.1" 200 117764
::1 - - [14/Jan/2019:03:05:25 +0100] "GET /js/jquery.mousewheel-min.js HTTP/1.1" 200 1323
::1 - - [14/Jan/2019:03:05:25 +0100] "GET /js/keyboard.js HTTP/1.1" 200 28989
::1 - - [14/Jan/2019:03:05:25 +0100] "GET /js/DemoScript/ProcesVerschil.js HTTP/1.1" 200 11407
::1 - - [14/Jan/2019:03:05:25 +0100] "GET /js/WZjbgq.js HTTP/1.1" 200 1438
::1 - - [14/Jan/2019:03:05:25 +0100] "GET /js/index.js HTTP/1.1" 200 134
::1 - - [14/Jan/2019:03:05:25 +0100] "GET /js/jquery-ui.min.js HTTP/1.1" 200 319410
::1 - - [14/Jan/2019:03:05:25 +0100] "GET /images/plaatje-fabriek.jpg HTTP/1.1" 200 52573
::1 - - [14/Jan/2019:03:05:25 +0100] "GET /images/curator-legt-beslag-nederlandse-vorderingen-failliete-rederij.jpg HTTP/1.1" 200 50112
::1 - - [14/Jan/2019:03:05:25 +0100] "GET /images/koning.jpg HTTP/1.1" 200 13439
::1 - - [14/Jan/2019:03:05:25 +0100] "GET /images/bld_logo_douane.png HTTP/1.1" 200 3621
::1 - - [14/Jan/2019:03:05:25 +0100] "GET /images/TRUCK01.gif HTTP/1.1" 200 16123
::1 - - [14/Jan/2019:03:05:25 +0100] "GET /images/china-customs-emblem.jpg HTTP/1.1" 200 196639
::1 - - [14/Jan/2019:03:05:25 +0100] "GET /images/scroll.png HTTP/1.1" 200 1100477
::1 - - [14/Jan/2019:03:05:25 +0100] "GET /favicon.ico HTTP/1.1" 200 199526
::1 - - [14/Jan/2019:03:05:28 +0100] "GET /multichain/publish.php?chain=1producent&from=1HPF4Mg8XrXRckVYp8EtbhjTT9Rq4BKpuVae6y&data=Geproduceerd HTTP/1.1" 302 158
::1 - - [14/Jan/2019:03:05:28 +0100] "GET / HTTP/1.1" 200 11557
::1 - - [14/Jan/2019:03:05:28 +0100] "GET / HTTP/1.1" 200 11557
::1 - - [14/Jan/2019:03:06:16 +0100] "GET / HTTP/1.1" 200 12602
::1 - - [14/Jan/2019:03:06:17 +0100] "GET /css/styleCLI.css HTTP/1.1" 200 84612
::1 - - [14/Jan/2019:03:06:17 +0100] "GET /js/jquery-3.1.1.min.js HTTP/1.1" 200 117764
::1 - - [14/Jan/2019:03:06:17 +0100] "GET /js/wcwidth.js HTTP/1.1" 200 68743
::1 - - [14/Jan/2019:03:06:17 +0100] "GET /js/jquery.mousewheel-min.js HTTP/1.1" 200 1323
::1 - - [14/Jan/2019:03:06:17 +0100] "GET /js/jquery.terminal.min.js HTTP/1.1" 200 141557
::1 - - [14/Jan/2019:03:06:17 +0100] "GET /js/keyboard.js HTTP/1.1" 200 28989
::1 - - [14/Jan/2019:03:06:17 +0100] "GET /js/WZjbgq.js HTTP/1.1" 200 1438
::1 - - [14/Jan/2019:03:06:17 +0100] "GET /js/jquery-ui.min.js HTTP/1.1" 200 319410
::1 - - [14/Jan/2019:03:06:17 +0100] "GET /js/index.js HTTP/1.1" 200 134
::1 - - [14/Jan/2019:03:06:17 +0100] "GET /js/DemoScript/ProcesVerschil.js HTTP/1.1" 200 11407
::1 - - [14/Jan/2019:03:06:17 +0100] "GET /images/TRUCK01.gif HTTP/1.1" 200 16123
::1 - - [14/Jan/2019:03:06:17 +0100] "GET /images/china-customs-emblem.jpg HTTP/1.1" 200 196639
::1 - - [14/Jan/2019:03:06:17 +0100] "GET /images/plaatje-fabriek.jpg HTTP/1.1" 200 52573
::1 - - [14/Jan/2019:03:06:17 +0100] "GET /images/koning.jpg HTTP/1.1" 200 13439
::1 - - [14/Jan/2019:03:06:17 +0100] "GET /images/bld_logo_douane.png HTTP/1.1" 200 3621
::1 - - [14/Jan/2019:03:06:17 +0100] "GET /images/curator-legt-beslag-nederlandse-vorderingen-failliete-rederij.jpg HTTP/1.1" 200 50112
::1 - - [14/Jan/2019:03:06:17 +0100] "GET /images/scroll.png HTTP/1.1" 200 1100477
::1 - - [14/Jan/2019:03:06:17 +0100] "GET /favicon.ico HTTP/1.1" 200 199526
::1 - - [14/Jan/2019:03:06:19 +0100] "GET /multichain/publish.php?chain=1producent&from=1HPF4Mg8XrXRckVYp8EtbhjTT9Rq4BKpuVae6y&data=Geproduceerd HTTP/1.1" 302 158
::1 - - [14/Jan/2019:03:06:19 +0100] "GET / HTTP/1.1" 200 12602
::1 - - [14/Jan/2019:03:06:19 +0100] "GET / HTTP/1.1" 200 12602
::1 - - [14/Jan/2019:03:06:38 +0100] "GET / HTTP/1.1" 200 13458
::1 - - [14/Jan/2019:03:06:38 +0100] "GET /css/styleCLI.css HTTP/1.1" 200 84612
::1 - - [14/Jan/2019:03:06:38 +0100] "GET /js/DemoScript/ProcesVerschil.js HTTP/1.1" 200 11407
::1 - - [14/Jan/2019:03:06:38 +0100] "GET /js/jquery-3.1.1.min.js HTTP/1.1" 200 117764
::1 - - [14/Jan/2019:03:06:38 +0100] "GET /js/wcwidth.js HTTP/1.1" 200 68743
::1 - - [14/Jan/2019:03:06:38 +0100] "GET /js/jquery.terminal.min.js HTTP/1.1" 200 141557
::1 - - [14/Jan/2019:03:06:38 +0100] "GET /js/index.js HTTP/1.1" 200 134
::1 - - [14/Jan/2019:03:06:38 +0100] "GET /js/keyboard.js HTTP/1.1" 200 28989
::1 - - [14/Jan/2019:03:06:38 +0100] "GET /js/WZjbgq.js HTTP/1.1" 200 1438
::1 - - [14/Jan/2019:03:06:38 +0100] "GET /js/jquery.mousewheel-min.js HTTP/1.1" 200 1323
::1 - - [14/Jan/2019:03:06:38 +0100] "GET /js/jquery-ui.min.js HTTP/1.1" 200 319410
::1 - - [14/Jan/2019:03:06:38 +0100] "GET /images/TRUCK01.gif HTTP/1.1" 200 16123
::1 - - [14/Jan/2019:03:06:38 +0100] "GET /images/curator-legt-beslag-nederlandse-vorderingen-failliete-rederij.jpg HTTP/1.1" 200 50112
::1 - - [14/Jan/2019:03:06:38 +0100] "GET /images/plaatje-fabriek.jpg HTTP/1.1" 200 52573
::1 - - [14/Jan/2019:03:06:38 +0100] "GET /images/koning.jpg HTTP/1.1" 200 13439
::1 - - [14/Jan/2019:03:06:38 +0100] "GET /images/bld_logo_douane.png HTTP/1.1" 200 3621
::1 - - [14/Jan/2019:03:06:38 +0100] "GET /images/china-customs-emblem.jpg HTTP/1.1" 200 196639
::1 - - [14/Jan/2019:03:06:38 +0100] "GET /images/scroll.png HTTP/1.1" 200 1100477
::1 - - [14/Jan/2019:03:06:38 +0100] "GET /favicon.ico HTTP/1.1" 200 199526
::1 - - [14/Jan/2019:03:06:41 +0100] "GET /multichain/publish.php?chain=1producent&from=1HPF4Mg8XrXRckVYp8EtbhjTT9Rq4BKpuVae6y&data=Geproduceerd HTTP/1.1" 302 158
::1 - - [14/Jan/2019:03:06:41 +0100] "GET / HTTP/1.1" 200 13458
::1 - - [14/Jan/2019:03:06:41 +0100] "GET / HTTP/1.1" 200 13458
::1 - - [14/Jan/2019:03:07:10 +0100] "GET / HTTP/1.1" 200 14400
::1 - - [14/Jan/2019:03:07:11 +0100] "GET /css/styleCLI.css HTTP/1.1" 200 84612
::1 - - [14/Jan/2019:03:07:11 +0100] "GET /js/jquery-ui.min.js HTTP/1.1" 200 319410
::1 - - [14/Jan/2019:03:07:11 +0100] "GET /js/jquery.mousewheel-min.js HTTP/1.1" 200 1323
::1 - - [14/Jan/2019:03:07:11 +0100] "GET /js/jquery-3.1.1.min.js HTTP/1.1" 200 117764
::1 - - [14/Jan/2019:03:07:11 +0100] "GET /js/keyboard.js HTTP/1.1" 200 28989
::1 - - [14/Jan/2019:03:07:11 +0100] "GET /js/jquery.terminal.min.js HTTP/1.1" 200 141557
::1 - - [14/Jan/2019:03:07:11 +0100] "GET /js/wcwidth.js HTTP/1.1" 200 68743
::1 - - [14/Jan/2019:03:07:11 +0100] "GET /js/WZjbgq.js HTTP/1.1" 200 1438
::1 - - [14/Jan/2019:03:07:11 +0100] "GET /js/index.js HTTP/1.1" 200 134
::1 - - [14/Jan/2019:03:07:11 +0100] "GET /js/DemoScript/ProcesVerschil.js HTTP/1.1" 200 11407
::1 - - [14/Jan/2019:03:07:11 +0100] "GET /images/TRUCK01.gif HTTP/1.1" 200 16123
::1 - - [14/Jan/2019:03:07:11 +0100] "GET /images/bld_logo_douane.png HTTP/1.1" 200 3621
::1 - - [14/Jan/2019:03:07:11 +0100] "GET /images/curator-legt-beslag-nederlandse-vorderingen-failliete-rederij.jpg HTTP/1.1" 200 50112
::1 - - [14/Jan/2019:03:07:11 +0100] "GET /images/koning.jpg HTTP/1.1" 200 13439
::1 - - [14/Jan/2019:03:07:11 +0100] "GET /images/plaatje-fabriek.jpg HTTP/1.1" 200 52573
::1 - - [14/Jan/2019:03:07:11 +0100] "GET /images/china-customs-emblem.jpg HTTP/1.1" 200 196639
::1 - - [14/Jan/2019:03:07:11 +0100] "GET /images/scroll.png HTTP/1.1" 200 1100477
::1 - - [14/Jan/2019:03:07:11 +0100] "GET /favicon.ico HTTP/1.1" 200 199526
::1 - - [14/Jan/2019:03:07:13 +0100] "GET /multichain/publish.php?chain=1producent&from=1HPF4Mg8XrXRckVYp8EtbhjTT9Rq4BKpuVae6y&data=Geproduceerd HTTP/1.1" 302 158
::1 - - [14/Jan/2019:03:07:13 +0100] "GET / HTTP/1.1" 200 14400
::1 - - [14/Jan/2019:03:07:13 +0100] "GET / HTTP/1.1" 200 14400
::1 - - [14/Jan/2019:03:07:50 +0100] "GET / HTTP/1.1" 200 15332
::1 - - [14/Jan/2019:03:07:50 +0100] "GET /css/styleCLI.css HTTP/1.1" 200 84612
::1 - - [14/Jan/2019:03:07:50 +0100] "GET /js/index.js HTTP/1.1" 200 134
::1 - - [14/Jan/2019:03:07:50 +0100] "GET /js/jquery-3.1.1.min.js HTTP/1.1" 200 117764
::1 - - [14/Jan/2019:03:07:50 +0100] "GET /js/wcwidth.js HTTP/1.1" 200 68743
::1 - - [14/Jan/2019:03:07:50 +0100] "GET /js/jquery.mousewheel-min.js HTTP/1.1" 200 1323
::1 - - [14/Jan/2019:03:07:50 +0100] "GET /js/jquery.terminal.min.js HTTP/1.1" 200 141557
::1 - - [14/Jan/2019:03:07:50 +0100] "GET /js/DemoScript/ProcesVerschil.js HTTP/1.1" 200 11417
::1 - - [14/Jan/2019:03:07:50 +0100] "GET /js/keyboard.js HTTP/1.1" 200 28989
::1 - - [14/Jan/2019:03:07:50 +0100] "GET /js/WZjbgq.js HTTP/1.1" 200 1438
::1 - - [14/Jan/2019:03:07:50 +0100] "GET /js/jquery-ui.min.js HTTP/1.1" 200 319410
::1 - - [14/Jan/2019:03:07:50 +0100] "GET /images/bld_logo_douane.png HTTP/1.1" 200 3621
::1 - - [14/Jan/2019:03:07:50 +0100] "GET /images/TRUCK01.gif HTTP/1.1" 200 16123
::1 - - [14/Jan/2019:03:07:50 +0100] "GET /images/plaatje-fabriek.jpg HTTP/1.1" 200 52573
::1 - - [14/Jan/2019:03:07:50 +0100] "GET /images/koning.jpg HTTP/1.1" 200 13439
::1 - - [14/Jan/2019:03:07:50 +0100] "GET /images/curator-legt-beslag-nederlandse-vorderingen-failliete-rederij.jpg HTTP/1.1" 200 50112
::1 - - [14/Jan/2019:03:07:50 +0100] "GET /images/china-customs-emblem.jpg HTTP/1.1" 200 196639
::1 - - [14/Jan/2019:03:07:50 +0100] "GET /images/scroll.png HTTP/1.1" 200 1100477
::1 - - [14/Jan/2019:03:07:50 +0100] "GET /favicon.ico HTTP/1.1" 200 199526
::1 - - [14/Jan/2019:03:07:53 +0100] "GET /multichain/publish.php?chain=1producent&from=1HPF4Mg8XrXRckVYp8EtbhjTT9Rq4BKpuVae6y&data=Geproduceerd HTTP/1.1" 302 158
::1 - - [14/Jan/2019:03:07:53 +0100] "GET / HTTP/1.1" 200 15332
::1 - - [14/Jan/2019:03:07:53 +0100] "GET / HTTP/1.1" 200 15332
::1 - - [14/Jan/2019:03:09:33 +0100] "GET / HTTP/1.1" 200 16296
::1 - - [14/Jan/2019:03:09:34 +0100] "GET /css/styleCLI.css HTTP/1.1" 200 84612
::1 - - [14/Jan/2019:03:09:34 +0100] "GET /js/jquery-3.1.1.min.js HTTP/1.1" 200 117764
::1 - - [14/Jan/2019:03:09:34 +0100] "GET /js/wcwidth.js HTTP/1.1" 200 68743
::1 - - [14/Jan/2019:03:09:34 +0100] "GET /js/jquery-ui.min.js HTTP/1.1" 200 319410
::1 - - [14/Jan/2019:03:09:34 +0100] "GET /js/WZjbgq.js HTTP/1.1" 200 1438
::1 - - [14/Jan/2019:03:09:34 +0100] "GET /js/keyboard.js HTTP/1.1" 200 28989
::1 - - [14/Jan/2019:03:09:34 +0100] "GET /js/jquery.mousewheel-min.js HTTP/1.1" 200 1323
::1 - - [14/Jan/2019:03:09:34 +0100] "GET /js/jquery.terminal.min.js HTTP/1.1" 200 141557
::1 - - [14/Jan/2019:03:09:34 +0100] "GET /js/index.js HTTP/1.1" 200 134
::1 - - [14/Jan/2019:03:09:34 +0100] "GET /js/DemoScript/ProcesVerschil.js HTTP/1.1" 200 11407
::1 - - [14/Jan/2019:03:09:34 +0100] "GET /images/bld_logo_douane.png HTTP/1.1" 200 3621
::1 - - [14/Jan/2019:03:09:34 +0100] "GET /images/plaatje-fabriek.jpg HTTP/1.1" 200 52573
::1 - - [14/Jan/2019:03:09:34 +0100] "GET /images/china-customs-emblem.jpg HTTP/1.1" 200 196639
::1 - - [14/Jan/2019:03:09:34 +0100] "GET /images/koning.jpg HTTP/1.1" 200 13439
::1 - - [14/Jan/2019:03:09:34 +0100] "GET /images/curator-legt-beslag-nederlandse-vorderingen-failliete-rederij.jpg HTTP/1.1" 200 50112
::1 - - [14/Jan/2019:03:09:34 +0100] "GET /images/TRUCK01.gif HTTP/1.1" 200 16123
::1 - - [14/Jan/2019:03:09:34 +0100] "GET /images/scroll.png HTTP/1.1" 200 1100477
::1 - - [14/Jan/2019:03:09:34 +0100] "GET /favicon.ico HTTP/1.1" 200 199526
::1 - - [14/Jan/2019:03:09:36 +0100] "GET /multichain/publish.php?chain=1producent&from=1HPF4Mg8XrXRckVYp8EtbhjTT9Rq4BKpuVae6y&data=Geproduceerd HTTP/1.1" 302 158
::1 - - [14/Jan/2019:03:09:36 +0100] "GET / HTTP/1.1" 200 16296
::1 - - [14/Jan/2019:03:09:36 +0100] "GET / HTTP/1.1" 200 16296
::1 - - [14/Jan/2019:03:10:03 +0100] "GET / HTTP/1.1" 200 17192
::1 - - [14/Jan/2019:03:10:03 +0100] "GET /images/plaatje-fabriek.jpg HTTP/1.1" 200 52573
::1 - - [14/Jan/2019:03:10:03 +0100] "GET /images/TRUCK01.gif HTTP/1.1" 200 16123
::1 - - [14/Jan/2019:03:10:03 +0100] "GET /images/curator-legt-beslag-nederlandse-vorderingen-failliete-rederij.jpg HTTP/1.1" 200 50112
::1 - - [14/Jan/2019:03:10:03 +0100] "GET /images/bld_logo_douane.png HTTP/1.1" 200 3621
::1 - - [14/Jan/2019:03:10:03 +0100] "GET /images/china-customs-emblem.jpg HTTP/1.1" 200 196639
::1 - - [14/Jan/2019:03:10:03 +0100] "GET /images/koning.jpg HTTP/1.1" 200 13439
::1 - - [14/Jan/2019:03:10:03 +0100] "GET /css/styleCLI.css HTTP/1.1" 200 84612
::1 - - [14/Jan/2019:03:10:03 +0100] "GET /js/jquery-3.1.1.min.js HTTP/1.1" 200 117764
::1 - - [14/Jan/2019:03:10:03 +0100] "GET /images/scroll.png HTTP/1.1" 200 1100477
::1 - - [14/Jan/2019:03:10:03 +0100] "GET /js/wcwidth.js HTTP/1.1" 200 68743
::1 - - [14/Jan/2019:03:10:03 +0100] "GET /js/jquery.mousewheel-min.js HTTP/1.1" 200 1323
::1 - - [14/Jan/2019:03:10:03 +0100] "GET /js/jquery.terminal.min.js HTTP/1.1" 200 141557
::1 - - [14/Jan/2019:03:10:03 +0100] "GET /js/keyboard.js HTTP/1.1" 200 28989
::1 - - [14/Jan/2019:03:10:03 +0100] "GET /js/WZjbgq.js HTTP/1.1" 200 1438
::1 - - [14/Jan/2019:03:10:03 +0100] "GET /js/index.js HTTP/1.1" 200 134
::1 - - [14/Jan/2019:03:10:03 +0100] "GET /js/DemoScript/ProcesVerschil.js HTTP/1.1" 200 11407
::1 - - [14/Jan/2019:03:10:03 +0100] "GET /js/jquery-ui.min.js HTTP/1.1" 200 319410
::1 - - [14/Jan/2019:03:10:04 +0100] "GET /favicon.ico HTTP/1.1" 200 199526
::1 - - [14/Jan/2019:03:10:09 +0100] "GET /multichain/publish.php?chain=1producent&from=1HPF4Mg8XrXRckVYp8EtbhjTT9Rq4BKpuVae6y&data=Geproduceerd HTTP/1.1" 302 158
::1 - - [14/Jan/2019:03:10:26 +0100] "GET /css/styleCLI.css HTTP/1.1" 200 84612
::1 - - [14/Jan/2019:03:10:26 +0100] "GET /css/styleCLI.css HTTP/1.1" 200 84612
::1 - - [14/Jan/2019:03:10:59 +0100] "GET / HTTP/1.1" 200 18114
::1 - - [14/Jan/2019:03:10:59 +0100] "GET /js/jquery-3.1.1.min.js HTTP/1.1" 304 -
::1 - - [14/Jan/2019:03:10:59 +0100] "GET /js/wcwidth.js HTTP/1.1" 304 -
::1 - - [14/Jan/2019:03:10:59 +0100] "GET /css/styleCLI.css HTTP/1.1" 304 -
::1 - - [14/Jan/2019:03:10:59 +0100] "GET /js/jquery.mousewheel-min.js HTTP/1.1" 304 -
::1 - - [14/Jan/2019:03:10:59 +0100] "GET /js/jquery.terminal.min.js HTTP/1.1" 304 -
::1 - - [14/Jan/2019:03:10:59 +0100] "GET /js/keyboard.js HTTP/1.1" 304 -
::1 - - [14/Jan/2019:03:10:59 +0100] "GET /js/jquery-ui.min.js HTTP/1.1" 304 -
::1 - - [14/Jan/2019:03:10:59 +0100] "GET /js/WZjbgq.js HTTP/1.1" 304 -
::1 - - [14/Jan/2019:03:10:59 +0100] "GET /js/index.js HTTP/1.1" 304 -
::1 - - [14/Jan/2019:03:10:59 +0100] "GET /js/DemoScript/ProcesVerschil.js HTTP/1.1" 304 -
::1 - - [14/Jan/2019:03:10:59 +0100] "GET /images/TRUCK01.gif HTTP/1.1" 200 16123
::1 - - [14/Jan/2019:03:10:59 +0100] "GET /images/curator-legt-beslag-nederlandse-vorderingen-failliete-rederij.jpg HTTP/1.1" 200 50112
::1 - - [14/Jan/2019:03:10:59 +0100] "GET /images/plaatje-fabriek.jpg HTTP/1.1" 200 52573
::1 - - [14/Jan/2019:03:10:59 +0100] "GET /images/china-customs-emblem.jpg HTTP/1.1" 200 196639
::1 - - [14/Jan/2019:03:10:59 +0100] "GET /images/bld_logo_douane.png HTTP/1.1" 304 -
::1 - - [14/Jan/2019:03:10:59 +0100] "GET /images/koning.jpg HTTP/1.1" 304 -
::1 - - [14/Jan/2019:03:10:59 +0100] "GET /images/scroll.png HTTP/1.1" 304 -
::1 - - [14/Jan/2019:03:10:59 +0100] "GET /favicon.ico HTTP/1.1" 200 199526
::1 - - [14/Jan/2019:03:11:02 +0100] "GET /multichain/publish.php?chain=1producent&from=1HPF4Mg8XrXRckVYp8EtbhjTT9Rq4BKpuVae6y&data=Geproduceerd HTTP/1.1" 302 158
::1 - - [14/Jan/2019:03:11:02 +0100] "GET / HTTP/1.1" 200 18114
::1 - - [14/Jan/2019:03:11:03 +0100] "GET /images/bld_logo_douane.png HTTP/1.1" 304 -
::1 - - [14/Jan/2019:03:11:03 +0100] "GET /images/koning.jpg HTTP/1.1" 304 -
::1 - - [14/Jan/2019:03:11:03 +0100] "GET /images/scroll.png HTTP/1.1" 304 -
::1 - - [14/Jan/2019:03:11:02 +0100] "GET / HTTP/1.1" 200 18114
::1 - - [14/Jan/2019:03:11:03 +0100] "GET /images/bld_logo_douane.png HTTP/1.1" 304 -
::1 - - [14/Jan/2019:03:11:03 +0100] "GET /images/koning.jpg HTTP/1.1" 304 -
::1 - - [14/Jan/2019:03:11:03 +0100] "GET /images/scroll.png HTTP/1.1" 304 -
::1 - - [14/Jan/2019:03:11:09 +0100] "GET /multichain/publish.php?chain=2transportChina&from=1VUnnop5pnvazj394zpg4LQbv8JLDVZMVSi6aK&data=Optransport HTTP/1.1" 302 158
::1 - - [14/Jan/2019:03:11:09 +0100] "GET / HTTP/1.1" 200 19037
::1 - - [14/Jan/2019:03:11:10 +0100] "GET /images/bld_logo_douane.png HTTP/1.1" 304 -
::1 - - [14/Jan/2019:03:11:10 +0100] "GET /images/koning.jpg HTTP/1.1" 304 -
::1 - - [14/Jan/2019:03:11:10 +0100] "GET /images/scroll.png HTTP/1.1" 304 -
::1 - - [14/Jan/2019:03:11:09 +0100] "GET / HTTP/1.1" 200 19037
::1 - - [14/Jan/2019:03:11:10 +0100] "GET /images/bld_logo_douane.png HTTP/1.1" 304 -
::1 - - [14/Jan/2019:03:11:10 +0100] "GET /images/koning.jpg HTTP/1.1" 304 -
::1 - - [14/Jan/2019:03:11:10 +0100] "GET /images/scroll.png HTTP/1.1" 304 -
::1 - - [14/Jan/2019:03:12:42 +0100] "GET / HTTP/1.1" 200 20001
::1 - - [14/Jan/2019:03:12:42 +0100] "GET /css/styleCLI.css HTTP/1.1" 200 84612
::1 - - [14/Jan/2019:03:12:42 +0100] "GET /js/keyboard.js HTTP/1.1" 200 28989
::1 - - [14/Jan/2019:03:12:42 +0100] "GET /js/jquery-3.1.1.min.js HTTP/1.1" 200 117764
::1 - - [14/Jan/2019:03:12:42 +0100] "GET /js/jquery.mousewheel-min.js HTTP/1.1" 200 1323
::1 - - [14/Jan/2019:03:12:42 +0100] "GET /js/jquery-ui.min.js HTTP/1.1" 200 319410
::1 - - [14/Jan/2019:03:12:42 +0100] "GET /js/index.js HTTP/1.1" 200 134
::1 - - [14/Jan/2019:03:12:42 +0100] "GET /js/wcwidth.js HTTP/1.1" 200 68743
::1 - - [14/Jan/2019:03:12:42 +0100] "GET /js/WZjbgq.js HTTP/1.1" 200 1438
::1 - - [14/Jan/2019:03:12:42 +0100] "GET /js/DemoScript/ProcesVerschil.js HTTP/1.1" 200 11407
::1 - - [14/Jan/2019:03:12:42 +0100] "GET /js/jquery.terminal.min.js HTTP/1.1" 200 141557
::1 - - [14/Jan/2019:03:12:42 +0100] "GET /images/TRUCK01.gif HTTP/1.1" 200 16123
::1 - - [14/Jan/2019:03:12:42 +0100] "GET /images/bld_logo_douane.png HTTP/1.1" 200 3621
::1 - - [14/Jan/2019:03:12:42 +0100] "GET /images/koning.jpg HTTP/1.1" 200 13439
::1 - - [14/Jan/2019:03:12:42 +0100] "GET /images/curator-legt-beslag-nederlandse-vorderingen-failliete-rederij.jpg HTTP/1.1" 200 50112
::1 - - [14/Jan/2019:03:12:42 +0100] "GET /images/plaatje-fabriek.jpg HTTP/1.1" 200 52573
::1 - - [14/Jan/2019:03:12:42 +0100] "GET /images/china-customs-emblem.jpg HTTP/1.1" 200 196639
::1 - - [14/Jan/2019:03:12:42 +0100] "GET /images/scroll.png HTTP/1.1" 200 1100477
::1 - - [14/Jan/2019:03:12:43 +0100] "GET /favicon.ico HTTP/1.1" 200 199526
::1 - - [14/Jan/2019:03:12:45 +0100] "GET /multichain/publish.php?chain=1producent&from=1HPF4Mg8XrXRckVYp8EtbhjTT9Rq4BKpuVae6y&data=Geproduceerd HTTP/1.1" 302 158
::1 - - [14/Jan/2019:03:12:45 +0100] "GET / HTTP/1.1" 200 20001
::1 - - [14/Jan/2019:03:12:45 +0100] "GET / HTTP/1.1" 200 20001
::1 - - [14/Jan/2019:03:12:56 +0100] "GET / HTTP/1.1" 200 20932
::1 - - [14/Jan/2019:03:13:20 +0100] "GET /css/styleCLI.css HTTP/1.1" 200 84612
::1 - - [14/Jan/2019:03:13:20 +0100] "GET /js/WZjbgq.js HTTP/1.1" 200 1438
::1 - - [14/Jan/2019:03:13:20 +0100] "GET /js/wcwidth.js HTTP/1.1" 200 68743
::1 - - [14/Jan/2019:03:13:20 +0100] "GET /js/jquery-3.1.1.min.js HTTP/1.1" 200 117764
::1 - - [14/Jan/2019:03:13:20 +0100] "GET /js/jquery-ui.min.js HTTP/1.1" 200 319410
::1 - - [14/Jan/2019:03:13:20 +0100] "GET /js/index.js HTTP/1.1" 200 134
::1 - - [14/Jan/2019:03:13:20 +0100] "GET /js/keyboard.js HTTP/1.1" 200 28989
::1 - - [14/Jan/2019:03:13:20 +0100] "GET /js/DemoScript/ProcesVerschil.js HTTP/1.1" 200 11407
::1 - - [14/Jan/2019:03:13:20 +0100] "GET /js/jquery.mousewheel-min.js HTTP/1.1" 200 1323
::1 - - [14/Jan/2019:03:13:20 +0100] "GET /js/jquery.terminal.min.js HTTP/1.1" 200 141557
::1 - - [14/Jan/2019:03:13:20 +0100] "GET /images/TRUCK01.gif HTTP/1.1" 200 16123
::1 - - [14/Jan/2019:03:13:20 +0100] "GET /images/plaatje-fabriek.jpg HTTP/1.1" 200 52573
::1 - - [14/Jan/2019:03:13:20 +0100] "GET /images/curator-legt-beslag-nederlandse-vorderingen-failliete-rederij.jpg HTTP/1.1" 200 50112
::1 - - [14/Jan/2019:03:13:20 +0100] "GET /images/bld_logo_douane.png HTTP/1.1" 200 3621
::1 - - [14/Jan/2019:03:13:20 +0100] "GET /images/koning.jpg HTTP/1.1" 200 13439
::1 - - [14/Jan/2019:03:13:20 +0100] "GET /images/china-customs-emblem.jpg HTTP/1.1" 200 196639
::1 - - [14/Jan/2019:03:13:20 +0100] "GET /images/scroll.png HTTP/1.1" 200 1100477
::1 - - [14/Jan/2019:03:13:20 +0100] "GET /favicon.ico HTTP/1.1" 200 199526
::1 - - [14/Jan/2019:03:14:36 +0100] "GET / HTTP/1.1" 200 21017
::1 - - [14/Jan/2019:03:14:37 +0100] "GET /css/styleCLI.css HTTP/1.1" 200 84612
::1 - - [14/Jan/2019:03:14:37 +0100] "GET /js/wcwidth.js HTTP/1.1" 200 68743
::1 - - [14/Jan/2019:03:14:37 +0100] "GET /js/jquery-3.1.1.min.js HTTP/1.1" 200 117764
::1 - - [14/Jan/2019:03:14:37 +0100] "GET /js/jquery.terminal.min.js HTTP/1.1" 200 141557
::1 - - [14/Jan/2019:03:14:37 +0100] "GET /js/jquery.mousewheel-min.js HTTP/1.1" 200 1323
::1 - - [14/Jan/2019:03:14:37 +0100] "GET /js/index.js HTTP/1.1" 200 134
::1 - - [14/Jan/2019:03:14:37 +0100] "GET /js/keyboard.js HTTP/1.1" 200 28989
::1 - - [14/Jan/2019:03:14:37 +0100] "GET /js/jquery-ui.min.js HTTP/1.1" 200 319410
::1 - - [14/Jan/2019:03:14:37 +0100] "GET /js/DemoScript/ProcesVerschil.js HTTP/1.1" 200 11407
::1 - - [14/Jan/2019:03:14:37 +0100] "GET /js/WZjbgq.js HTTP/1.1" 200 1438
::1 - - [14/Jan/2019:03:14:37 +0100] "GET /images/TRUCK01.gif HTTP/1.1" 200 16123
::1 - - [14/Jan/2019:03:14:37 +0100] "GET /images/koning.jpg HTTP/1.1" 200 13439
::1 - - [14/Jan/2019:03:14:37 +0100] "GET /images/curator-legt-beslag-nederlandse-vorderingen-failliete-rederij.jpg HTTP/1.1" 200 50112
::1 - - [14/Jan/2019:03:14:37 +0100] "GET /images/bld_logo_douane.png HTTP/1.1" 200 3621
::1 - - [14/Jan/2019:03:14:37 +0100] "GET /images/plaatje-fabriek.jpg HTTP/1.1" 200 52573
::1 - - [14/Jan/2019:03:14:37 +0100] "GET /images/scroll.png HTTP/1.1" 200 1100477
::1 - - [14/Jan/2019:03:14:37 +0100] "GET /images/china-customs-emblem.jpg HTTP/1.1" 200 196639
::1 - - [14/Jan/2019:03:14:37 +0100] "GET /favicon.ico HTTP/1.1" 200 199526
::1 - - [14/Jan/2019:03:14:40 +0100] "GET /multichain/publish.php?chain=1producent&from=1HPF4Mg8XrXRckVYp8EtbhjTT9Rq4BKpuVae6y&data=Geproduceerd HTTP/1.1" 302 158
::1 - - [14/Jan/2019:03:14:40 +0100] "GET / HTTP/1.1" 200 21017
::1 - - [14/Jan/2019:03:14:40 +0100] "GET / HTTP/1.1" 200 21017
::1 - - [14/Jan/2019:03:15:08 +0100] "GET / HTTP/1.1" 200 21921
::1 - - [14/Jan/2019:03:15:08 +0100] "GET /css/styleCLI.css HTTP/1.1" 200 84612
::1 - - [14/Jan/2019:03:15:08 +0100] "GET /js/DemoScript/ProcesVerschil.js HTTP/1.1" 200 11407
::1 - - [14/Jan/2019:03:15:08 +0100] "GET /js/jquery.mousewheel-min.js HTTP/1.1" 200 1323
::1 - - [14/Jan/2019:03:15:08 +0100] "GET /js/jquery.terminal.min.js HTTP/1.1" 200 141557
::1 - - [14/Jan/2019:03:15:08 +0100] "GET /js/jquery-3.1.1.min.js HTTP/1.1" 200 117764
::1 - - [14/Jan/2019:03:15:08 +0100] "GET /js/wcwidth.js HTTP/1.1" 200 68743
::1 - - [14/Jan/2019:03:15:08 +0100] "GET /js/index.js HTTP/1.1" 200 134
::1 - - [14/Jan/2019:03:15:08 +0100] "GET /js/WZjbgq.js HTTP/1.1" 200 1438
::1 - - [14/Jan/2019:03:15:08 +0100] "GET /js/keyboard.js HTTP/1.1" 200 28989
::1 - - [14/Jan/2019:03:15:08 +0100] "GET /js/jquery-ui.min.js HTTP/1.1" 200 319410
::1 - - [14/Jan/2019:03:15:09 +0100] "GET /images/TRUCK01.gif HTTP/1.1" 200 16123
::1 - - [14/Jan/2019:03:15:09 +0100] "GET /images/curator-legt-beslag-nederlandse-vorderingen-failliete-rederij.jpg HTTP/1.1" 200 50112
::1 - - [14/Jan/2019:03:15:09 +0100] "GET /images/plaatje-fabriek.jpg HTTP/1.1" 200 52573
::1 - - [14/Jan/2019:03:15:09 +0100] "GET /images/bld_logo_douane.png HTTP/1.1" 200 3621
::1 - - [14/Jan/2019:03:15:09 +0100] "GET /images/koning.jpg HTTP/1.1" 200 13439
::1 - - [14/Jan/2019:03:15:09 +0100] "GET /images/china-customs-emblem.jpg HTTP/1.1" 200 196639
::1 - - [14/Jan/2019:03:15:09 +0100] "GET /images/scroll.png HTTP/1.1" 200 1100477
::1 - - [14/Jan/2019:03:15:09 +0100] "GET /favicon.ico HTTP/1.1" 200 199526
::1 - - [14/Jan/2019:03:15:13 +0100] "GET / HTTP/1.1" 200 21922
::1 - - [14/Jan/2019:03:15:13 +0100] "GET /css/styleCLI.css HTTP/1.1" 200 84612
::1 - - [14/Jan/2019:03:15:13 +0100] "GET /js/DemoScript/ProcesVerschil.js HTTP/1.1" 200 11407
::1 - - [14/Jan/2019:03:15:13 +0100] "GET /js/jquery-3.1.1.min.js HTTP/1.1" 200 117764
::1 - - [14/Jan/2019:03:15:13 +0100] "GET /js/wcwidth.js HTTP/1.1" 200 68743
::1 - - [14/Jan/2019:03:15:13 +0100] "GET /js/jquery.mousewheel-min.js HTTP/1.1" 200 1323
::1 - - [14/Jan/2019:03:15:13 +0100] "GET /js/WZjbgq.js HTTP/1.1" 200 1438
::1 - - [14/Jan/2019:03:15:13 +0100] "GET /js/index.js HTTP/1.1" 200 134
::1 - - [14/Jan/2019:03:15:13 +0100] "GET /js/keyboard.js HTTP/1.1" 200 28989
::1 - - [14/Jan/2019:03:15:13 +0100] "GET /js/jquery-ui.min.js HTTP/1.1" 200 319410
::1 - - [14/Jan/2019:03:15:13 +0100] "GET /js/jquery.terminal.min.js HTTP/1.1" 200 141557
::1 - - [14/Jan/2019:03:15:13 +0100] "GET /images/TRUCK01.gif HTTP/1.1" 200 16123
::1 - - [14/Jan/2019:03:15:13 +0100] "GET /images/plaatje-fabriek.jpg HTTP/1.1" 200 52573
::1 - - [14/Jan/2019:03:15:13 +0100] "GET /images/curator-legt-beslag-nederlandse-vorderingen-failliete-rederij.jpg HTTP/1.1" 200 50112
::1 - - [14/Jan/2019:03:15:13 +0100] "GET /images/koning.jpg HTTP/1.1" 200 13439
::1 - - [14/Jan/2019:03:15:13 +0100] "GET /images/bld_logo_douane.png HTTP/1.1" 200 3621
::1 - - [14/Jan/2019:03:15:13 +0100] "GET /images/china-customs-emblem.jpg HTTP/1.1" 200 196639
::1 - - [14/Jan/2019:03:15:13 +0100] "GET /images/scroll.png HTTP/1.1" 200 1100477
::1 - - [14/Jan/2019:03:15:13 +0100] "GET /favicon.ico HTTP/1.1" 200 199526
::1 - - [14/Jan/2019:03:15:16 +0100] "GET /multichain/publish.php?chain=1producent&from=1HPF4Mg8XrXRckVYp8EtbhjTT9Rq4BKpuVae6y&data=Geproduceerd HTTP/1.1" 302 158
::1 - - [14/Jan/2019:03:15:16 +0100] "GET / HTTP/1.1" 200 21922
::1 - - [14/Jan/2019:03:15:16 +0100] "GET / HTTP/1.1" 200 21922
::1 - - [14/Jan/2019:03:15:18 +0100] "GET /multichain/publish.php?chain=2transportChina&from=1VUnnop5pnvazj394zpg4LQbv8JLDVZMVSi6aK&data=Optransport HTTP/1.1" 302 158
::1 - - [14/Jan/2019:03:15:18 +0100] "GET / HTTP/1.1" 200 22845
::1 - - [14/Jan/2019:03:15:18 +0100] "GET / HTTP/1.1" 200 22845
::1 - - [14/Jan/2019:03:15:21 +0100] "GET / HTTP/1.1" 200 23770
::1 - - [14/Jan/2019:03:15:22 +0100] "GET /css/styleCLI.css HTTP/1.1" 200 84612
::1 - - [14/Jan/2019:03:15:22 +0100] "GET /js/WZjbgq.js HTTP/1.1" 200 1438
::1 - - [14/Jan/2019:03:15:22 +0100] "GET /js/jquery-3.1.1.min.js HTTP/1.1" 200 117764
::1 - - [14/Jan/2019:03:15:22 +0100] "GET /js/wcwidth.js HTTP/1.1" 200 68743
::1 - - [14/Jan/2019:03:15:22 +0100] "GET /js/keyboard.js HTTP/1.1" 200 28989
::1 - - [14/Jan/2019:03:15:22 +0100] "GET /js/jquery.mousewheel-min.js HTTP/1.1" 200 1323
::1 - - [14/Jan/2019:03:15:22 +0100] "GET /js/DemoScript/ProcesVerschil.js HTTP/1.1" 200 11407
::1 - - [14/Jan/2019:03:15:22 +0100] "GET /js/index.js HTTP/1.1" 200 134
::1 - - [14/Jan/2019:03:15:22 +0100] "GET /js/jquery.terminal.min.js HTTP/1.1" 200 141557
::1 - - [14/Jan/2019:03:15:22 +0100] "GET /js/jquery-ui.min.js HTTP/1.1" 200 319410
::1 - - [14/Jan/2019:03:15:22 +0100] "GET /images/TRUCK01.gif HTTP/1.1" 200 16123
::1 - - [14/Jan/2019:03:15:22 +0100] "GET /images/plaatje-fabriek.jpg HTTP/1.1" 200 52573
::1 - - [14/Jan/2019:03:15:22 +0100] "GET /images/bld_logo_douane.png HTTP/1.1" 200 3621
::1 - - [14/Jan/2019:03:15:22 +0100] "GET /images/china-customs-emblem.jpg HTTP/1.1" 200 196639
::1 - - [14/Jan/2019:03:15:22 +0100] "GET /images/koning.jpg HTTP/1.1" 200 13439
::1 - - [14/Jan/2019:03:15:22 +0100] "GET /images/curator-legt-beslag-nederlandse-vorderingen-failliete-rederij.jpg HTTP/1.1" 200 50112
::1 - - [14/Jan/2019:03:15:22 +0100] "GET /images/scroll.png HTTP/1.1" 200 1100477
::1 - - [14/Jan/2019:03:15:22 +0100] "GET /favicon.ico HTTP/1.1" 200 199526
::1 - - [14/Jan/2019:03:15:24 +0100] "GET /multichain/publish.php?chain=1producent&from=1HPF4Mg8XrXRckVYp8EtbhjTT9Rq4BKpuVae6y&data=Geproduceerd HTTP/1.1" 302 158
::1 - - [14/Jan/2019:03:15:25 +0100] "GET /multichain/publish.php?chain=2transportChina&from=1VUnnop5pnvazj394zpg4LQbv8JLDVZMVSi6aK&data=Optransport HTTP/1.1" 302 158
::1 - - [14/Jan/2019:03:15:24 +0100] "GET / HTTP/1.1" 200 23788
::1 - - [14/Jan/2019:03:15:24 +0100] "GET / HTTP/1.1" 200 23788
::1 - - [14/Jan/2019:03:15:25 +0100] "GET / HTTP/1.1" 200 23788
::1 - - [14/Jan/2019:03:15:25 +0100] "GET / HTTP/1.1" 200 23788
::1 - - [14/Jan/2019:03:15:36 +0100] "GET / HTTP/1.1" 200 25629
::1 - - [14/Jan/2019:03:15:37 +0100] "GET /css/styleCLI.css HTTP/1.1" 200 84612
::1 - - [14/Jan/2019:03:15:37 +0100] "GET /js/jquery-ui.min.js HTTP/1.1" 200 319410
::1 - - [14/Jan/2019:03:15:37 +0100] "GET /js/jquery-3.1.1.min.js HTTP/1.1" 200 117764
::1 - - [14/Jan/2019:03:15:37 +0100] "GET /js/wcwidth.js HTTP/1.1" 200 68743
::1 - - [14/Jan/2019:03:15:37 +0100] "GET /js/jquery.terminal.min.js HTTP/1.1" 200 141557
::1 - - [14/Jan/2019:03:15:37 +0100] "GET /js/jquery.mousewheel-min.js HTTP/1.1" 200 1323
::1 - - [14/Jan/2019:03:15:37 +0100] "GET /js/index.js HTTP/1.1" 200 134
::1 - - [14/Jan/2019:03:15:37 +0100] "GET /js/WZjbgq.js HTTP/1.1" 200 1438
::1 - - [14/Jan/2019:03:15:37 +0100] "GET /js/keyboard.js HTTP/1.1" 200 28989
::1 - - [14/Jan/2019:03:15:37 +0100] "GET /js/DemoScript/ProcesVerschil.js HTTP/1.1" 200 11407
::1 - - [14/Jan/2019:03:15:37 +0100] "GET /images/TRUCK01.gif HTTP/1.1" 200 16123
::1 - - [14/Jan/2019:03:15:37 +0100] "GET /images/curator-legt-beslag-nederlandse-vorderingen-failliete-rederij.jpg HTTP/1.1" 200 50112
::1 - - [14/Jan/2019:03:15:37 +0100] "GET /images/koning.jpg HTTP/1.1" 200 13439
::1 - - [14/Jan/2019:03:15:37 +0100] "GET /images/bld_logo_douane.png HTTP/1.1" 200 3621
::1 - - [14/Jan/2019:03:15:37 +0100] "GET /images/plaatje-fabriek.jpg HTTP/1.1" 200 52573
::1 - - [14/Jan/2019:03:15:37 +0100] "GET /images/china-customs-emblem.jpg HTTP/1.1" 200 196639
::1 - - [14/Jan/2019:03:15:37 +0100] "GET /images/scroll.png HTTP/1.1" 200 1100477
::1 - - [14/Jan/2019:03:15:37 +0100] "GET /favicon.ico HTTP/1.1" 200 199526
::1 - - [14/Jan/2019:03:15:40 +0100] "GET /multichain/publish.php?chain=1producent&from=1HPF4Mg8XrXRckVYp8EtbhjTT9Rq4BKpuVae6y&data=Geproduceerd HTTP/1.1" 302 158
::1 - - [14/Jan/2019:03:15:42 +0100] "GET /multichain/publish.php?chain=2transportChina&from=1VUnnop5pnvazj394zpg4LQbv8JLDVZMVSi6aK&data=Optransport HTTP/1.1" 302 158
::1 - - [14/Jan/2019:03:15:40 +0100] "GET / HTTP/1.1" 200 25647
::1 - - [14/Jan/2019:03:15:40 +0100] "GET / HTTP/1.1" 200 25647
::1 - - [14/Jan/2019:03:15:42 +0100] "GET / HTTP/1.1" 200 25647
::1 - - [14/Jan/2019:03:15:43 +0100] "GET /multichain/publish.php?chain=3douaneChina&from=1Nnyi1k9BNsD3cxduLQJKfuqGFpUrXbvHphSsg&data=Vrijgegeven HTTP/1.1" 302 158
::1 - - [14/Jan/2019:03:15:42 +0100] "GET / HTTP/1.1" 200 26570
::1 - - [14/Jan/2019:03:15:43 +0100] "GET / HTTP/1.1" 200 27497
::1 - - [14/Jan/2019:03:15:43 +0100] "GET / HTTP/1.1" 200 27497
::1 - - [14/Jan/2019:03:15:44 +0100] "GET /multichain/publish.php?chain=4rederij&from=1VMpR6T8a6RJa65rnwMTDxzuuUB3q6ky5H4ngn&data=Uitladen. HTTP/1.1" 302 158
::1 - - [14/Jan/2019:03:15:44 +0100] "GET / HTTP/1.1" 200 28421
::1 - - [14/Jan/2019:03:15:44 +0100] "GET / HTTP/1.1" 200 28421
::1 - - [14/Jan/2019:03:16:46 +0100] "GET / HTTP/1.1" 200 29228
::1 - - [14/Jan/2019:03:16:46 +0100] "GET /css/styleCLI.css HTTP/1.1" 200 84612
::1 - - [14/Jan/2019:03:16:46 +0100] "GET /js/jquery-ui.min.js HTTP/1.1" 200 319410
::1 - - [14/Jan/2019:03:16:46 +0100] "GET /js/wcwidth.js HTTP/1.1" 200 68743
::1 - - [14/Jan/2019:03:16:46 +0100] "GET /js/jquery-3.1.1.min.js HTTP/1.1" 200 117764
::1 - - [14/Jan/2019:03:16:46 +0100] "GET /js/index.js HTTP/1.1" 200 134
::1 - - [14/Jan/2019:03:16:46 +0100] "GET /js/WZjbgq.js HTTP/1.1" 200 1438
::1 - - [14/Jan/2019:03:16:46 +0100] "GET /js/jquery.terminal.min.js HTTP/1.1" 200 141557
::1 - - [14/Jan/2019:03:16:46 +0100] "GET /js/jquery.mousewheel-min.js HTTP/1.1" 200 1323
::1 - - [14/Jan/2019:03:16:46 +0100] "GET /js/DemoScript/ProcesVerschil.js HTTP/1.1" 200 11407
::1 - - [14/Jan/2019:03:16:46 +0100] "GET /js/keyboard.js HTTP/1.1" 200 28989
::1 - - [14/Jan/2019:03:16:46 +0100] "GET /images/TRUCK01.gif HTTP/1.1" 200 16123
::1 - - [14/Jan/2019:03:16:46 +0100] "GET /images/koning.jpg HTTP/1.1" 200 13439
::1 - - [14/Jan/2019:03:16:46 +0100] "GET /images/curator-legt-beslag-nederlandse-vorderingen-failliete-rederij.jpg HTTP/1.1" 200 50112
::1 - - [14/Jan/2019:03:16:46 +0100] "GET /images/bld_logo_douane.png HTTP/1.1" 200 3621
::1 - - [14/Jan/2019:03:16:46 +0100] "GET /images/china-customs-emblem.jpg HTTP/1.1" 200 196639
::1 - - [14/Jan/2019:03:16:46 +0100] "GET /images/plaatje-fabriek.jpg HTTP/1.1" 200 52573
::1 - - [14/Jan/2019:03:16:46 +0100] "GET /images/scroll.png HTTP/1.1" 200 1100477
::1 - - [14/Jan/2019:03:16:47 +0100] "GET /favicon.ico HTTP/1.1" 200 199526
::1 - - [14/Jan/2019:03:16:49 +0100] "GET /multichain/publish.php?chain=1producent&from=1HPF4Mg8XrXRckVYp8EtbhjTT9Rq4BKpuVae6y&data=Geproduceerd HTTP/1.1" 302 158
::1 - - [14/Jan/2019:03:16:49 +0100] "GET / HTTP/1.1" 200 29228
::1 - - [14/Jan/2019:03:16:49 +0100] "GET / HTTP/1.1" 200 29228
::1 - - [14/Jan/2019:03:18:00 +0100] "GET / HTTP/1.1" 200 30195
::1 - - [14/Jan/2019:03:18:01 +0100] "GET /js/jquery-3.1.1.min.js HTTP/1.1" 200 117764
::1 - - [14/Jan/2019:03:18:01 +0100] "GET /css/styleCLI.css HTTP/1.1" 200 84612
::1 - - [14/Jan/2019:03:18:01 +0100] "GET /js/wcwidth.js HTTP/1.1" 200 68743
::1 - - [14/Jan/2019:03:18:01 +0100] "GET /js/keyboard.js HTTP/1.1" 200 28989
::1 - - [14/Jan/2019:03:18:01 +0100] "GET /js/jquery.mousewheel-min.js HTTP/1.1" 200 1323
::1 - - [14/Jan/2019:03:18:01 +0100] "GET /js/jquery-ui.min.js HTTP/1.1" 200 319410
::1 - - [14/Jan/2019:03:18:01 +0100] "GET /js/jquery.terminal.min.js HTTP/1.1" 200 141557
::1 - - [14/Jan/2019:03:18:01 +0100] "GET /js/WZjbgq.js HTTP/1.1" 200 1438
::1 - - [14/Jan/2019:03:18:01 +0100] "GET /js/index.js HTTP/1.1" 200 134
::1 - - [14/Jan/2019:03:18:01 +0100] "GET /js/DemoScript/ProcesVerschil.js HTTP/1.1" 200 11407
::1 - - [14/Jan/2019:03:18:01 +0100] "GET /images/TRUCK01.gif HTTP/1.1" 200 16123
::1 - - [14/Jan/2019:03:18:01 +0100] "GET /images/curator-legt-beslag-nederlandse-vorderingen-failliete-rederij.jpg HTTP/1.1" 200 50112
::1 - - [14/Jan/2019:03:18:01 +0100] "GET /images/koning.jpg HTTP/1.1" 200 13439
::1 - - [14/Jan/2019:03:18:01 +0100] "GET /images/plaatje-fabriek.jpg HTTP/1.1" 200 52573
::1 - - [14/Jan/2019:03:18:01 +0100] "GET /images/china-customs-emblem.jpg HTTP/1.1" 200 196639
::1 - - [14/Jan/2019:03:18:01 +0100] "GET /images/bld_logo_douane.png HTTP/1.1" 200 3621
::1 - - [14/Jan/2019:03:18:01 +0100] "GET /images/scroll.png HTTP/1.1" 200 1100477
::1 - - [14/Jan/2019:03:18:01 +0100] "GET /favicon.ico HTTP/1.1" 200 199526
::1 - - [14/Jan/2019:03:18:03 +0100] "GET /multichain/publish.php?chain=1producent&from=1HPF4Mg8XrXRckVYp8EtbhjTT9Rq4BKpuVae6y&data=Geproduceerd HTTP/1.1" 302 158
::1 - - [14/Jan/2019:03:18:03 +0100] "GET / HTTP/1.1" 200 30195
::1 - - [14/Jan/2019:03:18:03 +0100] "GET / HTTP/1.1" 200 30195
::1 - - [14/Jan/2019:03:18:45 +0100] "GET / HTTP/1.1" 200 -
::1 - - [14/Jan/2019:03:18:50 +0100] "GET /favicon.ico HTTP/1.1" 200 199526
::1 - - [14/Jan/2019:03:18:54 +0100] "GET / HTTP/1.1" 200 31079
::1 - - [14/Jan/2019:03:18:55 +0100] "GET /css/styleCLI.css HTTP/1.1" 200 84612
::1 - - [14/Jan/2019:03:18:55 +0100] "GET /js/jquery-3.1.1.min.js HTTP/1.1" 200 117764
::1 - - [14/Jan/2019:03:18:55 +0100] "GET /js/keyboard.js HTTP/1.1" 200 28989
::1 - - [14/Jan/2019:03:18:55 +0100] "GET /js/jquery-ui.min.js HTTP/1.1" 200 319410
::1 - - [14/Jan/2019:03:18:55 +0100] "GET /js/jquery.terminal.min.js HTTP/1.1" 200 141557
::1 - - [14/Jan/2019:03:18:55 +0100] "GET /js/wcwidth.js HTTP/1.1" 200 68743
::1 - - [14/Jan/2019:03:18:55 +0100] "GET /js/jquery.mousewheel-min.js HTTP/1.1" 200 1323
::1 - - [14/Jan/2019:03:18:55 +0100] "GET /js/index.js HTTP/1.1" 200 134
::1 - - [14/Jan/2019:03:18:55 +0100] "GET /js/DemoScript/ProcesVerschil.js HTTP/1.1" 200 11407
::1 - - [14/Jan/2019:03:18:55 +0100] "GET /js/WZjbgq.js HTTP/1.1" 200 1438
::1 - - [14/Jan/2019:03:18:55 +0100] "GET /images/bld_logo_douane.png HTTP/1.1" 200 3621
::1 - - [14/Jan/2019:03:18:55 +0100] "GET /images/TRUCK01.gif HTTP/1.1" 200 16123
::1 - - [14/Jan/2019:03:18:55 +0100] "GET /images/plaatje-fabriek.jpg HTTP/1.1" 200 52573
::1 - - [14/Jan/2019:03:18:55 +0100] "GET /images/koning.jpg HTTP/1.1" 200 13439
::1 - - [14/Jan/2019:03:18:55 +0100] "GET /images/curator-legt-beslag-nederlandse-vorderingen-failliete-rederij.jpg HTTP/1.1" 200 50112
::1 - - [14/Jan/2019:03:18:55 +0100] "GET /images/china-customs-emblem.jpg HTTP/1.1" 200 196639
::1 - - [14/Jan/2019:03:18:55 +0100] "GET /images/scroll.png HTTP/1.1" 200 1100477
::1 - - [14/Jan/2019:03:18:55 +0100] "GET /favicon.ico HTTP/1.1" 200 199526
::1 - - [14/Jan/2019:03:18:59 +0100] "GET /multichain/publish.php?chain=1producent&from=1HPF4Mg8XrXRckVYp8EtbhjTT9Rq4BKpuVae6y&data=Geproduceerd HTTP/1.1" 302 158
::1 - - [14/Jan/2019:03:18:59 +0100] "GET / HTTP/1.1" 200 31079
::1 - - [14/Jan/2019:03:18:59 +0100] "GET / HTTP/1.1" 200 31079
::1 - - [14/Jan/2019:03:19:04 +0100] "GET /multichain/publish.php?chain=2transportChina&from=1VUnnop5pnvazj394zpg4LQbv8JLDVZMVSi6aK&data=Optransport HTTP/1.1" 302 158
::1 - - [14/Jan/2019:03:19:04 +0100] "GET / HTTP/1.1" 200 32011
::1 - - [14/Jan/2019:03:19:04 +0100] "GET / HTTP/1.1" 200 32011
::1 - - [14/Jan/2019:03:19:19 +0100] "GET / HTTP/1.1" 200 32926
::1 - - [14/Jan/2019:03:19:19 +0100] "GET /css/styleCLI.css HTTP/1.1" 200 84612
::1 - - [14/Jan/2019:03:19:19 +0100] "GET /js/jquery-3.1.1.min.js HTTP/1.1" 200 117764
::1 - - [14/Jan/2019:03:19:19 +0100] "GET /js/DemoScript/ProcesVerschil.js HTTP/1.1" 200 11407
::1 - - [14/Jan/2019:03:19:19 +0100] "GET /js/wcwidth.js HTTP/1.1" 200 68743
::1 - - [14/Jan/2019:03:19:19 +0100] "GET /js/jquery.terminal.min.js HTTP/1.1" 200 141557
::1 - - [14/Jan/2019:03:19:19 +0100] "GET /js/index.js HTTP/1.1" 200 134
::1 - - [14/Jan/2019:03:19:19 +0100] "GET /js/WZjbgq.js HTTP/1.1" 200 1438
::1 - - [14/Jan/2019:03:19:19 +0100] "GET /js/jquery.mousewheel-min.js HTTP/1.1" 200 1323
::1 - - [14/Jan/2019:03:19:19 +0100] "GET /js/jquery-ui.min.js HTTP/1.1" 200 319410
::1 - - [14/Jan/2019:03:19:19 +0100] "GET /js/keyboard.js HTTP/1.1" 200 28989
::1 - - [14/Jan/2019:03:19:19 +0100] "GET /images/plaatje-fabriek.jpg HTTP/1.1" 200 52573
::1 - - [14/Jan/2019:03:19:19 +0100] "GET /images/TRUCK01.gif HTTP/1.1" 200 16123
::1 - - [14/Jan/2019:03:19:19 +0100] "GET /images/bld_logo_douane.png HTTP/1.1" 200 3621
::1 - - [14/Jan/2019:03:19:19 +0100] "GET /images/curator-legt-beslag-nederlandse-vorderingen-failliete-rederij.jpg HTTP/1.1" 200 50112
::1 - - [14/Jan/2019:03:19:19 +0100] "GET /images/china-customs-emblem.jpg HTTP/1.1" 200 196639
::1 - - [14/Jan/2019:03:19:19 +0100] "GET /images/koning.jpg HTTP/1.1" 200 13439
::1 - - [14/Jan/2019:03:19:19 +0100] "GET /images/scroll.png HTTP/1.1" 200 1100477
::1 - - [14/Jan/2019:03:19:19 +0100] "GET /favicon.ico HTTP/1.1" 200 199526
::1 - - [14/Jan/2019:03:19:25 +0100] "GET /multichain/publish.php?chain=1producent&from=1HPF4Mg8XrXRckVYp8EtbhjTT9Rq4BKpuVae6y&data=Geproduceerd HTTP/1.1" 302 158
::1 - - [14/Jan/2019:03:19:25 +0100] "GET / HTTP/1.1" 200 32926
::1 - - [14/Jan/2019:03:19:25 +0100] "GET / HTTP/1.1" 200 32926
::1 - - [14/Jan/2019:03:21:12 +0100] "GET / HTTP/1.1" 200 33858
::1 - - [14/Jan/2019:03:21:12 +0100] "GET /css/styleCLI.css HTTP/1.1" 200 84612
::1 - - [14/Jan/2019:03:21:12 +0100] "GET /js/jquery-3.1.1.min.js HTTP/1.1" 200 117764
::1 - - [14/Jan/2019:03:21:12 +0100] "GET /js/index.js HTTP/1.1" 200 134
::1 - - [14/Jan/2019:03:21:12 +0100] "GET /js/wcwidth.js HTTP/1.1" 200 68743
::1 - - [14/Jan/2019:03:21:12 +0100] "GET /js/keyboard.js HTTP/1.1" 200 28989
::1 - - [14/Jan/2019:03:21:12 +0100] "GET /js/DemoScript/ProcesVerschil.js HTTP/1.1" 200 11398
::1 - - [14/Jan/2019:03:21:12 +0100] "GET /js/jquery.terminal.min.js HTTP/1.1" 200 141557
::1 - - [14/Jan/2019:03:21:12 +0100] "GET /js/WZjbgq.js HTTP/1.1" 200 1438
::1 - - [14/Jan/2019:03:21:12 +0100] "GET /js/jquery.mousewheel-min.js HTTP/1.1" 200 1323
::1 - - [14/Jan/2019:03:21:12 +0100] "GET /js/jquery-ui.min.js HTTP/1.1" 200 319410
::1 - - [14/Jan/2019:03:21:12 +0100] "GET /images/TRUCK01.gif HTTP/1.1" 200 16123
::1 - - [14/Jan/2019:03:21:12 +0100] "GET /images/bld_logo_douane.png HTTP/1.1" 200 3621
::1 - - [14/Jan/2019:03:21:12 +0100] "GET /images/china-customs-emblem.jpg HTTP/1.1" 200 196639
::1 - - [14/Jan/2019:03:21:12 +0100] "GET /images/plaatje-fabriek.jpg HTTP/1.1" 200 52573
::1 - - [14/Jan/2019:03:21:12 +0100] "GET /images/curator-legt-beslag-nederlandse-vorderingen-failliete-rederij.jpg HTTP/1.1" 200 50112
::1 - - [14/Jan/2019:03:21:12 +0100] "GET /images/koning.jpg HTTP/1.1" 200 13439
::1 - - [14/Jan/2019:03:21:12 +0100] "GET /images/scroll.png HTTP/1.1" 200 1100477
::1 - - [14/Jan/2019:03:21:12 +0100] "GET /favicon.ico HTTP/1.1" 200 199526
::1 - - [14/Jan/2019:03:21:15 +0100] "GET /multichain/publish.php?chain=1producent&from=1HPF4Mg8XrXRckVYp8EtbhjTT9Rq4BKpuVae6y&data=Geproduceerd HTTP/1.1" 302 158
::1 - - [14/Jan/2019:03:21:15 +0100] "GET / HTTP/1.1" 200 33858
::1 - - [14/Jan/2019:03:21:15 +0100] "GET / HTTP/1.1" 200 33858
::1 - - [14/Jan/2019:03:22:31 +0100] "GET / HTTP/1.1" 200 34880
::1 - - [14/Jan/2019:03:22:31 +0100] "GET /css/styleCLI.css HTTP/1.1" 200 84612
::1 - - [14/Jan/2019:03:22:31 +0100] "GET /js/jquery-3.1.1.min.js HTTP/1.1" 200 117764
::1 - - [14/Jan/2019:03:22:32 +0100] "GET /js/jquery.terminal.min.js HTTP/1.1" 200 141557
::1 - - [14/Jan/2019:03:22:32 +0100] "GET /js/wcwidth.js HTTP/1.1" 200 68743
::1 - - [14/Jan/2019:03:22:32 +0100] "GET /js/jquery.mousewheel-min.js HTTP/1.1" 200 1323
::1 - - [14/Jan/2019:03:22:32 +0100] "GET /js/WZjbgq.js HTTP/1.1" 200 1438
::1 - - [14/Jan/2019:03:22:32 +0100] "GET /js/keyboard.js HTTP/1.1" 200 28989
::1 - - [14/Jan/2019:03:22:32 +0100] "GET /js/index.js HTTP/1.1" 200 134
::1 - - [14/Jan/2019:03:22:32 +0100] "GET /js/DemoScript/ProcesVerschil.js HTTP/1.1" 200 11398
::1 - - [14/Jan/2019:03:22:32 +0100] "GET /js/jquery-ui.min.js HTTP/1.1" 200 319410
::1 - - [14/Jan/2019:03:22:32 +0100] "GET /images/TRUCK01.gif HTTP/1.1" 200 16123
::1 - - [14/Jan/2019:03:22:32 +0100] "GET /images/bld_logo_douane.png HTTP/1.1" 200 3621
::1 - - [14/Jan/2019:03:22:32 +0100] "GET /images/plaatje-fabriek.jpg HTTP/1.1" 200 52573
::1 - - [14/Jan/2019:03:22:32 +0100] "GET /images/china-customs-emblem.jpg HTTP/1.1" 200 196639
::1 - - [14/Jan/2019:03:22:32 +0100] "GET /images/curator-legt-beslag-nederlandse-vorderingen-failliete-rederij.jpg HTTP/1.1" 200 50112
::1 - - [14/Jan/2019:03:22:32 +0100] "GET /images/koning.jpg HTTP/1.1" 200 13439
::1 - - [14/Jan/2019:03:22:32 +0100] "GET /images/scroll.png HTTP/1.1" 200 1100477
::1 - - [14/Jan/2019:03:22:32 +0100] "GET /favicon.ico HTTP/1.1" 200 199526
::1 - - [14/Jan/2019:03:22:34 +0100] "GET /multichain/publish.php?chain=1producent&from=1HPF4Mg8XrXRckVYp8EtbhjTT9Rq4BKpuVae6y&data=Geproduceerd HTTP/1.1" 302 158
::1 - - [14/Jan/2019:03:22:34 +0100] "GET / HTTP/1.1" 200 34880
::1 - - [14/Jan/2019:03:22:34 +0100] "GET / HTTP/1.1" 200 34880
::1 - - [14/Jan/2019:03:24:21 +0100] "GET / HTTP/1.1" 200 35826
::1 - - [14/Jan/2019:03:24:22 +0100] "GET /css/styleCLI.css HTTP/1.1" 200 84612
::1 - - [14/Jan/2019:03:24:22 +0100] "GET /js/wcwidth.js HTTP/1.1" 200 68743
::1 - - [14/Jan/2019:03:24:22 +0100] "GET /js/jquery-3.1.1.min.js HTTP/1.1" 200 117764
::1 - - [14/Jan/2019:03:24:22 +0100] "GET /js/jquery.terminal.min.js HTTP/1.1" 200 141557
::1 - - [14/Jan/2019:03:24:22 +0100] "GET /js/jquery.mousewheel-min.js HTTP/1.1" 200 1323
::1 - - [14/Jan/2019:03:24:22 +0100] "GET /js/keyboard.js HTTP/1.1" 200 28989
::1 - - [14/Jan/2019:03:24:22 +0100] "GET /js/WZjbgq.js HTTP/1.1" 200 1438
::1 - - [14/Jan/2019:03:24:22 +0100] "GET /js/index.js HTTP/1.1" 200 134
::1 - - [14/Jan/2019:03:24:22 +0100] "GET /js/jquery-ui.min.js HTTP/1.1" 200 319410
::1 - - [14/Jan/2019:03:24:22 +0100] "GET /js/DemoScript/ProcesVerschil.js HTTP/1.1" 200 11398
::1 - - [14/Jan/2019:03:24:22 +0100] "GET /images/TRUCK01.gif HTTP/1.1" 200 16123
::1 - - [14/Jan/2019:03:24:22 +0100] "GET /images/bld_logo_douane.png HTTP/1.1" 200 3621
::1 - - [14/Jan/2019:03:24:22 +0100] "GET /images/koning.jpg HTTP/1.1" 200 13439
::1 - - [14/Jan/2019:03:24:22 +0100] "GET /images/curator-legt-beslag-nederlandse-vorderingen-failliete-rederij.jpg HTTP/1.1" 200 50112
::1 - - [14/Jan/2019:03:24:22 +0100] "GET /images/china-customs-emblem.jpg HTTP/1.1" 200 196639
::1 - - [14/Jan/2019:03:24:22 +0100] "GET /images/plaatje-fabriek.jpg HTTP/1.1" 200 52573
::1 - - [14/Jan/2019:03:24:22 +0100] "GET /images/scroll.png HTTP/1.1" 200 1100477
::1 - - [14/Jan/2019:03:24:22 +0100] "GET /favicon.ico HTTP/1.1" 200 199526
::1 - - [14/Jan/2019:03:24:27 +0100] "GET /multichain/publish.php?chain=1producent&from=1HPF4Mg8XrXRckVYp8EtbhjTT9Rq4BKpuVae6y&data=Geproduceerd HTTP/1.1" 302 158
::1 - - [14/Jan/2019:03:24:27 +0100] "GET / HTTP/1.1" 200 35826
::1 - - [14/Jan/2019:03:24:27 +0100] "GET / HTTP/1.1" 200 35826
::1 - - [14/Jan/2019:03:24:52 +0100] "GET /multichain/publish.php?chain=2transportChina&from=1VUnnop5pnvazj394zpg4LQbv8JLDVZMVSi6aK&data=Optransport HTTP/1.1" 302 158
::1 - - [14/Jan/2019:03:24:52 +0100] "GET / HTTP/1.1" 200 36758
::1 - - [14/Jan/2019:03:24:52 +0100] "GET / HTTP/1.1" 200 36758
::1 - - [14/Jan/2019:03:25:11 +0100] "GET / HTTP/1.1" 200 37694
::1 - - [14/Jan/2019:03:25:11 +0100] "GET /css/styleCLI.css HTTP/1.1" 200 84612
::1 - - [14/Jan/2019:03:25:11 +0100] "GET /js/index.js HTTP/1.1" 200 134
::1 - - [14/Jan/2019:03:25:11 +0100] "GET /js/wcwidth.js HTTP/1.1" 200 68743
::1 - - [14/Jan/2019:03:25:11 +0100] "GET /js/jquery-3.1.1.min.js HTTP/1.1" 200 117764
::1 - - [14/Jan/2019:03:25:11 +0100] "GET /js/jquery-ui.min.js HTTP/1.1" 200 319410
::1 - - [14/Jan/2019:03:25:11 +0100] "GET /js/DemoScript/ProcesVerschil.js HTTP/1.1" 200 11403
::1 - - [14/Jan/2019:03:25:11 +0100] "GET /js/keyboard.js HTTP/1.1" 200 28989
::1 - - [14/Jan/2019:03:25:11 +0100] "GET /js/jquery.terminal.min.js HTTP/1.1" 200 141557
::1 - - [14/Jan/2019:03:25:11 +0100] "GET /js/WZjbgq.js HTTP/1.1" 200 1438
::1 - - [14/Jan/2019:03:25:11 +0100] "GET /js/jquery.mousewheel-min.js HTTP/1.1" 200 1323
::1 - - [14/Jan/2019:03:25:11 +0100] "GET /images/bld_logo_douane.png HTTP/1.1" 200 3621
::1 - - [14/Jan/2019:03:25:11 +0100] "GET /images/plaatje-fabriek.jpg HTTP/1.1" 200 52573
::1 - - [14/Jan/2019:03:25:11 +0100] "GET /images/curator-legt-beslag-nederlandse-vorderingen-failliete-rederij.jpg HTTP/1.1" 200 50112
::1 - - [14/Jan/2019:03:25:11 +0100] "GET /images/china-customs-emblem.jpg HTTP/1.1" 200 196639
::1 - - [14/Jan/2019:03:25:11 +0100] "GET /images/TRUCK01.gif HTTP/1.1" 200 16123
::1 - - [14/Jan/2019:03:25:11 +0100] "GET /images/koning.jpg HTTP/1.1" 200 13439
::1 - - [14/Jan/2019:03:25:11 +0100] "GET /images/scroll.png HTTP/1.1" 200 1100477
::1 - - [14/Jan/2019:03:25:12 +0100] "GET /favicon.ico HTTP/1.1" 200 199526
::1 - - [14/Jan/2019:03:25:13 +0100] "GET /multichain/publish.php?chain=1producent&from=1HPF4Mg8XrXRckVYp8EtbhjTT9Rq4BKpuVae6y&data=Geproduceerd HTTP/1.1" 302 158
::1 - - [14/Jan/2019:03:25:13 +0100] "GET / HTTP/1.1" 200 37694
::1 - - [14/Jan/2019:03:25:13 +0100] "GET / HTTP/1.1" 200 37694
::1 - - [14/Jan/2019:03:25:20 +0100] "GET / HTTP/1.1" 200 38617
::1 - - [14/Jan/2019:03:25:20 +0100] "GET /css/styleCLI.css HTTP/1.1" 200 84612
::1 - - [14/Jan/2019:03:25:20 +0100] "GET /js/jquery-3.1.1.min.js HTTP/1.1" 200 117764
::1 - - [14/Jan/2019:03:25:20 +0100] "GET /js/jquery.terminal.min.js HTTP/1.1" 200 141557
::1 - - [14/Jan/2019:03:25:20 +0100] "GET /js/wcwidth.js HTTP/1.1" 200 68743
::1 - - [14/Jan/2019:03:25:20 +0100] "GET /js/keyboard.js HTTP/1.1" 200 28989
::1 - - [14/Jan/2019:03:25:20 +0100] "GET /js/WZjbgq.js HTTP/1.1" 200 1438
::1 - - [14/Jan/2019:03:25:20 +0100] "GET /js/index.js HTTP/1.1" 200 134
::1 - - [14/Jan/2019:03:25:20 +0100] "GET /js/DemoScript/ProcesVerschil.js HTTP/1.1" 200 11401
::1 - - [14/Jan/2019:03:25:20 +0100] "GET /js/jquery.mousewheel-min.js HTTP/1.1" 200 1323
::1 - - [14/Jan/2019:03:25:20 +0100] "GET /js/jquery-ui.min.js HTTP/1.1" 200 319410
::1 - - [14/Jan/2019:03:25:20 +0100] "GET /images/bld_logo_douane.png HTTP/1.1" 200 3621
::1 - - [14/Jan/2019:03:25:20 +0100] "GET /images/plaatje-fabriek.jpg HTTP/1.1" 200 52573
::1 - - [14/Jan/2019:03:25:20 +0100] "GET /images/curator-legt-beslag-nederlandse-vorderingen-failliete-rederij.jpg HTTP/1.1" 200 50112
::1 - - [14/Jan/2019:03:25:20 +0100] "GET /images/TRUCK01.gif HTTP/1.1" 200 16123
::1 - - [14/Jan/2019:03:25:20 +0100] "GET /images/china-customs-emblem.jpg HTTP/1.1" 200 196639
::1 - - [14/Jan/2019:03:25:20 +0100] "GET /images/koning.jpg HTTP/1.1" 200 13439
::1 - - [14/Jan/2019:03:25:20 +0100] "GET /images/scroll.png HTTP/1.1" 200 1100477
::1 - - [14/Jan/2019:03:25:21 +0100] "GET /favicon.ico HTTP/1.1" 200 199526
::1 - - [14/Jan/2019:03:25:22 +0100] "GET /multichain/publish.php?chain=1producent&from=1HPF4Mg8XrXRckVYp8EtbhjTT9Rq4BKpuVae6y&data=Geproduceerd HTTP/1.1" 302 158
::1 - - [14/Jan/2019:03:25:22 +0100] "GET / HTTP/1.1" 200 38626
::1 - - [14/Jan/2019:03:25:22 +0100] "GET / HTTP/1.1" 200 38626
::1 - - [14/Jan/2019:03:25:25 +0100] "GET /multichain/publish.php?chain=2transportChina&from=1VUnnop5pnvazj394zpg4LQbv8JLDVZMVSi6aK&data=Optransport HTTP/1.1" 302 158
::1 - - [14/Jan/2019:03:25:25 +0100] "GET / HTTP/1.1" 200 39549
::1 - - [14/Jan/2019:03:25:25 +0100] "GET / HTTP/1.1" 200 39549
::1 - - [14/Jan/2019:03:26:41 +0100] "GET / HTTP/1.1" 200 40405
::1 - - [14/Jan/2019:03:26:41 +0100] "GET /css/styleCLI.css HTTP/1.1" 200 84612
::1 - - [14/Jan/2019:03:26:41 +0100] "GET /js/wcwidth.js HTTP/1.1" 200 68743
::1 - - [14/Jan/2019:03:26:41 +0100] "GET /js/jquery-3.1.1.min.js HTTP/1.1" 200 117764
::1 - - [14/Jan/2019:03:26:41 +0100] "GET /js/jquery.terminal.min.js HTTP/1.1" 200 141557
::1 - - [14/Jan/2019:03:26:41 +0100] "GET /js/jquery.mousewheel-min.js HTTP/1.1" 200 1323
::1 - - [14/Jan/2019:03:26:41 +0100] "GET /js/keyboard.js HTTP/1.1" 200 28989
::1 - - [14/Jan/2019:03:26:41 +0100] "GET /js/jquery-ui.min.js HTTP/1.1" 200 319410
::1 - - [14/Jan/2019:03:26:41 +0100] "GET /js/WZjbgq.js HTTP/1.1" 200 1438
::1 - - [14/Jan/2019:03:26:41 +0100] "GET /js/index.js HTTP/1.1" 200 134
::1 - - [14/Jan/2019:03:26:41 +0100] "GET /js/DemoScript/ProcesVerschil.js HTTP/1.1" 200 11398
::1 - - [14/Jan/2019:03:26:41 +0100] "GET /images/curator-legt-beslag-nederlandse-vorderingen-failliete-rederij.jpg HTTP/1.1" 200 50112
::1 - - [14/Jan/2019:03:26:41 +0100] "GET /images/plaatje-fabriek.jpg HTTP/1.1" 200 52573
::1 - - [14/Jan/2019:03:26:41 +0100] "GET /images/china-customs-emblem.jpg HTTP/1.1" 200 196639
::1 - - [14/Jan/2019:03:26:41 +0100] "GET /images/TRUCK01.gif HTTP/1.1" 200 16123
::1 - - [14/Jan/2019:03:26:41 +0100] "GET /images/bld_logo_douane.png HTTP/1.1" 200 3621
::1 - - [14/Jan/2019:03:26:41 +0100] "GET /images/koning.jpg HTTP/1.1" 200 13439
::1 - - [14/Jan/2019:03:26:41 +0100] "GET /images/scroll.png HTTP/1.1" 200 1100477
::1 - - [14/Jan/2019:03:26:41 +0100] "GET /favicon.ico HTTP/1.1" 200 199526
::1 - - [14/Jan/2019:03:26:44 +0100] "GET /multichain/publish.php?chain=1producent&from=1HPF4Mg8XrXRckVYp8EtbhjTT9Rq4BKpuVae6y&data=Geproduceerd HTTP/1.1" 302 158
::1 - - [14/Jan/2019:03:26:44 +0100] "GET / HTTP/1.1" 200 40405
::1 - - [14/Jan/2019:03:26:44 +0100] "GET / HTTP/1.1" 200 40405
::1 - - [14/Jan/2019:03:28:30 +0100] "GET / HTTP/1.1" 200 41337
::1 - - [14/Jan/2019:03:28:30 +0100] "GET /css/styleCLI.css HTTP/1.1" 200 84612
::1 - - [14/Jan/2019:03:28:30 +0100] "GET /js/jquery.terminal.min.js HTTP/1.1" 200 141557
::1 - - [14/Jan/2019:03:28:30 +0100] "GET /js/jquery-3.1.1.min.js HTTP/1.1" 200 117764
::1 - - [14/Jan/2019:03:28:30 +0100] "GET /js/wcwidth.js HTTP/1.1" 200 68743
::1 - - [14/Jan/2019:03:28:30 +0100] "GET /js/jquery-ui.min.js HTTP/1.1" 200 319410
::1 - - [14/Jan/2019:03:28:30 +0100] "GET /js/jquery.mousewheel-min.js HTTP/1.1" 200 1323
::1 - - [14/Jan/2019:03:28:30 +0100] "GET /js/keyboard.js HTTP/1.1" 200 28989
::1 - - [14/Jan/2019:03:28:30 +0100] "GET /js/WZjbgq.js HTTP/1.1" 200 1438
::1 - - [14/Jan/2019:03:28:30 +0100] "GET /js/index.js HTTP/1.1" 200 134
::1 - - [14/Jan/2019:03:28:30 +0100] "GET /js/DemoScript/ProcesVerschil.js HTTP/1.1" 200 11403
::1 - - [14/Jan/2019:03:28:30 +0100] "GET /images/TRUCK01.gif HTTP/1.1" 200 16123
::1 - - [14/Jan/2019:03:28:30 +0100] "GET /images/curator-legt-beslag-nederlandse-vorderingen-failliete-rederij.jpg HTTP/1.1" 200 50112
::1 - - [14/Jan/2019:03:28:30 +0100] "GET /images/bld_logo_douane.png HTTP/1.1" 200 3621
::1 - - [14/Jan/2019:03:28:30 +0100] "GET /images/china-customs-emblem.jpg HTTP/1.1" 200 196639
::1 - - [14/Jan/2019:03:28:30 +0100] "GET /images/koning.jpg HTTP/1.1" 200 13439
::1 - - [14/Jan/2019:03:28:30 +0100] "GET /images/plaatje-fabriek.jpg HTTP/1.1" 200 52573
::1 - - [14/Jan/2019:03:28:30 +0100] "GET /images/scroll.png HTTP/1.1" 200 1100477
::1 - - [14/Jan/2019:03:28:30 +0100] "GET /favicon.ico HTTP/1.1" 200 199526
::1 - - [14/Jan/2019:03:28:33 +0100] "GET /multichain/publish.php?chain=1producent&from=1HPF4Mg8XrXRckVYp8EtbhjTT9Rq4BKpuVae6y&data=Geproduceerd HTTP/1.1" 302 158
::1 - - [14/Jan/2019:03:28:33 +0100] "GET / HTTP/1.1" 200 41337
::1 - - [14/Jan/2019:03:28:33 +0100] "GET / HTTP/1.1" 200 41337
::1 - - [14/Jan/2019:03:28:35 +0100] "GET /multichain/publish.php?chain=2transportChina&from=1VUnnop5pnvazj394zpg4LQbv8JLDVZMVSi6aK&data=Optransport HTTP/1.1" 302 158
::1 - - [14/Jan/2019:03:28:35 +0100] "GET / HTTP/1.1" 200 42260
::1 - - [14/Jan/2019:03:28:35 +0100] "GET / HTTP/1.1" 200 42260
::1 - - [14/Jan/2019:03:31:25 +0100] "GET / HTTP/1.1" 200 43206
::1 - - [14/Jan/2019:03:31:26 +0100] "GET /css/styleCLI.css HTTP/1.1" 200 84612
::1 - - [14/Jan/2019:03:31:26 +0100] "GET /js/keyboard.js HTTP/1.1" 200 28989
::1 - - [14/Jan/2019:03:31:26 +0100] "GET /js/jquery.terminal.min.js HTTP/1.1" 200 141557
::1 - - [14/Jan/2019:03:31:26 +0100] "GET /js/jquery.mousewheel-min.js HTTP/1.1" 200 1323
::1 - - [14/Jan/2019:03:31:26 +0100] "GET /js/jquery-ui.min.js HTTP/1.1" 200 319410
::1 - - [14/Jan/2019:03:31:26 +0100] "GET /js/index.js HTTP/1.1" 200 134
::1 - - [14/Jan/2019:03:31:26 +0100] "GET /js/WZjbgq.js HTTP/1.1" 200 1438
::1 - - [14/Jan/2019:03:31:26 +0100] "GET /js/wcwidth.js HTTP/1.1" 200 68743
::1 - - [14/Jan/2019:03:31:26 +0100] "GET /js/DemoScript/ProcesVerschil.js HTTP/1.1" 200 11398
::1 - - [14/Jan/2019:03:31:26 +0100] "GET /js/jquery-3.1.1.min.js HTTP/1.1" 200 117764
::1 - - [14/Jan/2019:03:31:26 +0100] "GET /images/bld_logo_douane.png HTTP/1.1" 200 3621
::1 - - [14/Jan/2019:03:31:26 +0100] "GET /images/TRUCK01.gif HTTP/1.1" 200 16123
::1 - - [14/Jan/2019:03:31:26 +0100] "GET /images/plaatje-fabriek.jpg HTTP/1.1" 200 52573
::1 - - [14/Jan/2019:03:31:26 +0100] "GET /images/koning.jpg HTTP/1.1" 200 13439
::1 - - [14/Jan/2019:03:31:26 +0100] "GET /images/china-customs-emblem.jpg HTTP/1.1" 200 196639
::1 - - [14/Jan/2019:03:31:26 +0100] "GET /images/curator-legt-beslag-nederlandse-vorderingen-failliete-rederij.jpg HTTP/1.1" 200 50112
::1 - - [14/Jan/2019:03:31:26 +0100] "GET /images/scroll.png HTTP/1.1" 200 1100477
::1 - - [14/Jan/2019:03:31:26 +0100] "GET /favicon.ico HTTP/1.1" 200 199526
::1 - - [14/Jan/2019:03:31:28 +0100] "GET /multichain/publish.php?chain=1producent&from=1HPF4Mg8XrXRckVYp8EtbhjTT9Rq4BKpuVae6y&data=Geproduceerd HTTP/1.1" 302 158
::1 - - [14/Jan/2019:03:31:28 +0100] "GET / HTTP/1.1" 200 43206
::1 - - [14/Jan/2019:03:31:28 +0100] "GET / HTTP/1.1" 200 43206
::1 - - [14/Jan/2019:03:32:47 +0100] "GET / HTTP/1.1" 200 44134
::1 - - [14/Jan/2019:03:32:48 +0100] "GET /css/styleCLI.css HTTP/1.1" 200 84612
::1 - - [14/Jan/2019:03:32:48 +0100] "GET /js/keyboard.js HTTP/1.1" 200 28989
::1 - - [14/Jan/2019:03:32:48 +0100] "GET /js/jquery-3.1.1.min.js HTTP/1.1" 200 117764
::1 - - [14/Jan/2019:03:32:48 +0100] "GET /js/wcwidth.js HTTP/1.1" 200 68743
::1 - - [14/Jan/2019:03:32:48 +0100] "GET /js/jquery.mousewheel-min.js HTTP/1.1" 200 1323
::1 - - [14/Jan/2019:03:32:48 +0100] "GET /js/jquery.terminal.min.js HTTP/1.1" 200 141557
::1 - - [14/Jan/2019:03:32:48 +0100] "GET /js/WZjbgq.js HTTP/1.1" 200 1438
::1 - - [14/Jan/2019:03:32:48 +0100] "GET /js/index.js HTTP/1.1" 200 134
::1 - - [14/Jan/2019:03:32:48 +0100] "GET /js/jquery-ui.min.js HTTP/1.1" 200 319410
::1 - - [14/Jan/2019:03:32:48 +0100] "GET /js/DemoScript/ProcesVerschil.js HTTP/1.1" 200 11398
::1 - - [14/Jan/2019:03:32:48 +0100] "GET /images/curator-legt-beslag-nederlandse-vorderingen-failliete-rederij.jpg HTTP/1.1" 200 50112
::1 - - [14/Jan/2019:03:32:48 +0100] "GET /images/TRUCK01.gif HTTP/1.1" 200 16123
::1 - - [14/Jan/2019:03:32:48 +0100] "GET /images/bld_logo_douane.png HTTP/1.1" 200 3621
::1 - - [14/Jan/2019:03:32:48 +0100] "GET /images/china-customs-emblem.jpg HTTP/1.1" 200 196639
::1 - - [14/Jan/2019:03:32:48 +0100] "GET /images/plaatje-fabriek.jpg HTTP/1.1" 200 52573
::1 - - [14/Jan/2019:03:32:48 +0100] "GET /images/koning.jpg HTTP/1.1" 200 13439
::1 - - [14/Jan/2019:03:32:48 +0100] "GET /images/scroll.png HTTP/1.1" 200 1100477
::1 - - [14/Jan/2019:03:32:48 +0100] "GET /favicon.ico HTTP/1.1" 200 199526
::1 - - [14/Jan/2019:03:32:50 +0100] "GET /multichain/publish.php?chain=1producent&from=1HPF4Mg8XrXRckVYp8EtbhjTT9Rq4BKpuVae6y&data=Geproduceerd HTTP/1.1" 302 158
::1 - - [14/Jan/2019:03:32:50 +0100] "GET / HTTP/1.1" 200 44134
::1 - - [14/Jan/2019:03:32:50 +0100] "GET / HTTP/1.1" 200 44134
::1 - - [14/Jan/2019:03:33:33 +0100] "GET / HTTP/1.1" 200 45080
::1 - - [14/Jan/2019:03:33:33 +0100] "GET /css/styleCLI.css HTTP/1.1" 200 84612
::1 - - [14/Jan/2019:03:33:33 +0100] "GET /js/jquery.mousewheel-min.js HTTP/1.1" 200 1323
::1 - - [14/Jan/2019:03:33:33 +0100] "GET /js/jquery-3.1.1.min.js HTTP/1.1" 200 117764
::1 - - [14/Jan/2019:03:33:33 +0100] "GET /js/DemoScript/ProcesVerschil.js HTTP/1.1" 200 11398
::1 - - [14/Jan/2019:03:33:33 +0100] "GET /js/wcwidth.js HTTP/1.1" 200 68743
::1 - - [14/Jan/2019:03:33:33 +0100] "GET /js/jquery.terminal.min.js HTTP/1.1" 200 141557
::1 - - [14/Jan/2019:03:33:33 +0100] "GET /js/keyboard.js HTTP/1.1" 200 28989
::1 - - [14/Jan/2019:03:33:33 +0100] "GET /js/WZjbgq.js HTTP/1.1" 200 1438
::1 - - [14/Jan/2019:03:33:33 +0100] "GET /js/index.js HTTP/1.1" 200 134
::1 - - [14/Jan/2019:03:33:33 +0100] "GET /js/jquery-ui.min.js HTTP/1.1" 200 319410
::1 - - [14/Jan/2019:03:33:33 +0100] "GET /images/bld_logo_douane.png HTTP/1.1" 200 3621
::1 - - [14/Jan/2019:03:33:33 +0100] "GET /images/TRUCK01.gif HTTP/1.1" 200 16123
::1 - - [14/Jan/2019:03:33:33 +0100] "GET /images/plaatje-fabriek.jpg HTTP/1.1" 200 52573
::1 - - [14/Jan/2019:03:33:33 +0100] "GET /images/koning.jpg HTTP/1.1" 200 13439
::1 - - [14/Jan/2019:03:33:33 +0100] "GET /images/curator-legt-beslag-nederlandse-vorderingen-failliete-rederij.jpg HTTP/1.1" 200 50112
::1 - - [14/Jan/2019:03:33:33 +0100] "GET /images/china-customs-emblem.jpg HTTP/1.1" 200 196639
::1 - - [14/Jan/2019:03:33:33 +0100] "GET /images/scroll.png HTTP/1.1" 200 1100477
::1 - - [14/Jan/2019:03:33:33 +0100] "GET /favicon.ico HTTP/1.1" 200 199526
::1 - - [14/Jan/2019:03:33:35 +0100] "GET /multichain/publish.php?chain=1producent&from=1HPF4Mg8XrXRckVYp8EtbhjTT9Rq4BKpuVae6y&data=Geproduceerd HTTP/1.1" 302 158
::1 - - [14/Jan/2019:03:33:35 +0100] "GET / HTTP/1.1" 200 45080
::1 - - [14/Jan/2019:03:33:35 +0100] "GET / HTTP/1.1" 200 45080
::1 - - [14/Jan/2019:03:34:01 +0100] "GET / HTTP/1.1" 200 46012
::1 - - [14/Jan/2019:03:34:01 +0100] "GET /css/styleCLI.css HTTP/1.1" 200 84612
::1 - - [14/Jan/2019:03:34:01 +0100] "GET /js/jquery-3.1.1.min.js HTTP/1.1" 200 117764
::1 - - [14/Jan/2019:03:34:01 +0100] "GET /js/wcwidth.js HTTP/1.1" 200 68743
::1 - - [14/Jan/2019:03:34:01 +0100] "GET /js/index.js HTTP/1.1" 200 134
::1 - - [14/Jan/2019:03:34:01 +0100] "GET /js/WZjbgq.js HTTP/1.1" 200 1438
::1 - - [14/Jan/2019:03:34:01 +0100] "GET /js/jquery-ui.min.js HTTP/1.1" 200 319410
::1 - - [14/Jan/2019:03:34:01 +0100] "GET /js/DemoScript/ProcesVerschil.js HTTP/1.1" 200 11398
::1 - - [14/Jan/2019:03:34:01 +0100] "GET /js/jquery.terminal.min.js HTTP/1.1" 200 141557
::1 - - [14/Jan/2019:03:34:01 +0100] "GET /js/jquery.mousewheel-min.js HTTP/1.1" 200 1323
::1 - - [14/Jan/2019:03:34:01 +0100] "GET /js/keyboard.js HTTP/1.1" 200 28989
::1 - - [14/Jan/2019:03:34:02 +0100] "GET /images/TRUCK01.gif HTTP/1.1" 200 16123
::1 - - [14/Jan/2019:03:34:02 +0100] "GET /images/plaatje-fabriek.jpg HTTP/1.1" 200 52573
::1 - - [14/Jan/2019:03:34:02 +0100] "GET /images/curator-legt-beslag-nederlandse-vorderingen-failliete-rederij.jpg HTTP/1.1" 200 50112
::1 - - [14/Jan/2019:03:34:02 +0100] "GET /images/bld_logo_douane.png HTTP/1.1" 200 3621
::1 - - [14/Jan/2019:03:34:02 +0100] "GET /images/koning.jpg HTTP/1.1" 200 13439
::1 - - [14/Jan/2019:03:34:02 +0100] "GET /images/china-customs-emblem.jpg HTTP/1.1" 200 196639
::1 - - [14/Jan/2019:03:34:02 +0100] "GET /images/scroll.png HTTP/1.1" 200 1100477
::1 - - [14/Jan/2019:03:34:02 +0100] "GET /favicon.ico HTTP/1.1" 200 199526
::1 - - [14/Jan/2019:03:34:06 +0100] "GET /multichain/publish.php?chain=1producent&from=1HPF4Mg8XrXRckVYp8EtbhjTT9Rq4BKpuVae6y&data=Geproduceerd HTTP/1.1" 302 158
::1 - - [14/Jan/2019:03:34:06 +0100] "GET / HTTP/1.1" 200 46012
::1 - - [14/Jan/2019:03:34:06 +0100] "GET / HTTP/1.1" 200 46012
::1 - - [14/Jan/2019:03:34:32 +0100] "GET / HTTP/1.1" 200 46954
::1 - - [14/Jan/2019:03:34:32 +0100] "GET /css/styleCLI.css HTTP/1.1" 200 84612
::1 - - [14/Jan/2019:03:34:32 +0100] "GET /js/jquery-3.1.1.min.js HTTP/1.1" 200 117764
::1 - - [14/Jan/2019:03:34:32 +0100] "GET /js/jquery-ui.min.js HTTP/1.1" 200 319410
::1 - - [14/Jan/2019:03:34:32 +0100] "GET /js/wcwidth.js HTTP/1.1" 200 68743
::1 - - [14/Jan/2019:03:34:32 +0100] "GET /js/jquery.terminal.min.js HTTP/1.1" 200 141557
::1 - - [14/Jan/2019:03:34:32 +0100] "GET /js/keyboard.js HTTP/1.1" 200 28989
::1 - - [14/Jan/2019:03:34:32 +0100] "GET /js/index.js HTTP/1.1" 200 134
::1 - - [14/Jan/2019:03:34:32 +0100] "GET /js/WZjbgq.js HTTP/1.1" 200 1438
::1 - - [14/Jan/2019:03:34:32 +0100] "GET /js/DemoScript/ProcesVerschil.js HTTP/1.1" 200 11398
::1 - - [14/Jan/2019:03:34:32 +0100] "GET /js/jquery.mousewheel-min.js HTTP/1.1" 200 1323
::1 - - [14/Jan/2019:03:34:32 +0100] "GET /images/TRUCK01.gif HTTP/1.1" 200 16123
::1 - - [14/Jan/2019:03:34:32 +0100] "GET /images/koning.jpg HTTP/1.1" 200 13439
::1 - - [14/Jan/2019:03:34:32 +0100] "GET /images/curator-legt-beslag-nederlandse-vorderingen-failliete-rederij.jpg HTTP/1.1" 200 50112
::1 - - [14/Jan/2019:03:34:32 +0100] "GET /images/plaatje-fabriek.jpg HTTP/1.1" 200 52573
::1 - - [14/Jan/2019:03:34:32 +0100] "GET /images/china-customs-emblem.jpg HTTP/1.1" 200 196639
::1 - - [14/Jan/2019:03:34:32 +0100] "GET /images/bld_logo_douane.png HTTP/1.1" 200 3621
::1 - - [14/Jan/2019:03:34:32 +0100] "GET /images/scroll.png HTTP/1.1" 200 1100477
::1 - - [14/Jan/2019:03:34:33 +0100] "GET /favicon.ico HTTP/1.1" 200 199526
::1 - - [14/Jan/2019:03:34:34 +0100] "GET /multichain/publish.php?chain=1producent&from=1HPF4Mg8XrXRckVYp8EtbhjTT9Rq4BKpuVae6y&data=Geproduceerd HTTP/1.1" 302 158
::1 - - [14/Jan/2019:03:34:34 +0100] "GET / HTTP/1.1" 200 46954
::1 - - [14/Jan/2019:03:34:34 +0100] "GET / HTTP/1.1" 200 46954
::1 - - [14/Jan/2019:03:35:08 +0100] "GET /multichain/publish.php?chain=2transportChina&from=1VUnnop5pnvazj394zpg4LQbv8JLDVZMVSi6aK&data=Optransport HTTP/1.1" 302 158
::1 - - [14/Jan/2019:03:35:08 +0100] "GET / HTTP/1.1" 200 47886
::1 - - [14/Jan/2019:03:35:08 +0100] "GET / HTTP/1.1" 200 47886
::1 - - [14/Jan/2019:03:35:09 +0100] "GET /multichain/publish.php?chain=2transportChina&from=1VUnnop5pnvazj394zpg4LQbv8JLDVZMVSi6aK&data=Optransport HTTP/1.1" 302 158
::1 - - [14/Jan/2019:03:35:09 +0100] "GET / HTTP/1.1" 200 47886
::1 - - [14/Jan/2019:03:35:09 +0100] "GET / HTTP/1.1" 200 47886
::1 - - [14/Jan/2019:03:35:11 +0100] "GET /multichain/publish.php?chain=2transportChina&from=1VUnnop5pnvazj394zpg4LQbv8JLDVZMVSi6aK&data=Optransport HTTP/1.1" 302 158
::1 - - [14/Jan/2019:03:35:11 +0100] "GET / HTTP/1.1" 200 49740
::1 - - [14/Jan/2019:03:35:11 +0100] "GET / HTTP/1.1" 200 49740
::1 - - [14/Jan/2019:03:35:12 +0100] "GET /multichain/publish.php?chain=2transportChina&from=1VUnnop5pnvazj394zpg4LQbv8JLDVZMVSi6aK&data=Optransport HTTP/1.1" 302 158
::1 - - [14/Jan/2019:03:35:12 +0100] "GET / HTTP/1.1" 200 50694
::1 - - [14/Jan/2019:03:35:12 +0100] "GET / HTTP/1.1" 200 50694
::1 - - [14/Jan/2019:03:35:15 +0100] "GET /multichain/publish.php?chain=2transportChina&from=1VUnnop5pnvazj394zpg4LQbv8JLDVZMVSi6aK&data=Optransport HTTP/1.1" 302 158
::1 - - [14/Jan/2019:03:35:15 +0100] "GET / HTTP/1.1" 200 51621
::1 - - [14/Jan/2019:03:35:15 +0100] "GET / HTTP/1.1" 200 51621
::1 - - [14/Jan/2019:03:35:18 +0100] "GET /multichain/publish.php?chain=2transportChina&from=1VUnnop5pnvazj394zpg4LQbv8JLDVZMVSi6aK&data=Optransport HTTP/1.1" 302 158
::1 - - [14/Jan/2019:03:35:18 +0100] "GET / HTTP/1.1" 200 52548
::1 - - [14/Jan/2019:03:35:18 +0100] "GET / HTTP/1.1" 200 52548
::1 - - [14/Jan/2019:03:35:20 +0100] "GET /multichain/publish.php?chain=2transportChina&from=1VUnnop5pnvazj394zpg4LQbv8JLDVZMVSi6aK&data=Optransport HTTP/1.1" 302 158
::1 - - [14/Jan/2019:03:35:20 +0100] "GET / HTTP/1.1" 200 53475
::1 - - [14/Jan/2019:03:35:20 +0100] "GET / HTTP/1.1" 200 53475
::1 - - [14/Jan/2019:03:35:42 +0100] "GET / HTTP/1.1" 200 54405
::1 - - [14/Jan/2019:03:35:42 +0100] "GET /css/styleCLI.css HTTP/1.1" 200 84612
::1 - - [14/Jan/2019:03:35:42 +0100] "GET /js/jquery-3.1.1.min.js HTTP/1.1" 200 117764
::1 - - [14/Jan/2019:03:35:42 +0100] "GET /js/WZjbgq.js HTTP/1.1" 200 1438
::1 - - [14/Jan/2019:03:35:42 +0100] "GET /js/jquery.mousewheel-min.js HTTP/1.1" 200 1323
::1 - - [14/Jan/2019:03:35:42 +0100] "GET /js/wcwidth.js HTTP/1.1" 200 68743
::1 - - [14/Jan/2019:03:35:42 +0100] "GET /js/jquery.terminal.min.js HTTP/1.1" 200 141557
::1 - - [14/Jan/2019:03:35:42 +0100] "GET /js/DemoScript/ProcesVerschil.js HTTP/1.1" 200 11407
::1 - - [14/Jan/2019:03:35:42 +0100] "GET /js/jquery-ui.min.js HTTP/1.1" 200 319410
::1 - - [14/Jan/2019:03:35:42 +0100] "GET /js/keyboard.js HTTP/1.1" 200 28989
::1 - - [14/Jan/2019:03:35:42 +0100] "GET /js/index.js HTTP/1.1" 200 134
::1 - - [14/Jan/2019:03:35:42 +0100] "GET /images/bld_logo_douane.png HTTP/1.1" 200 3621
::1 - - [14/Jan/2019:03:35:42 +0100] "GET /images/plaatje-fabriek.jpg HTTP/1.1" 200 52573
::1 - - [14/Jan/2019:03:35:42 +0100] "GET /images/TRUCK01.gif HTTP/1.1" 200 16123
::1 - - [14/Jan/2019:03:35:42 +0100] "GET /images/koning.jpg HTTP/1.1" 200 13439
::1 - - [14/Jan/2019:03:35:42 +0100] "GET /images/curator-legt-beslag-nederlandse-vorderingen-failliete-rederij.jpg HTTP/1.1" 200 50112
::1 - - [14/Jan/2019:03:35:42 +0100] "GET /images/china-customs-emblem.jpg HTTP/1.1" 200 196639
::1 - - [14/Jan/2019:03:35:42 +0100] "GET /images/scroll.png HTTP/1.1" 200 1100477
::1 - - [14/Jan/2019:03:35:42 +0100] "GET /favicon.ico HTTP/1.1" 200 199526
::1 - - [14/Jan/2019:03:35:45 +0100] "GET /multichain/publish.php?chain=1producent&from=1HPF4Mg8XrXRckVYp8EtbhjTT9Rq4BKpuVae6y&data=Geproduceerd HTTP/1.1" 302 158
::1 - - [14/Jan/2019:03:35:45 +0100] "GET / HTTP/1.1" 200 54405
::1 - - [14/Jan/2019:03:35:45 +0100] "GET / HTTP/1.1" 200 54405
::1 - - [14/Jan/2019:03:35:47 +0100] "GET /multichain/publish.php?chain=2transportChina&from=1VUnnop5pnvazj394zpg4LQbv8JLDVZMVSi6aK&data=Optransport HTTP/1.1" 302 158
::1 - - [14/Jan/2019:03:35:47 +0100] "GET / HTTP/1.1" 200 55328
::1 - - [14/Jan/2019:03:35:47 +0100] "GET / HTTP/1.1" 200 55328
::1 - - [14/Jan/2019:03:35:49 +0100] "GET /multichain/publish.php?chain=3douaneChina&from=1Nnyi1k9BNsD3cxduLQJKfuqGFpUrXbvHphSsg&data=Vrijgegeven HTTP/1.1" 302 158
::1 - - [14/Jan/2019:03:35:49 +0100] "GET / HTTP/1.1" 200 56255
::1 - - [14/Jan/2019:03:35:49 +0100] "GET / HTTP/1.1" 200 56255
::1 - - [14/Jan/2019:03:35:51 +0100] "GET /multichain/publish.php?chain=4rederij&from=1VMpR6T8a6RJa65rnwMTDxzuuUB3q6ky5H4ngn&data=Uitladen. HTTP/1.1" 302 158
::1 - - [14/Jan/2019:03:35:51 +0100] "GET / HTTP/1.1" 200 57206
::1 - - [14/Jan/2019:03:35:51 +0100] "GET / HTTP/1.1" 200 57206
::1 - - [14/Jan/2019:03:35:54 +0100] "GET /multichain/publish.php?chain=5douaneNL&from=1UrE97pwtzrnW4gQsznwy9MZYPtSMCmiFUPhp&data=Vrijgegeven. HTTP/1.1" 302 158
::1 - - [14/Jan/2019:03:35:54 +0100] "GET / HTTP/1.1" 200 58124
::1 - - [14/Jan/2019:03:35:54 +0100] "GET / HTTP/1.1" 200 58124
::1 - - [14/Jan/2019:03:35:55 +0100] "GET /multichain/publish.php?chain=6transportNL&from=1SxsHbNAprcGGBny4RYmB84jVjDp7DGUU3s7HF&data=Op%20transport%20naar%20klant. HTTP/1.1" 302 158
::1 - - [14/Jan/2019:03:35:55 +0100] "GET / HTTP/1.1" 200 59046
::1 - - [14/Jan/2019:03:35:55 +0100] "GET / HTTP/1.1" 200 59046
::1 - - [14/Jan/2019:03:35:57 +0100] "GET /multichain/publish.php?chain=6transportNL&from=1SxsHbNAprcGGBny4RYmB84jVjDp7DGUU3s7HF&data=Afgeleverd. HTTP/1.1" 302 158
::1 - - [14/Jan/2019:03:35:57 +0100] "GET / HTTP/1.1" 200 59983
::1 - - [14/Jan/2019:03:35:57 +0100] "GET / HTTP/1.1" 200 59983
::1 - - [14/Jan/2019:03:35:58 +0100] "GET /multichain/publish.php?chain=0admin&from=1TYyC6y2pGxDqShvnXXaGnEkRerDjB1kHvWmC1&data=endoforder. HTTP/1.1" 302 158
::1 - - [14/Jan/2019:03:35:58 +0100] "GET /multichain/publish.php?chain=0admin&from=1TYyC6y2pGxDqShvnXXaGnEkRerDjB1kHvWmC1&data=Genisis%20Block. HTTP/1.1" 302 158
::1 - - [14/Jan/2019:03:35:58 +0100] "GET / HTTP/1.1" 200 7740
::1 - - [14/Jan/2019:03:35:58 +0100] "GET / HTTP/1.1" 200 7740
::1 - - [14/Jan/2019:03:36:00 +0100] "GET / HTTP/1.1" 200 7740
::1 - - [14/Jan/2019:03:36:01 +0100] "GET /css/styleCLI.css HTTP/1.1" 200 84612
::1 - - [14/Jan/2019:03:36:01 +0100] "GET /js/jquery-3.1.1.min.js HTTP/1.1" 200 117764
::1 - - [14/Jan/2019:03:36:01 +0100] "GET /js/keyboard.js HTTP/1.1" 200 28989
::1 - - [14/Jan/2019:03:36:01 +0100] "GET /js/wcwidth.js HTTP/1.1" 200 68743
::1 - - [14/Jan/2019:03:36:01 +0100] "GET /js/jquery.mousewheel-min.js HTTP/1.1" 200 1323
::1 - - [14/Jan/2019:03:36:01 +0100] "GET /js/jquery.terminal.min.js HTTP/1.1" 200 141557
::1 - - [14/Jan/2019:03:36:01 +0100] "GET /js/jquery-ui.min.js HTTP/1.1" 200 319410
::1 - - [14/Jan/2019:03:36:01 +0100] "GET /js/WZjbgq.js HTTP/1.1" 200 1438
::1 - - [14/Jan/2019:03:36:01 +0100] "GET /js/index.js HTTP/1.1" 200 134
::1 - - [14/Jan/2019:03:36:01 +0100] "GET /js/DemoScript/ProcesVerschil.js HTTP/1.1" 200 11407
::1 - - [14/Jan/2019:03:36:01 +0100] "GET /images/TRUCK01.gif HTTP/1.1" 200 16123
::1 - - [14/Jan/2019:03:36:01 +0100] "GET /images/plaatje-fabriek.jpg HTTP/1.1" 200 52573
::1 - - [14/Jan/2019:03:36:01 +0100] "GET /images/koning.jpg HTTP/1.1" 200 13439
::1 - - [14/Jan/2019:03:36:01 +0100] "GET /images/china-customs-emblem.jpg HTTP/1.1" 200 196639
::1 - - [14/Jan/2019:03:36:01 +0100] "GET /images/bld_logo_douane.png HTTP/1.1" 200 3621
::1 - - [14/Jan/2019:03:36:01 +0100] "GET /images/curator-legt-beslag-nederlandse-vorderingen-failliete-rederij.jpg HTTP/1.1" 200 50112
::1 - - [14/Jan/2019:03:36:01 +0100] "GET /images/scroll.png HTTP/1.1" 200 1100477
::1 - - [14/Jan/2019:03:36:01 +0100] "GET /favicon.ico HTTP/1.1" 200 199526
::1 - - [14/Jan/2019:03:36:04 +0100] "GET /multichain/publish.php?chain=1producent&from=1HPF4Mg8XrXRckVYp8EtbhjTT9Rq4BKpuVae6y&data=Geproduceerd HTTP/1.1" 302 158
::1 - - [14/Jan/2019:03:36:04 +0100] "GET / HTTP/1.1" 200 7740
::1 - - [14/Jan/2019:03:36:04 +0100] "GET / HTTP/1.1" 200 7740
::1 - - [14/Jan/2019:03:36:06 +0100] "GET /multichain/publish.php?chain=2transportChina&from=1VUnnop5pnvazj394zpg4LQbv8JLDVZMVSi6aK&data=Optransport HTTP/1.1" 302 158
::1 - - [14/Jan/2019:03:36:06 +0100] "GET / HTTP/1.1" 200 8663
::1 - - [14/Jan/2019:03:36:06 +0100] "GET / HTTP/1.1" 200 8663
::1 - - [14/Jan/2019:03:36:08 +0100] "GET /multichain/publish.php?chain=3douaneChina&from=1Nnyi1k9BNsD3cxduLQJKfuqGFpUrXbvHphSsg&data=Vrijgegeven HTTP/1.1" 302 158
::1 - - [14/Jan/2019:03:36:08 +0100] "GET / HTTP/1.1" 200 9590
::1 - - [14/Jan/2019:03:36:08 +0100] "GET / HTTP/1.1" 200 9590
::1 - - [14/Jan/2019:03:36:09 +0100] "GET /multichain/publish.php?chain=4rederij&from=1VMpR6T8a6RJa65rnwMTDxzuuUB3q6ky5H4ngn&data=Uitladen. HTTP/1.1" 302 158
::1 - - [14/Jan/2019:03:36:09 +0100] "GET / HTTP/1.1" 200 10514
::1 - - [14/Jan/2019:03:36:09 +0100] "GET / HTTP/1.1" 200 10514
::1 - - [14/Jan/2019:03:36:11 +0100] "GET /multichain/publish.php?chain=5douaneNL&from=1UrE97pwtzrnW4gQsznwy9MZYPtSMCmiFUPhp&data=Vrijgegeven. HTTP/1.1" 302 158
::1 - - [14/Jan/2019:03:36:11 +0100] "GET / HTTP/1.1" 200 11432
::1 - - [14/Jan/2019:03:36:11 +0100] "GET / HTTP/1.1" 200 11432
::1 - - [14/Jan/2019:03:36:13 +0100] "GET /multichain/publish.php?chain=6transportNL&from=1SxsHbNAprcGGBny4RYmB84jVjDp7DGUU3s7HF&data=Op%20transport%20naar%20klant. HTTP/1.1" 302 158
::1 - - [14/Jan/2019:03:36:13 +0100] "GET / HTTP/1.1" 200 12354
::1 - - [14/Jan/2019:03:36:13 +0100] "GET / HTTP/1.1" 200 12354
::1 - - [14/Jan/2019:03:36:14 +0100] "GET /multichain/publish.php?chain=6transportNL&from=1SxsHbNAprcGGBny4RYmB84jVjDp7DGUU3s7HF&data=Afgeleverd. HTTP/1.1" 302 158
::1 - - [14/Jan/2019:03:36:17 +0100] "GET /multichain/publish.php?chain=0admin&from=1TYyC6y2pGxDqShvnXXaGnEkRerDjB1kHvWmC1&data=Genisis%20Block. HTTP/1.1" 302 158
::1 - - [14/Jan/2019:03:36:17 +0100] "GET /multichain/publish.php?chain=0admin&from=1TYyC6y2pGxDqShvnXXaGnEkRerDjB1kHvWmC1&data=endoforder. HTTP/1.1" 302 158
::1 - - [14/Jan/2019:03:36:14 +0100] "GET / HTTP/1.1" 200 13291
::1 - - [14/Jan/2019:03:36:14 +0100] "GET / HTTP/1.1" 200 13291
::1 - - [14/Jan/2019:03:36:17 +0100] "GET / HTTP/1.1" 200 6819
::1 - - [14/Jan/2019:03:36:17 +0100] "GET / HTTP/1.1" 200 6819
::1 - - [14/Jan/2019:03:36:25 +0100] "GET / HTTP/1.1" 200 6819
::1 - - [14/Jan/2019:03:36:27 +0100] "GET /css/styleCLI.css HTTP/1.1" 200 84612
::1 - - [14/Jan/2019:03:36:27 +0100] "GET /js/jquery-3.1.1.min.js HTTP/1.1" 200 117764
::1 - - [14/Jan/2019:03:36:27 +0100] "GET /js/wcwidth.js HTTP/1.1" 200 68743
::1 - - [14/Jan/2019:03:36:27 +0100] "GET /js/jquery-ui.min.js HTTP/1.1" 200 319410
::1 - - [14/Jan/2019:03:36:27 +0100] "GET /js/jquery.terminal.min.js HTTP/1.1" 200 141557
::1 - - [14/Jan/2019:03:36:27 +0100] "GET /js/DemoScript/ProcesVerschil.js HTTP/1.1" 200 11407
::1 - - [14/Jan/2019:03:36:27 +0100] "GET /js/jquery.mousewheel-min.js HTTP/1.1" 200 1323
::1 - - [14/Jan/2019:03:36:27 +0100] "GET /js/index.js HTTP/1.1" 200 134
::1 - - [14/Jan/2019:03:36:27 +0100] "GET /js/keyboard.js HTTP/1.1" 200 28989
::1 - - [14/Jan/2019:03:36:27 +0100] "GET /js/WZjbgq.js HTTP/1.1" 200 1438
::1 - - [14/Jan/2019:03:36:27 +0100] "GET /images/bld_logo_douane.png HTTP/1.1" 200 3621
::1 - - [14/Jan/2019:03:36:27 +0100] "GET /images/TRUCK01.gif HTTP/1.1" 200 16123
::1 - - [14/Jan/2019:03:36:27 +0100] "GET /images/koning.jpg HTTP/1.1" 200 13439
::1 - - [14/Jan/2019:03:36:27 +0100] "GET /images/china-customs-emblem.jpg HTTP/1.1" 200 196639
::1 - - [14/Jan/2019:03:36:27 +0100] "GET /images/plaatje-fabriek.jpg HTTP/1.1" 200 52573
::1 - - [14/Jan/2019:03:36:27 +0100] "GET /images/curator-legt-beslag-nederlandse-vorderingen-failliete-rederij.jpg HTTP/1.1" 200 50112
::1 - - [14/Jan/2019:03:36:27 +0100] "GET /images/scroll.png HTTP/1.1" 200 1100477
::1 - - [14/Jan/2019:03:36:27 +0100] "GET /favicon.ico HTTP/1.1" 200 199526
